<testsuites id="" name="" tests="5" failures="5" skipped="0" errors="0" time="1.3307360000000001">
<testsuite name="phase1-smoke.spec.js" timestamp="2025-10-25T02:47:26.067Z" hostname="chromium" tests="5" failures="5" skipped="0" time="0.005" errors="0">
<testcase name="Phase 1 - Agent Autonomy Smoke › Landing page loads and shows services" classname="phase1-smoke.spec.js" time="0.001">
<failure message="phase1-smoke.spec.js:8:3 Landing page loads and shows services" type="FAILURE">
<![CDATA[  [chromium] › phase1-smoke.spec.js:8:3 › Phase 1 - Agent Autonomy Smoke › Landing page loads and shows services 

    Error: browserType.launch: Executable doesn't exist at /ms-playwright/chromium_headless_shell-1194/chrome-linux/headless_shell
    ╔══════════════════════════════════════════════════════════════════════╗
    ║ Looks like Playwright Test or Playwright was just updated to 1.56.1. ║
    ║ Please update docker image as well.                                  ║
    ║ -  current: mcr.microsoft.com/playwright:v1.44.0-jammy               ║
    ║ - required: mcr.microsoft.com/playwright:v1.56.1-jammy               ║
    ║                                                                      ║
    ║ <3 Playwright Team                                                   ║
    ╚══════════════════════════════════════════════════════════════════════╝

    attachment #1: trace (application/zip) ─────────────────────────────────────────────────────────
    ../test-results/phase1-smoke-Phase-1---Age-8bc7b-ge-loads-and-shows-services-chromium/trace.zip
    Usage:

        npx playwright show-trace ../test-results/phase1-smoke-Phase-1---Age-8bc7b-ge-loads-and-shows-services-chromium/trace.zip

    ────────────────────────────────────────────────────────────────────────────────────────────────
]]>
</failure>
<system-out>
<![CDATA[
[[ATTACHMENT|../test-results/phase1-smoke-Phase-1---Age-8bc7b-ge-loads-and-shows-services-chromium/trace.zip]]
]]>
</system-out>
</testcase>
<testcase name="Phase 1 - Agent Autonomy Smoke › Grafana UI loads over TLS" classname="phase1-smoke.spec.js" time="0.001">
<failure message="phase1-smoke.spec.js:27:3 Grafana UI loads over TLS" type="FAILURE">
<![CDATA[  [chromium] › phase1-smoke.spec.js:27:3 › Phase 1 - Agent Autonomy Smoke › Grafana UI loads over TLS 

    Error: browserType.launch: Executable doesn't exist at /ms-playwright/chromium_headless_shell-1194/chrome-linux/headless_shell
    ╔══════════════════════════════════════════════════════════════════════╗
    ║ Looks like Playwright Test or Playwright was just updated to 1.56.1. ║
    ║ Please update docker image as well.                                  ║
    ║ -  current: mcr.microsoft.com/playwright:v1.44.0-jammy               ║
    ║ - required: mcr.microsoft.com/playwright:v1.56.1-jammy               ║
    ║                                                                      ║
    ║ <3 Playwright Team                                                   ║
    ╚══════════════════════════════════════════════════════════════════════╝

    attachment #1: trace (application/zip) ─────────────────────────────────────────────────────────
    ../test-results/phase1-smoke-Phase-1---Age-dd93b-e-Grafana-UI-loads-over-TLS-chromium/trace.zip
    Usage:

        npx playwright show-trace ../test-results/phase1-smoke-Phase-1---Age-dd93b-e-Grafana-UI-loads-over-TLS-chromium/trace.zip

    ────────────────────────────────────────────────────────────────────────────────────────────────
]]>
</failure>
<system-out>
<![CDATA[
[[ATTACHMENT|../test-results/phase1-smoke-Phase-1---Age-dd93b-e-Grafana-UI-loads-over-TLS-chromium/trace.zip]]
]]>
</system-out>
</testcase>
<testcase name="Phase 1 - Agent Autonomy Smoke › Traefik dashboard loads" classname="phase1-smoke.spec.js" time="0.001">
<failure message="phase1-smoke.spec.js:51:3 Traefik dashboard loads" type="FAILURE">
<![CDATA[  [chromium] › phase1-smoke.spec.js:51:3 › Phase 1 - Agent Autonomy Smoke › Traefik dashboard loads 

    Error: browserType.launch: Executable doesn't exist at /ms-playwright/chromium_headless_shell-1194/chrome-linux/headless_shell
    ╔══════════════════════════════════════════════════════════════════════╗
    ║ Looks like Playwright Test or Playwright was just updated to 1.56.1. ║
    ║ Please update docker image as well.                                  ║
    ║ -  current: mcr.microsoft.com/playwright:v1.44.0-jammy               ║
    ║ - required: mcr.microsoft.com/playwright:v1.56.1-jammy               ║
    ║                                                                      ║
    ║ <3 Playwright Team                                                   ║
    ╚══════════════════════════════════════════════════════════════════════╝

    attachment #1: trace (application/zip) ─────────────────────────────────────────────────────────
    ../test-results/phase1-smoke-Phase-1---Age-3dd06-oke-Traefik-dashboard-loads-chromium/trace.zip
    Usage:

        npx playwright show-trace ../test-results/phase1-smoke-Phase-1---Age-3dd06-oke-Traefik-dashboard-loads-chromium/trace.zip

    ────────────────────────────────────────────────────────────────────────────────────────────────
]]>
</failure>
<system-out>
<![CDATA[
[[ATTACHMENT|../test-results/phase1-smoke-Phase-1---Age-3dd06-oke-Traefik-dashboard-loads-chromium/trace.zip]]
]]>
</system-out>
</testcase>
<testcase name="Phase 1 - Agent Autonomy Smoke › Browserless UI is accessible" classname="phase1-smoke.spec.js" time="0.001">
<failure message="phase1-smoke.spec.js:64:3 Browserless UI is accessible" type="FAILURE">
<![CDATA[  [chromium] › phase1-smoke.spec.js:64:3 › Phase 1 - Agent Autonomy Smoke › Browserless UI is accessible 

    Error: browserType.launch: Executable doesn't exist at /ms-playwright/chromium_headless_shell-1194/chrome-linux/headless_shell
    ╔══════════════════════════════════════════════════════════════════════╗
    ║ Looks like Playwright Test or Playwright was just updated to 1.56.1. ║
    ║ Please update docker image as well.                                  ║
    ║ -  current: mcr.microsoft.com/playwright:v1.44.0-jammy               ║
    ║ - required: mcr.microsoft.com/playwright:v1.56.1-jammy               ║
    ║                                                                      ║
    ║ <3 Playwright Team                                                   ║
    ╚══════════════════════════════════════════════════════════════════════╝

    attachment #1: trace (application/zip) ─────────────────────────────────────────────────────────
    ../test-results/phase1-smoke-Phase-1---Age-c57a5-rowserless-UI-is-accessible-chromium/trace.zip
    Usage:

        npx playwright show-trace ../test-results/phase1-smoke-Phase-1---Age-c57a5-rowserless-UI-is-accessible-chromium/trace.zip

    ────────────────────────────────────────────────────────────────────────────────────────────────
]]>
</failure>
<system-out>
<![CDATA[
[[ATTACHMENT|../test-results/phase1-smoke-Phase-1---Age-c57a5-rowserless-UI-is-accessible-chromium/trace.zip]]
]]>
</system-out>
</testcase>
<testcase name="Phase 1 - Agent Autonomy Smoke › TLS certificate is trusted" classname="phase1-smoke.spec.js" time="0.001">
<failure message="phase1-smoke.spec.js:77:3 TLS certificate is trusted" type="FAILURE">
<![CDATA[  [chromium] › phase1-smoke.spec.js:77:3 › Phase 1 - Agent Autonomy Smoke › TLS certificate is trusted 

    Error: browserType.launch: Executable doesn't exist at /ms-playwright/chromium_headless_shell-1194/chrome-linux/headless_shell
    ╔══════════════════════════════════════════════════════════════════════╗
    ║ Looks like Playwright Test or Playwright was just updated to 1.56.1. ║
    ║ Please update docker image as well.                                  ║
    ║ -  current: mcr.microsoft.com/playwright:v1.44.0-jammy               ║
    ║ - required: mcr.microsoft.com/playwright:v1.56.1-jammy               ║
    ║                                                                      ║
    ║ <3 Playwright Team                                                   ║
    ╚══════════════════════════════════════════════════════════════════════╝

    attachment #1: trace (application/zip) ─────────────────────────────────────────────────────────
    ../test-results/phase1-smoke-Phase-1---Age-ebab7--TLS-certificate-is-trusted-chromium/trace.zip
    Usage:

        npx playwright show-trace ../test-results/phase1-smoke-Phase-1---Age-ebab7--TLS-certificate-is-trusted-chromium/trace.zip

    ────────────────────────────────────────────────────────────────────────────────────────────────
]]>
</failure>
<system-out>
<![CDATA[
[[ATTACHMENT|../test-results/phase1-smoke-Phase-1---Age-ebab7--TLS-certificate-is-trusted-chromium/trace.zip]]
]]>
</system-out>
</testcase>
</testsuite>
</testsuites>