<testsuites id="" name="" tests="24" failures="0" skipped="0" errors="0" time="347.789493">
<testsuite name="forward-auth-services.spec.ts" timestamp="2026-03-12T02:51:39.865Z" hostname="chromium" tests="16" failures="0" skipped="0" time="141.882" errors="0">
<testcase name="Forward Auth Services - SSO Flow › JupyterHub - Access with forward auth" classname="forward-auth-services.spec.ts" time="7.092">
<system-out>
<![CDATA[
🧪 Testing JupyterHub forward auth
   → JupyterHub REQUEST: GET https://jupyterhub.datamancy.net/hub/home
   ← JupyterHub RESPONSE: 302 https://jupyterhub.datamancy.net/hub/home
   → JupyterHub REQUEST: GET https://jupyterhub.datamancy.net/hub/login?next=%2Fhub%2Fhome
   ← JupyterHub RESPONSE: 302 https://jupyterhub.datamancy.net/hub/login?next=%2Fhub%2Fhome
   → JupyterHub REQUEST: GET https://jupyterhub.datamancy.net/hub/home
   ← JupyterHub RESPONSE: 200 https://jupyterhub.datamancy.net/hub/home

   📊 JupyterHub Main Page Telemetry:
   ═══════════════════════════════════════════════════════════════════════════
   URL:   https://jupyterhub.datamancy.net/hub/home
   Title: "JupyterHub"
   ───────────────────────────────────────────────────────────────────────────
   Inputs (1):
     [0] type="text" name="" id=""
         placeholder="name-your-server"
         aria-label="server name"
         class="new-server-name form-control"
   Buttons (5):
     [0] type="button" text=""
         aria-label="Toggle navigation"
     [1] type="" text=""
         id="dark-theme-toggle"
         aria-label="Toggle dark mode"
     [2] type="button" text="Add New Server"
     [3] type="button" text=""
         aria-label="Close"
     [4] type="button" text="OK"
   Links (showing first 10 of 5):
     [1] "Home" → /hub/home
     [2] "Token" → /hub/token
     [3] "Logout" → /hub/logout
     [4] "Start
          My Server" → /hub/spawn/plmmmvg3sxi6s
   Headings (3):
     <h1> JupyterHub home page
     <h2> Named Servers
     <h2> Error
   ARIA Roles: button(3), dialog(1)
   ═══════════════════════════════════════════════════════════════════════════

   📸 Screenshot saved: jupyterhub-authenticated.png
   👀 REVIEW SCREENSHOT to verify correct page loaded
   ✅ JupyterHub accessed successfully

]]>
</system-out>
</testcase>
<testcase name="Forward Auth Services - SSO Flow › Open-WebUI - Access with forward auth" classname="forward-auth-services.spec.ts" time="23.352">
<system-out>
<![CDATA[
🧪 Testing Open-WebUI forward auth
   → Open-WebUI REQUEST: GET https://open-webui.datamancy.net/
   ← Open-WebUI RESPONSE: 200 https://open-webui.datamancy.net/

   📊 Open-WebUI Main Page Telemetry:
   ═══════════════════════════════════════════════════════════════════════════
   URL:   https://open-webui.datamancy.net/
   Title: "Open WebUI"
   ───────────────────────────────────────────────────────────────────────────
   Inputs (2):
     [0] type="text" name="" id=""
         placeholder="Search"
         class="w-full rounded-r-xl py-1.5 pl-2.5 pr-4 text-sm bg-..."
     [1] type="file" name="" id=""
   Buttons (31):
     [0] type="" text=""
     [1] type="" text=""
     [2] type="" text=""
     [3] type="" text="All chats"
     [4] type="button" text="User"
         id="TlGLRAWl4G"
     [5] type="" text="User"
     [6] type="" text=""
         id="show-shortcuts-button"
     [7] type="button" text="?"
         id="9j2m--QqHN"
     [8] type="" text="?"
     [9] type="" text=""
         id="sidebar-toggle-button"
         aria-label="Toggle Sidebar"
     [10] type="button" text="qwen2.5-7b-instruct"
         id="model-selector-0-button"
         aria-label="Select a model"
     [11] type="" text=""
         aria-label="Add Model"
     [12] type="" text="Set as default"
     [13] type="" text=""
         aria-label="Controls"
     [14] type="" text=""
         id="new-chat-button"
         aria-label="New Chat"
     ... and 16 more
   Links (showing first 10 of 3):
     [0] "Update for the latest features and impro" → https://github.com/open-webui/open-webui/releases
     [1] "New Chat" → /
     [2] "Workspace" → /workspace
   ARIA Roles: textbox(1)
   ═══════════════════════════════════════════════════════════════════════════

   📸 Screenshot saved: open-webui-authenticated.jpeg
   👀 REVIEW SCREENSHOT to verify correct page loaded
   ✅ Open-WebUI accessed successfully

]]>
</system-out>
</testcase>
<testcase name="Forward Auth Services - SSO Flow › Prometheus - Access with forward auth" classname="forward-auth-services.spec.ts" time="20.652">
<system-out>
<![CDATA[
🧪 Testing Prometheus forward auth
   → Prometheus REQUEST: GET https://prometheus.datamancy.net/
   ← Prometheus RESPONSE: 302 https://prometheus.datamancy.net/
   → Prometheus REQUEST: GET https://prometheus.datamancy.net/query
   ← Prometheus RESPONSE: 200 https://prometheus.datamancy.net/query

   📊 Prometheus Main Page Telemetry:
   ═══════════════════════════════════════════════════════════════════════════
   URL:   https://prometheus.datamancy.net/query
   Title: "Prometheus Time Series Collection and Processing Server"
   ───────────────────────────────────────────────────────────────────────────
   Inputs (1):
     [0] type="hidden" name="" id=""
   Buttons (16):
     [0] type="button" text="Status"
         id="mantine-ze5jdrhm0-target"
     [1] type="button" text=""
         aria-label="Switch to light theme"
     [2] type="button" text=""
         id="mantine-1pzzbo8xb-target"
         aria-label="Settings"
     [3] type="button" text=""
     [4] type="button" text="Status"
         id="mantine-zspa4drsp-target"
     [5] type="button" text=""
         aria-label="Switch to light theme"
     [6] type="button" text=""
         id="mantine-uw88e9lzx-target"
         aria-label="Settings"
     [7] type="button" text=""
         id="mantine-ui92ccx3r-target"
         aria-label="Show query options"
     [8] type="button" text="Execute"
     [9] type="button" text="Table"
         id="mantine-r7mlmvsk2-tab-table"
     [10] type="button" text="Graph"
         id="mantine-r7mlmvsk2-tab-graph"
     [11] type="button" text="Explain"
         id="mantine-r7mlmvsk2-tab-explain"
     [12] type="button" text=""
         aria-label="Decrease time"
     [13] type="button" text="Evaluation time"
         id="mantine-bv7m833y1"
         aria-label="Evaluation time"
     [14] type="button" text=""
         aria-label="Increase time"
     ... and 1 more
   Links (showing first 10 of 7):
     [0] "PrometheusPrometheus" → /
     [1] "Query" → /query
     [2] "Alerts" → /alerts
     [4] "Query" → /query
     [5] "Alerts" → /alerts
   ARIA Roles: textbox(1), tablist(1), tab(3), tabpanel(3), alert(1)
   ═══════════════════════════════════════════════════════════════════════════

   📸 Screenshot saved: prometheus-authenticated.jpeg
   👀 REVIEW SCREENSHOT to verify correct page loaded
   ✅ Prometheus accessed successfully

]]>
</system-out>
</testcase>
<testcase name="Forward Auth Services - SSO Flow › Grafana - Logs home + Loki datasource" classname="forward-auth-services.spec.ts" time="26.163">
<system-out>
<![CDATA[
🧪 Testing Grafana forward auth
   → Grafana REQUEST: GET https://grafana.datamancy.net/
   ← Grafana RESPONSE: 200 https://grafana.datamancy.net/

   📊 Grafana Main Page Telemetry:
   ═══════════════════════════════════════════════════════════════════════════
   URL:   https://grafana.datamancy.net/?orgId=1&from=now-1h&to=now&timezone=browser&refresh=10s
   Title: "Grafana"
   ───────────────────────────────────────────────────────────────────────────
   Inputs: (none)
   Buttons (13):
     [0] type="" text=""
         id="mega-menu-toggle"
         aria-label="Open menu"
     [1] type="" text="Search or jump to..."
     [2] type="" text=""
         aria-label="Help"
     [3] type="" text=""
         aria-label="Enable kiosk mode"
     [4] type="" text=""
         aria-label="Profile"
     [5] type="button" text="Export"
     [6] type="button" text="Share"
     [7] type="button" text=""
         aria-label="share-dropdown-menu"
     [8] type="button" text="Last 1 hour"
         aria-label="Time range selected: Last 1 hour"
     [9] type="button" text=""
         aria-label="Zoom out time range"
     [10] type="" text="Refresh"
         aria-label="Refresh"
     [11] type="" text="10s"
         aria-label="Choose refresh time interval with current interval 10 seconds selected"
     [12] type="" text=""
         aria-label="Menu for panel with title All Logs"
   Links (showing first 10 of 1):
     [0] "Skip to main content" → #pageContent
   Headings (1):
     <h2> All Logs
   ═══════════════════════════════════════════════════════════════════════════

   ⚠️  Grafana returned 400 error - skipping UI check

]]>
</system-out>
</testcase>
<testcase name="Forward Auth Services - SSO Flow › Vaultwarden - Access with forward auth" classname="forward-auth-services.spec.ts" time="4.329">
<system-out>
<![CDATA[
🧪 Testing Vaultwarden (forward-auth) forward auth
   → Vaultwarden (forward-auth) REQUEST: GET https://vaultwarden.datamancy.net/
   ← Vaultwarden (forward-auth) RESPONSE: 302 https://vaultwarden.datamancy.net/
   → Vaultwarden (forward-auth) REQUEST: GET https://app.vaultwarden.datamancy.net/
   ← Vaultwarden (forward-auth) RESPONSE: 200 https://app.vaultwarden.datamancy.net/
   → Vaultwarden (forward-auth) REQUEST: GET https://app.vaultwarden.datamancy.net/identity/connect/authorize?client_id=web&redirect_uri=https%3A%2F%2Fapp.vaultwarden.datamancy.net%2Fsso-connector.html&response_type=code&scope=api%20offline_access&state=G52V5O40b2yVZn7wfPzMdbUNzeNCx02C6laqivJFAUXW09n3TH6KBDsLSbj5StZA_identifier=datamancy.net&code_challenge=vjv0GLfmKBVfQHob5Yxm5vgZ-x-Nyf4I4XgOYxzsSGI&code_challenge_method=S256&response_mode=query&domain_hint=datamancy.net&ssoToken=eyJ0eXAiOiJKV1QiLCJhbGciOiJSUzI1NiJ9.eyJuYmYiOjE3NzMyODM5NzgsImV4cCI6MTc3MzI4NDA5OCwiaXNzIjoiaHR0cHM6Ly9hcHAudmF1bHR3YXJkZW4uZGF0YW1hbmN5Lm5ldHxzc28iLCJzdWIiOiJ2YXVsdHdhcmRlbiJ9.IZoU_vVTNhMMKq93kVUKhOYv2MF0Cw5tnxbgbV0CP45yil_pXBuy12SMU1NU1AeE3mzKcEVpPFGPlk2eh_VnpoLLaaPRly1aa0GU0VIhU-bnCpGH2rSzDy_teQfPGTekXDqmti1XQrClB4WRsMrSJP8oA0EtHHAqFvF4YRn0R0J76u1xgE15a1pM1gk_FmYxbjLACtxb6D5-h_fKx0IySWrmKV5Aw_GJg_whPsJeYvdwiVRUiRVrxU3a9hHZniDmEI6vCRclXfFHdvv1NEXCCOCCPcCbt9pdT4NYdcCs9r4CHWPETD_VRSMPjkLGAjDLTNuFitRqnz9A78Q5CS7LyQ
   ← Vaultwarden (forward-auth) RESPONSE: 307 https://app.vaultwarden.datamancy.net/identity/connect/authorize?client_id=web&redirect_uri=https%3A%2F%2Fapp.vaultwarden.datamancy.net%2Fsso-connector.html&response_type=code&scope=api%20offline_access&state=G52V5O40b2yVZn7wfPzMdbUNzeNCx02C6laqivJFAUXW09n3TH6KBDsLSbj5StZA_identifier=datamancy.net&code_challenge=vjv0GLfmKBVfQHob5Yxm5vgZ-x-Nyf4I4XgOYxzsSGI&code_challenge_method=S256&response_mode=query&domain_hint=datamancy.net&ssoToken=eyJ0eXAiOiJKV1QiLCJhbGciOiJSUzI1NiJ9.eyJuYmYiOjE3NzMyODM5NzgsImV4cCI6MTc3MzI4NDA5OCwiaXNzIjoiaHR0cHM6Ly9hcHAudmF1bHR3YXJkZW4uZGF0YW1hbmN5Lm5ldHxzc28iLCJzdWIiOiJ2YXVsdHdhcmRlbiJ9.IZoU_vVTNhMMKq93kVUKhOYv2MF0Cw5tnxbgbV0CP45yil_pXBuy12SMU1NU1AeE3mzKcEVpPFGPlk2eh_VnpoLLaaPRly1aa0GU0VIhU-bnCpGH2rSzDy_teQfPGTekXDqmti1XQrClB4WRsMrSJP8oA0EtHHAqFvF4YRn0R0J76u1xgE15a1pM1gk_FmYxbjLACtxb6D5-h_fKx0IySWrmKV5Aw_GJg_whPsJeYvdwiVRUiRVrxU3a9hHZniDmEI6vCRclXfFHdvv1NEXCCOCCPcCbt9pdT4NYdcCs9r4CHWPETD_VRSMPjkLGAjDLTNuFitRqnz9A78Q5CS7LyQ
   → Vaultwarden (forward-auth) REQUEST: GET https://auth.datamancy.net/api/oidc/authorization?response_type=code&client_id=vaultwarden&state=RzUyVjVPNDBiMnlWWm43d2ZQek1kYlVOemVOQ3gwMkM2bGFxaXZKRkFVWFcwOW4zVEg2S0JEc0xTYmo1U3RaQV9pZGVudGlmaWVyPWRhdGFtYW5jeS5uZXQ%3D&redirect_uri=https%3A%2F%2Fapp.vaultwarden.datamancy.net%2Fidentity%2Fconnect%2Foidc-signin&scope=openid+openid+email+profile&code_challenge=vjv0GLfmKBVfQHob5Yxm5vgZ-x-Nyf4I4XgOYxzsSGI&code_challenge_method=S256&nonce=Ls7fHquEyJO2LV2sKXL-yg
   ← Vaultwarden (forward-auth) RESPONSE: 303 https://auth.datamancy.net/api/oidc/authorization?response_type=code&client_id=vaultwarden&state=RzUyVjVPNDBiMnlWWm43d2ZQek1kYlVOemVOQ3gwMkM2bGFxaXZKRkFVWFcwOW4zVEg2S0JEc0xTYmo1U3RaQV9pZGVudGlmaWVyPWRhdGFtYW5jeS5uZXQ%3D&redirect_uri=https%3A%2F%2Fapp.vaultwarden.datamancy.net%2Fidentity%2Fconnect%2Foidc-signin&scope=openid+openid+email+profile&code_challenge=vjv0GLfmKBVfQHob5Yxm5vgZ-x-Nyf4I4XgOYxzsSGI&code_challenge_method=S256&nonce=Ls7fHquEyJO2LV2sKXL-yg
   → Vaultwarden (forward-auth) REQUEST: GET https://app.vaultwarden.datamancy.net/identity/connect/oidc-signin?code=authelia_ac_-z-X4WyRdRzCRJfoOgZMzcQRtJJ4qr70VkPpzYMqG4U.YqjoNkm9JMbN5qKu3g5QLrFXI0fTFIOBsLvX0JEDVFM&iss=https%3A%2F%2Fauth.datamancy.net&scope=openid+email+profile&state=RzUyVjVPNDBiMnlWWm43d2ZQek1kYlVOemVOQ3gwMkM2bGFxaXZKRkFVWFcwOW4zVEg2S0JEc0xTYmo1U3RaQV9pZGVudGlmaWVyPWRhdGFtYW5jeS5uZXQ%3D
   ← Vaultwarden (forward-auth) RESPONSE: 307 https://app.vaultwarden.datamancy.net/identity/connect/oidc-signin?code=authelia_ac_-z-X4WyRdRzCRJfoOgZMzcQRtJJ4qr70VkPpzYMqG4U.YqjoNkm9JMbN5qKu3g5QLrFXI0fTFIOBsLvX0JEDVFM&iss=https%3A%2F%2Fauth.datamancy.net&scope=openid+email+profile&state=RzUyVjVPNDBiMnlWWm43d2ZQek1kYlVOemVOQ3gwMkM2bGFxaXZKRkFVWFcwOW4zVEg2S0JEc0xTYmo1U3RaQV9pZGVudGlmaWVyPWRhdGFtYW5jeS5uZXQ%3D
   → Vaultwarden (forward-auth) REQUEST: GET https://app.vaultwarden.datamancy.net/sso-connector.html?code=G52V5O40b2yVZn7wfPzMdbUNzeNCx02C6laqivJFAUXW09n3TH6KBDsLSbj5StZA_identifier%3Ddatamancy.net&state=G52V5O40b2yVZn7wfPzMdbUNzeNCx02C6laqivJFAUXW09n3TH6KBDsLSbj5StZA_identifier%3Ddatamancy.net&scope=api+offline_access&iss=https%3A%2F%2Fapp.vaultwarden.datamancy.net
   ← Vaultwarden (forward-auth) RESPONSE: 200 https://app.vaultwarden.datamancy.net/sso-connector.html?code=G52V5O40b2yVZn7wfPzMdbUNzeNCx02C6laqivJFAUXW09n3TH6KBDsLSbj5StZA_identifier%3Ddatamancy.net&state=G52V5O40b2yVZn7wfPzMdbUNzeNCx02C6laqivJFAUXW09n3TH6KBDsLSbj5StZA_identifier%3Ddatamancy.net&scope=api+offline_access&iss=https%3A%2F%2Fapp.vaultwarden.datamancy.net
   → Vaultwarden (forward-auth) REQUEST: GET https://app.vaultwarden.datamancy.net/
   ← Vaultwarden (forward-auth) RESPONSE: 200 https://app.vaultwarden.datamancy.net/

   📊 Vaultwarden (forward-auth) Main Page Telemetry:
   ═══════════════════════════════════════════════════════════════════════════
   URL:   https://app.vaultwarden.datamancy.net/#/set-initial-password?identifier=datamancy.net
   Title: "Vaultwarden Web"
   ───────────────────────────────────────────────────────────────────────────
   Inputs (4):
     [0] type="password" name="" id="input-password-form_new-password"
         class="[&:is(input,textarea):disabled]:tw-bg-secondary-10..."
     [1] type="password" name="" id="input-password-form_new-password-confirm"
         class="[&:is(input,textarea):disabled]:tw-bg-secondary-10..."
     [2] type="text" name="" id="input-password-form_new-password-hint"
         class="[&:is(input,textarea):disabled]:tw-bg-secondary-10..."
     [3] type="checkbox" name="" id="input-password-form_check-for-breaches"
         class="!-tw-mb-1 !-tw-ms-1 !-tw-mt-1 !tw-p-1 [&:not(:inde..."
   Buttons (4):
     [0] type="button" text="Loading"
         aria-label="Toggle visibility"
     [1] type="button" text="Loading"
         aria-label="Toggle visibility"
     [2] type="submit" text="Create account"
     [3] type="button" text="Log out"
   Links (showing first 10 of 1):
     [0] "Vaultwarden" → #/
   Headings (2):
     <h1> Join organization
     <h1> Join organization
   ARIA Roles: progressbar(1), status(1)
   ═══════════════════════════════════════════════════════════════════════════

   📸 Screenshot saved: vaultwarden-forward-auth--authenticated.jpeg
   👀 REVIEW SCREENSHOT to verify correct page loaded
   ✅ Vaultwarden (forward-auth) accessed successfully

]]>
</system-out>
</testcase>
<testcase name="Forward Auth Services - SSO Flow › Homepage - Access with forward auth" classname="forward-auth-services.spec.ts" time="2.127">
<system-out>
<![CDATA[
🧪 Testing Homepage forward auth
   → Homepage REQUEST: GET https://homepage.datamancy.net/
   ← Homepage RESPONSE: 200 https://homepage.datamancy.net/

   📊 Homepage Main Page Telemetry:
   ═══════════════════════════════════════════════════════════════════════════
   URL:   https://homepage.datamancy.net/
   Title: "Homepage"
   ───────────────────────────────────────────────────────────────────────────
   Inputs (2):
     [0] type="text" name="" id=""
         placeholder="Search"
         class="rounded-md w-full p-4 m-0 border-0 border-b border..."
     [1] type="text" name="" id="headlessui-combobox-input-:r6:"
         placeholder="Search…"
         class=" overflow-hidden w-full h-full rounded-md text-xs ..."
   Buttons (8):
     [0] type="button" text="search.search"
         id="headlessui-listbox-button-:r9:"
     [1] type="button" text="AI & Development"
         id="headlessui-disclosure-button-:ra:"
     [2] type="button" text="Collaboration"
         id="headlessui-disclosure-button-:rc:"
     [3] type="button" text="Productivity"
         id="headlessui-disclosure-button-:re:"
     [4] type="button" text="Social & Media"
         id="headlessui-disclosure-button-:rg:"
     [5] type="button" text="System"
         id="headlessui-disclosure-button-:ri:"
     [6] type="button" text="Data & Analytics"
         id="headlessui-disclosure-button-:rk:"
     [7] type="button" text="Change color"
         id="headlessui-popover-button-:r2:"
   Links (showing first 10 of 30):
     [1] "Open WebUIAI Chat Interface" → https://open-webui.datamancy.net
     [3] "JupyterHubData Science Notebooks" → https://jupyterhub.datamancy.net
     [5] "ForgejoGit Repository" → https://forgejo.datamancy.net
     [7] "BookStackDocumentation Wiki" → https://bookstack.datamancy.net
     [9] "PlankaProject Management" → https://planka.datamancy.net
   Headings (6):
     <h2> AI & Development
     <h2> Collaboration
     <h2> Productivity
     <h2> Social & Media
     <h2> System
     <h2> Data & Analytics
   ARIA Roles: dialog(1), combobox(1), img(1), alert(1)
   ═══════════════════════════════════════════════════════════════════════════

   📸 Screenshot saved: homepage-authenticated.jpeg
   👀 REVIEW SCREENSHOT to verify correct page loaded
   ✅ Homepage accessed successfully

]]>
</system-out>
</testcase>
<testcase name="Forward Auth Services - SSO Flow › Ntfy - Access with forward auth" classname="forward-auth-services.spec.ts" time="1.094">
<system-out>
<![CDATA[
🧪 Testing Ntfy forward auth
   → Ntfy REQUEST: GET https://ntfy.datamancy.net/
   ← Ntfy RESPONSE: 200 https://ntfy.datamancy.net/

   📊 Ntfy Main Page Telemetry:
   ═══════════════════════════════════════════════════════════════════════════
   URL:   https://ntfy.datamancy.net/
   Title: "ntfy"
   ───────────────────────────────────────────────────────────────────────────
   Inputs: (none)
   Buttons (1):
     [0] type="button" text=""
         aria-label="Show menu"
   Links (showing first 10 of 2):
     [0] "website" → https://ntfy.sh
     [1] "documentation" → https://ntfy.sh/docs
   ARIA Roles: navigation(1), menubar(2), alert(2), button(10)
   ═══════════════════════════════════════════════════════════════════════════

   📸 Screenshot saved: ntfy-authenticated.jpeg
   👀 REVIEW SCREENSHOT to verify correct page loaded
   ✅ Ntfy accessed successfully

]]>
</system-out>
</testcase>
<testcase name="Forward Auth Services - SSO Flow › qBittorrent - Access with forward auth" classname="forward-auth-services.spec.ts" time="1.34">
<system-out>
<![CDATA[
🧪 Testing qBittorrent forward auth
   → qBittorrent REQUEST: GET https://qbittorrent.datamancy.net/
   ← qBittorrent RESPONSE: 200 https://qbittorrent.datamancy.net/

   📊 qBittorrent Main Page Telemetry:
   ═══════════════════════════════════════════════════════════════════════════
   URL:   https://qbittorrent.datamancy.net/
   Title: "qBittorrent v5.1.4 WebUI"
   ───────────────────────────────────────────────────────────────────────────
   Inputs (10):
     [0] type="search" name="" id="torrentsFilterInput"
         placeholder="Filter torrent list..."
         aria-label="Filter torrent list..."
     [1] type="checkbox" name="" id="torrentsFilterRegexBox"
     [2] type="search" name="" id="torrentFilesFilterInput"
         placeholder="Filter files..."
         aria-label="Filter files..."
     [3] type="checkbox" name="" id="tristate_cb"
     [4] type="search" name="" id="searchPattern"
         placeholder="Search"
         aria-label="Search"
         class="searchInputField"
     [5] type="search" name="" id="searchInNameFilter"
         placeholder="Filter"
         aria-label="Filter"
     [6] type="number" name="" id="searchMinSeedsFilter"
     [7] type="number" name="" id="searchMaxSeedsFilter"
     [8] type="number" name="" id="searchMinSizeFilter"
     [9] type="number" name="" id="searchMaxSizeFilter"
   Buttons (8):
     [0] type="button" text=""
         aria-label="Collapse/expand category"
     [1] type="button" text=""
         aria-label="Collapse/expand category"
     [2] type="button" text="Search"
         id="startSearchButton"
     [3] type="button" text="Search plugins..."
         id="manageSearchPlugins"
     [4] type="button" text="New subscription"
         id="newSubscriptionButton"
     [5] type="button" text="Mark items read"
         id="markReadButton"
     [6] type="button" text="Update all"
         id="updateAllButton"
     [7] type="button" text="RSS Downloader..."
         id="rssDownloaderButton"
   Links (showing first 10 of 217):
     [0] "File" → 
     [1] "Add Torrent File..." → 
     [2] "Add Torrent Link..." → 
     [3] "Logout" → 
     [4] "Exit qBittorrent" → 
     [5] "Edit" → 
     [6] "Start" → 
     [7] "Stop" → 
     [8] "Start All" → 
     [9] "Stop All" → 
   Headings (4):
     <h2> Panel
     <h2> Panel
     <h2> Search
     <h2> Rss
   ═══════════════════════════════════════════════════════════════════════════

   📸 Screenshot saved: qbittorrent-authenticated.jpeg
   👀 REVIEW SCREENSHOT to verify correct page loaded
   ✅ qBittorrent accessed successfully

]]>
</system-out>
</testcase>
<testcase name="Forward Auth Services - SSO Flow › Roundcube - Access with forward auth" classname="forward-auth-services.spec.ts" time="5.378">
<system-out>
<![CDATA[
🧪 Testing Roundcube forward auth
   → Roundcube REQUEST: GET https://roundcube.datamancy.net/
   ← Roundcube RESPONSE: 200 https://roundcube.datamancy.net/
   → Roundcube REQUEST: POST https://roundcube.datamancy.net/?_task=login
   ← Roundcube RESPONSE: 302 https://roundcube.datamancy.net/?_task=login
   → Roundcube REQUEST: GET https://roundcube.datamancy.net/?_task=mail&_token=ZfjNAKDtfVBU20Du8acrWarkaql0TJlL
   ← Roundcube RESPONSE: 200 https://roundcube.datamancy.net/?_task=mail&_token=ZfjNAKDtfVBU20Du8acrWarkaql0TJlL
   → Roundcube REQUEST: GET https://roundcube.datamancy.net/skins/elastic/watermark.html
   ← Roundcube RESPONSE: 200 https://roundcube.datamancy.net/skins/elastic/watermark.html

   📊 Roundcube Main Page Telemetry:
   ═══════════════════════════════════════════════════════════════════════════
   URL:   https://roundcube.datamancy.net/?_task=mail&_mbox=INBOX
   Title: "Roundcube Webmail :: Inbox"
   ───────────────────────────────────────────────────────────────────────────
   Inputs (19):
     [0] type="text" name="_q" id="mailsearchform"
         placeholder="Search..."
         class="no-bs"
     [1] type="checkbox" name="s_mods[]" id="icochk1"
         class="form-check-input custom-control-input"
     [2] type="checkbox" name="s_mods[]" id="icochk2"
         class="form-check-input custom-control-input"
     [3] type="checkbox" name="s_mods[]" id="icochk3"
         class="form-check-input custom-control-input"
     [4] type="checkbox" name="s_mods[]" id="icochk4"
         class="form-check-input custom-control-input"
     [5] type="checkbox" name="s_mods[]" id="icochk5"
         class="form-check-input custom-control-input"
     [6] type="checkbox" name="s_mods[]" id="icochk6"
         class="form-check-input custom-control-input"
     [7] type="checkbox" name="s_mods[]" id="icochk7"
         class="form-check-input custom-control-input"
     [8] type="checkbox" name="s_mods[]" id="icochk8"
         class="form-check-input custom-control-input"
     [9] type="checkbox" name="s_mods[]" id="icochk9"
         class="form-check-input custom-control-input"
     [10] type="checkbox" name="s_mods[]" id="icochk10"
         class="form-check-input custom-control-input"
     [11] type="checkbox" name="s_mods[]" id="icochk11"
         class="form-check-input custom-control-input"
     [12] type="checkbox" name="" id=""
     [13] type="checkbox" name="" id=""
     [14] type="text" name="" id=""
         class="form-control rcpagejumper"
     [15] type="hidden" name="_token" id=""
     [16] type="hidden" name="_unlock" id=""
     [17] type="hidden" name="_framed" id=""
     [18] type="file" name="_file[]" id="uploadformInput"
         class="form-control custom-file-input"
   Buttons (1):
     [0] type="button" text="Search"
   Links (showing first 10 of 96):
     [0] "Close" → 
     [1] "Compose" → /?_task=mail&_action=compose
     [2] "Mail" → /?_task=mail
     [3] "Contacts" → /?_task=addressbook
     [4] "Settings" → /?_task=settings
     [5] "Dark mode" → #
     [6] "About" → #
     [7] "Logout" → /?_task=logout
     [8] "Back" → #back
     [9] "Actions" → #
   Headings (18):
     <h2> Application tasks
     <h1> Mail
     <h2> Email folder selection
     <h2> Email search input
     <h3> Search modifiers
     <h2> Email Messages Listing
     <h2> Application toolbar
     <h3> Forwarding options
     <h3> Reply-all options
     <h3> More message actions
     <h3> Mark selected messages as...
     <h2> Message preview
     <h3> Drag-n-Drop action menu
     <h3> Folder actions menu
     <h3> List selection menu
     <h3> Threads listing menu
     <h3> Message list display and sorting options
     <h2> Message Download Options Menu
   ARIA Roles: navigation(2), button(62), tree(1), treeitem(5), menuitem(47), search(1), presentation(1), toolbar(2), menu(9), dialog(1), alert(1)
   ═══════════════════════════════════════════════════════════════════════════

   📸 Screenshot saved: roundcube-authenticated.jpeg
   👀 REVIEW SCREENSHOT to verify correct page loaded
   ✅ Roundcube accessed successfully

]]>
</system-out>
</testcase>
<testcase name="Forward Auth Services - SSO Flow › Home Assistant - Access with forward auth" classname="forward-auth-services.spec.ts" time="10.526">
<system-out>
<![CDATA[
🧪 Testing Home Assistant forward auth
   → Home Assistant REQUEST: GET https://homeassistant.datamancy.net/
   ← Home Assistant RESPONSE: 302 https://homeassistant.datamancy.net/
   → Home Assistant REQUEST: GET https://homeassistant.datamancy.net/onboarding.html
   ← Home Assistant RESPONSE: 200 https://homeassistant.datamancy.net/onboarding.html
   → Home Assistant REQUEST: GET https://homeassistant.datamancy.net/auth/authorize?response_type=code&redirect_uri=https%3A%2F%2Fhomeassistant.datamancy.net%2Fonboarding.html%3Fauth_callback%3D1&client_id=https%3A%2F%2Fhomeassistant.datamancy.net%2F&state=eyJoYXNzVXJsIjoiaHR0cHM6Ly9ob21lYXNzaXN0YW50LmRhdGFtYW5jeS5uZXQiLCJjbGllbnRJZCI6Imh0dHBzOi8vaG9tZWFzc2lzdGFudC5kYXRhbWFuY3kubmV0LyJ9
   ← Home Assistant RESPONSE: 200 https://homeassistant.datamancy.net/auth/authorize?response_type=code&redirect_uri=https%3A%2F%2Fhomeassistant.datamancy.net%2Fonboarding.html%3Fauth_callback%3D1&client_id=https%3A%2F%2Fhomeassistant.datamancy.net%2F&state=eyJoYXNzVXJsIjoiaHR0cHM6Ly9ob21lYXNzaXN0YW50LmRhdGFtYW5jeS5uZXQiLCJjbGllbnRJZCI6Imh0dHBzOi8vaG9tZWFzc2lzdGFudC5kYXRhbWFuY3kubmV0LyJ9
   → Home Assistant REQUEST: GET https://homeassistant.datamancy.net/auth/authorize?response_type=code&redirect_uri=https%3A%2F%2Fhomeassistant.datamancy.net%2Fonboarding.html%3Fauth_callback%3D1&client_id=https%3A%2F%2Fhomeassistant.datamancy.net%2F&state=eyJoYXNzVXJsIjoiaHR0cHM6Ly9ob21lYXNzaXN0YW50LmRhdGFtYW5jeS5uZXQiLCJjbGllbnRJZCI6Imh0dHBzOi8vaG9tZWFzc2lzdGFudC5kYXRhbWFuY3kubmV0LyJ9
   ← Home Assistant RESPONSE: 200 https://homeassistant.datamancy.net/auth/authorize?response_type=code&redirect_uri=https%3A%2F%2Fhomeassistant.datamancy.net%2Fonboarding.html%3Fauth_callback%3D1&client_id=https%3A%2F%2Fhomeassistant.datamancy.net%2F&state=eyJoYXNzVXJsIjoiaHR0cHM6Ly9ob21lYXNzaXN0YW50LmRhdGFtYW5jeS5uZXQiLCJjbGllbnRJZCI6Imh0dHBzOi8vaG9tZWFzc2lzdGFudC5kYXRhbWFuY3kubmV0LyJ9

   📊 Home Assistant Main Page Telemetry:
   ═══════════════════════════════════════════════════════════════════════════
   URL:   https://homeassistant.datamancy.net/auth/authorize?response_type=code&redirect_uri=https%3A%2F%2Fhomeassistant.datamancy.net%2Fonboarding.html%3Fauth_callback%3D1&client_id=https%3A%2F%2Fhomeassistant.datamancy.net%2F&state=eyJoYXNzVXJsIjoiaHR0cHM6Ly9ob21lYXNzaXN0YW50LmRhdGFtYW5jeS5uZXQiLCJjbGllbnRJZCI6Imh0dHBzOi8vaG9tZWFzc2lzdGFudC5kYXRhbWFuY3kubmV0LyJ9
   Title: "Home Assistant"
   ───────────────────────────────────────────────────────────────────────────
   Inputs (3):
     [0] type="text" name="username" id=""
         class="mdc-text-field__input"
     [1] type="password" name="password" id=""
         class="mdc-text-field__input"
     [2] type="checkbox" name="" id=""
         aria-label="Keep me logged in"
         class="mdc-checkbox__native-control"
   Buttons (4):
     [0] type="" text=""
         aria-label="Show password"
     [1] type="button" text=""
     [2] type="" text=""
         id="item"
     [3] type="button" text=""
   Links (showing first 10 of 2):
     [0] "Forgot password?" → https://www.home-assistant.io/docs/locked_out/#for
   Headings (2):
     <h1> Welcome home!
     <h3> Or log in with
   ARIA Roles: img(5), button(2), listitem(1)
   ═══════════════════════════════════════════════════════════════════════════

   ⚠️  Home Assistant returned 400 error - skipping UI check

]]>
</system-out>
</testcase>
<testcase name="Forward Auth Services - SSO Flow › Kopia - Access with forward auth" classname="forward-auth-services.spec.ts" time="1.391">
<system-out>
<![CDATA[
🧪 Testing Kopia forward auth
   → Kopia REQUEST: GET https://kopia.datamancy.net/
   ← Kopia RESPONSE: 200 https://kopia.datamancy.net/

   📊 Kopia Main Page Telemetry:
   ═══════════════════════════════════════════════════════════════════════════
   URL:   https://kopia.datamancy.net/snapshots
   Title: "KopiaUI v0.22.3"
   ───────────────────────────────────────────────────────────────────────────
   Inputs: (none)
   Buttons (5):
     [0] type="button" text=""
         aria-label="Toggle navigation"
     [1] type="button" text="Local Snapshots"
         id="dropdown-basic"
     [2] type="button" text=""
     [3] type="button" text="Page Size: 10"
         id="react-aria8462932358-«r2»"
     [4] type="button" text=""
   Links (showing first 10 of 8):
     [1] "Snapshots" → /snapshots
     [2] "Policies" → /policies
     [3] "Tasks" → /tasks
     [4] "Repository" → /repo
     [5] "Preferences" → /preferences
     [6] "Repository in Filesystem: /app/repositor" → /repo
     [7] "New Snapshot" → /snapshots/new
   ARIA Roles: img(3), button(1)
   ═══════════════════════════════════════════════════════════════════════════

   📸 Screenshot saved: kopia-authenticated.jpeg
   👀 REVIEW SCREENSHOT to verify correct page loaded
   ✅ Kopia accessed successfully

]]>
</system-out>
</testcase>
<testcase name="Forward Auth Services - SSO Flow › LDAP Account Manager - Access with forward auth" classname="forward-auth-services.spec.ts" time="1.29">
<system-out>
<![CDATA[
🧪 Testing LDAP Account Manager forward auth
   → LDAP Account Manager REQUEST: GET https://lam.datamancy.net/lam/
   ← LDAP Account Manager RESPONSE: 200 https://lam.datamancy.net/lam/
   → LDAP Account Manager REQUEST: GET https://lam.datamancy.net/lam/templates/login.php
   ← LDAP Account Manager RESPONSE: 302 https://lam.datamancy.net/lam/templates/login.php
   → LDAP Account Manager REQUEST: GET https://lam.datamancy.net/lam/templates/main.php
   ← LDAP Account Manager RESPONSE: 302 https://lam.datamancy.net/lam/templates/main.php
   → LDAP Account Manager REQUEST: GET https://lam.datamancy.net/lam/templates/lists/list.php?type=user
   ← LDAP Account Manager RESPONSE: 200 https://lam.datamancy.net/lam/templates/lists/list.php?type=user

   📊 LDAP Account Manager Main Page Telemetry:
   ═══════════════════════════════════════════════════════════════════════════
   URL:   https://lam.datamancy.net/lam/templates/lists/list.php?type=user
   Title: "LDAP Account Manager (ldap:389)"
   ───────────────────────────────────────────────────────────────────────────
   Inputs (20):
     [0] type="checkbox" name="LU_AS" id="LU_AS"
     [1] type="checkbox" name="LU_TP" id="LU_TP"
     [2] type="hidden" name="saveConfigOptions" id="saveConfigOptions"
     [3] type="hidden" name="sec_token" id="sec_token"
     [4] type="submit" name="refresh" id="btn_refresh"
         class="smallImageButton align-middle"
     [5] type="checkbox" name="tableSelectAll" id="tableSelectAll"
         class="align-middle"
     [6] type="submit" name="apply_filter" id="btn_apply_filter"
         class="smallImageButton align-middle"
     [7] type="text" name="filteruid" id="filteruid"
         class="lam-autotrim"
     [8] type="text" name="filtergivenname" id="filtergivenname"
         class="lam-autotrim"
     [9] type="text" name="filtersn" id="filtersn"
         class="lam-autotrim"
     [10] type="text" name="filtermail" id="filtermail"
         class="lam-autotrim"
     [11] type="checkbox" name="dWlkPXBsbW1tc25vMGt1cHosb3U9dXNlcnMsZGM9ZGF0YW1hbmN5LGRjPW5ldA==" id="dWlkPXBsbW1tc25vMGt1cHosb3U9dXNlcnMsZGM9ZGF0YW1hbmN5LGRjPW5ldA=="
         class="accountBoxUnchecked align-middle"
     [12] type="submit" name="createPDF_dWlkPXBsbW1tc25vMGt1cHosb3U9dXNlcnMsZGM9ZGF0YW1hbmN5LGRjPW5ldA==" id="btn_createPDF_dWlkPXBsbW1tc25vMGt1cHosb3U9dXNlcnMsZGM9ZGF0YW1hbmN5LGRjPW5ldA"
         class="lam-margin-smaller smallImageButton align-middle"
     [13] type="checkbox" name="dWlkPXBsbW1tdGVsam4zeGUsb3U9dXNlcnMsZGM9ZGF0YW1hbmN5LGRjPW5ldA==" id="dWlkPXBsbW1tdGVsam4zeGUsb3U9dXNlcnMsZGM9ZGF0YW1hbmN5LGRjPW5ldA=="
         class="accountBoxUnchecked align-middle"
     [14] type="submit" name="createPDF_dWlkPXBsbW1tdGVsam4zeGUsb3U9dXNlcnMsZGM9ZGF0YW1hbmN5LGRjPW5ldA==" id="btn_createPDF_dWlkPXBsbW1tdGVsam4zeGUsb3U9dXNlcnMsZGM9ZGF0YW1hbmN5LGRjPW5ldA"
         class="lam-margin-smaller smallImageButton align-middle"
     [15] type="checkbox" name="dWlkPXBsbW1tdmczc3hpNnMsb3U9dXNlcnMsZGM9ZGF0YW1hbmN5LGRjPW5ldA==" id="dWlkPXBsbW1tdmczc3hpNnMsb3U9dXNlcnMsZGM9ZGF0YW1hbmN5LGRjPW5ldA=="
         class="accountBoxUnchecked align-middle"
     [16] type="submit" name="createPDF_dWlkPXBsbW1tdmczc3hpNnMsb3U9dXNlcnMsZGM9ZGF0YW1hbmN5LGRjPW5ldA==" id="btn_createPDF_dWlkPXBsbW1tdmczc3hpNnMsb3U9dXNlcnMsZGM9ZGF0YW1hbmN5LGRjPW5ldA"
         class="lam-margin-smaller smallImageButton align-middle"
     [17] type="checkbox" name="dWlkPXN5c2FkbWluLG91PXVzZXJzLGRjPWRhdGFtYW5jeSxkYz1uZXQ=" id="dWlkPXN5c2FkbWluLG91PXVzZXJzLGRjPWRhdGFtYW5jeSxkYz1uZXQ="
         class="accountBoxUnchecked align-middle"
     [18] type="submit" name="createPDF_dWlkPXN5c2FkbWluLG91PXVzZXJzLGRjPWRhdGFtYW5jeSxkYz1uZXQ=" id="btn_createPDF_dWlkPXN5c2FkbWluLG91PXVzZXJzLGRjPWRhdGFtYW5jeSxkYz1uZXQ"
         class="lam-margin-smaller smallImageButton align-middle"
     [19] type="hidden" name="sec_token" id=""
   Buttons (3):
     [0] type="submit" text="New user"
         id="btn_new"
     [1] type="submit" text="File upload"
         id="btn_fileUpload"
     [2] type="submit" text="Delete selected users"
         id="btn_del"
   Links (showing first 10 of 44):
     [0] "admin
                
                 " → https://www.ldap-account-manager.org/
     [2] "Accounts" → javascript:void(0);
     [3] "Users" → ../../templates/lists/list.php?type=user
     [4] "Groups" → ../../templates/lists/list.php?type=group
     [5] "Tools" → javascript:void(0);
     [6] "Profile editor" → ../../templates/profedit/profilemain.php
     [7] "PDF editor" → ../../templates/pdfedit/pdfmain.php
     [8] "File upload" → ../../templates/upload/masscreate.php
     [9] "Multi edit" → ../../templates/tools/multiEdit.php
   Headings (1):
     <h2> Users
   ═══════════════════════════════════════════════════════════════════════════

   📸 Screenshot saved: ldap-account-manager-authenticated.jpeg
   👀 REVIEW SCREENSHOT to verify correct page loaded
   ✅ LDAP Account Manager accessed successfully

]]>
</system-out>
</testcase>
<testcase name="Forward Auth Services - SSO Flow › LiteLLM - Access with forward auth" classname="forward-auth-services.spec.ts" time="12.585">
<system-out>
<![CDATA[
🧪 Testing LiteLLM forward auth
   → LiteLLM REQUEST: GET https://litellm.datamancy.net/
   ← LiteLLM RESPONSE: 200 https://litellm.datamancy.net/

   📊 LiteLLM Main Page Telemetry:
   ═══════════════════════════════════════════════════════════════════════════
   URL:   https://litellm.datamancy.net/
   Title: "LiteLLM API - Swagger UI"
   ───────────────────────────────────────────────────────────────────────────
   Inputs: (none)
   Buttons (2402):
     [0] type="" text="Authorize"
     [1] type="" text=""
     [2] type="" text="GET/modelsModel List"
     [3] type="" text=""
         aria-label="authorization button unlocked"
     [4] type="" text=""
         aria-label="get ​/models"
     [5] type="" text="GET/v1/modelsModel List"
     [6] type="" text=""
         aria-label="authorization button unlocked"
     [7] type="" text=""
         aria-label="get ​/v1​/models"
     [8] type="" text="GET/models/{model_id}Model Info"
     [9] type="" text=""
         aria-label="authorization button unlocked"
     [10] type="" text=""
         aria-label="get ​/models​/{model_id}"
     [11] type="" text="GET/v1/models/{model_id}Model Info"
     [12] type="" text=""
         aria-label="authorization button unlocked"
     [13] type="" text=""
         aria-label="get ​/v1​/models​/{model_id}"
     [14] type="" text="GET/v1/model/infoModel Info V1"
     ... and 2387 more
   Links (showing first 10 of 673):
     [0] "/openapi.json" → /openapi.json
     [1] "Customize Swagger Docs" → https://docs.litellm.ai/docs/proxy/enterprise#swag
     [2] "LiteLLM Admin Panel on /ui" → /ui
     [3] "Fallback Login" → /fallback/login
     [4] "LiteLLM Model Cost Map" → https://models.litellm.ai/
     [5] "LiteLLM Model Hub" → /ui/model_hub_table
     [6] "Docs" → https://docs.litellm.ai/docs/proxy/model_hub
     [7] "model management" → #/model%20management
     [8] "/models" → #/model%20management/model_list_models_get
     [9] "/v1/models" → #/model%20management/model_list_v1_models_get
   Headings (77):
     <h2> LiteLLM API 1.80.8 OAS 3.1
     <h3> model management
     <h3> chat/completions
     <h3> completions
     <h3> embeddings
     <h3> moderations
     <h3> audio
     <h3> assistants
     <h3> llm utils
     <h3> default
     <h3> responses
     <h3> batch
     <h3> public
     <h3> [beta] Agents
     <h3> [beta] MCP
     <h3> providers
     <h3> rerank
     <h3> ocr
     <h3> rag
     <h3> videos
     <h3> containers
     <h3> search
     <h3> images
     <h3> fine-tuning
     <h3> vector store management
     <h3> vector_store_files
     <h3> credential management
     <h3> Google AI Studio Pass-through
     <h3> pass-through
     <h3> Cohere Pass-through
     <h3> VLLM Pass-through
     <h3> Mistral Pass-through
     <h3> Milvus Pass-through
     <h3> Anthropic Pass-through
     <h3> Bedrock Pass-through
     <h3> AssemblyAI EU Pass-through
     <h3> AssemblyAI Pass-through
     <h3> Azure Pass-through
     <h3> Azure AI Pass-through
     <h3> Vertex AI Pass-through
     <h3> OpenAI Pass-through
     <h3> mcp
     <h3> [beta] Anthropic `/v1/messages`
     <h3> [beta] Anthropic Messages Token Counting
     <h3> [beta] Anthropic Skills API
     <h3> google genai endpoints
     <h3> Langfuse Pass-through
     <h3> health
     <h3> key management
     <h3> Internal User management
     <h3> Budget & Spend Tracking
     <h3> team management
     <h3> ✨ SCIM v2 (Enterprise Only)
     <h3> organization management
     <h3> Customer Management
     <h3> CloudZero
     <h3> caching
     <h3> Guardrails
     <h3> Search Tools
     <h3> Prompt Management
     <h3> prompts
     <h3> utils
     <h3> Logging Callbacks
     <h3> SSO Settings
     <h3> UI Theme Settings
     <h3> files
     <h3> budget management
     <h3> tag management
     <h3> Cost Tracking
     <h3> Router Settings
     <h3> Cache Settings
     <h3> user agent analytics
     <h3> email management
     <h3> Audit Logging
     <h3> [beta] A2A Agents
     <h3> Agents
     <h3> WebSocket
   ═══════════════════════════════════════════════════════════════════════════

   📸 Screenshot saved: litellm-authenticated.jpeg
   👀 REVIEW SCREENSHOT to verify correct page loaded
   ✅ LiteLLM accessed successfully

]]>
</system-out>
</testcase>
<testcase name="Forward Auth Services - SSO Flow › Radicale - Access with forward auth" classname="forward-auth-services.spec.ts" time="1.165">
<system-out>
<![CDATA[
🧪 Testing Radicale forward auth
   → Radicale REQUEST: GET https://radicale.datamancy.net/
   ← Radicale RESPONSE: 200 https://radicale.datamancy.net/

   📊 Radicale Main Page Telemetry:
   ═══════════════════════════════════════════════════════════════════════════
   URL:   https://radicale.datamancy.net/
   Title: "Radicale CalDAV/CardDAV"
   ───────────────────────────────────────────────────────────────────────────
   Inputs: (none)
   Buttons: (none)
   Links: (none)
   Headings (1):
     <h1> Radicale CalDAV/CardDAV
   ═══════════════════════════════════════════════════════════════════════════

   📸 Screenshot saved: radicale-authenticated.jpeg
   👀 REVIEW SCREENSHOT to verify correct page loaded
   ✅ Radicale accessed successfully

]]>
</system-out>
</testcase>
<testcase name="Forward Auth Services - SSO Flow › Vault - Access with forward auth" classname="forward-auth-services.spec.ts" time="5.285">
<system-out>
<![CDATA[
🧪 Testing Vault (Vaultwarden UI) forward auth
   → Vault (Vaultwarden UI) REQUEST: GET https://app.vaultwarden.datamancy.net/
   ← Vault (Vaultwarden UI) RESPONSE: 200 https://app.vaultwarden.datamancy.net/
   → Vault (Vaultwarden UI) REQUEST: GET https://app.vaultwarden.datamancy.net/identity/connect/authorize?client_id=web&redirect_uri=https%3A%2F%2Fapp.vaultwarden.datamancy.net%2Fsso-connector.html&response_type=code&scope=api%20offline_access&state=K3xYrxUmbYwSNWZJeenIZz4bWYFimtrDSZaY3cQ06ABNEqu8fS68fwsPzelmksng_identifier=datamancy.net&code_challenge=8Gp_Hq9BAX7NjWcRWMHVbeLs3S8uoc5nnFmjIxUPp6E&code_challenge_method=S256&response_mode=query&domain_hint=datamancy.net&ssoToken=eyJ0eXAiOiJKV1QiLCJhbGciOiJSUzI1NiJ9.eyJuYmYiOjE3NzMyODQwMjAsImV4cCI6MTc3MzI4NDE0MCwiaXNzIjoiaHR0cHM6Ly9hcHAudmF1bHR3YXJkZW4uZGF0YW1hbmN5Lm5ldHxzc28iLCJzdWIiOiJ2YXVsdHdhcmRlbiJ9.cO3pT9X6hPyiZgbWTANXLT0jKlCI9vyEVivlfA9HEwDhBms8CN27Q6sqA-kQaCKJwFmGY3f1dgnEvg80WuSgyRlRhxekD6iPhmkwC-dRnK88o7MUX_v3X79rA3c28nxpXvmVhEpDc4cHstERJDngQvHZkT7eyDJkahWrNOW9APTmF45aPtXHpG_iNLK4BOhmMuqiWvvLCu4Ay4CtVM59nt4lnK9-02KbkCgUTXlBgM2bCldzNWmIKsCuRV4-nu0JzqmvQwsE1BfL6naKEiB-P6WTZmLYktcXFDNKdPLC2wOLoYz3xKwcuhLSQ_AZPHIeGyLeLd95BSd74uFdmj2x-g
   ← Vault (Vaultwarden UI) RESPONSE: 307 https://app.vaultwarden.datamancy.net/identity/connect/authorize?client_id=web&redirect_uri=https%3A%2F%2Fapp.vaultwarden.datamancy.net%2Fsso-connector.html&response_type=code&scope=api%20offline_access&state=K3xYrxUmbYwSNWZJeenIZz4bWYFimtrDSZaY3cQ06ABNEqu8fS68fwsPzelmksng_identifier=datamancy.net&code_challenge=8Gp_Hq9BAX7NjWcRWMHVbeLs3S8uoc5nnFmjIxUPp6E&code_challenge_method=S256&response_mode=query&domain_hint=datamancy.net&ssoToken=eyJ0eXAiOiJKV1QiLCJhbGciOiJSUzI1NiJ9.eyJuYmYiOjE3NzMyODQwMjAsImV4cCI6MTc3MzI4NDE0MCwiaXNzIjoiaHR0cHM6Ly9hcHAudmF1bHR3YXJkZW4uZGF0YW1hbmN5Lm5ldHxzc28iLCJzdWIiOiJ2YXVsdHdhcmRlbiJ9.cO3pT9X6hPyiZgbWTANXLT0jKlCI9vyEVivlfA9HEwDhBms8CN27Q6sqA-kQaCKJwFmGY3f1dgnEvg80WuSgyRlRhxekD6iPhmkwC-dRnK88o7MUX_v3X79rA3c28nxpXvmVhEpDc4cHstERJDngQvHZkT7eyDJkahWrNOW9APTmF45aPtXHpG_iNLK4BOhmMuqiWvvLCu4Ay4CtVM59nt4lnK9-02KbkCgUTXlBgM2bCldzNWmIKsCuRV4-nu0JzqmvQwsE1BfL6naKEiB-P6WTZmLYktcXFDNKdPLC2wOLoYz3xKwcuhLSQ_AZPHIeGyLeLd95BSd74uFdmj2x-g
   → Vault (Vaultwarden UI) REQUEST: GET https://auth.datamancy.net/api/oidc/authorization?response_type=code&client_id=vaultwarden&state=SzN4WXJ4VW1iWXdTTldaSmVlbklaejRiV1lGaW10ckRTWmFZM2NRMDZBQk5FcXU4ZlM2OGZ3c1B6ZWxta3NuZ19pZGVudGlmaWVyPWRhdGFtYW5jeS5uZXQ%3D&redirect_uri=https%3A%2F%2Fapp.vaultwarden.datamancy.net%2Fidentity%2Fconnect%2Foidc-signin&scope=openid+openid+email+profile&code_challenge=8Gp_Hq9BAX7NjWcRWMHVbeLs3S8uoc5nnFmjIxUPp6E&code_challenge_method=S256&nonce=1RaU8Nd754TWg7SWaXCR8w
   ← Vault (Vaultwarden UI) RESPONSE: 303 https://auth.datamancy.net/api/oidc/authorization?response_type=code&client_id=vaultwarden&state=SzN4WXJ4VW1iWXdTTldaSmVlbklaejRiV1lGaW10ckRTWmFZM2NRMDZBQk5FcXU4ZlM2OGZ3c1B6ZWxta3NuZ19pZGVudGlmaWVyPWRhdGFtYW5jeS5uZXQ%3D&redirect_uri=https%3A%2F%2Fapp.vaultwarden.datamancy.net%2Fidentity%2Fconnect%2Foidc-signin&scope=openid+openid+email+profile&code_challenge=8Gp_Hq9BAX7NjWcRWMHVbeLs3S8uoc5nnFmjIxUPp6E&code_challenge_method=S256&nonce=1RaU8Nd754TWg7SWaXCR8w
   → Vault (Vaultwarden UI) REQUEST: GET https://app.vaultwarden.datamancy.net/identity/connect/oidc-signin?code=authelia_ac_STnNK2H1GX0eNCx5ijiPS2SVlhY3R3gASi0f7YwwrVQ.SjJDcTFSGQYqYADD_TKPSYO89L2Jx2Kkl5dhxyysjNE&iss=https%3A%2F%2Fauth.datamancy.net&scope=openid+email+profile&state=SzN4WXJ4VW1iWXdTTldaSmVlbklaejRiV1lGaW10ckRTWmFZM2NRMDZBQk5FcXU4ZlM2OGZ3c1B6ZWxta3NuZ19pZGVudGlmaWVyPWRhdGFtYW5jeS5uZXQ%3D
   ← Vault (Vaultwarden UI) RESPONSE: 307 https://app.vaultwarden.datamancy.net/identity/connect/oidc-signin?code=authelia_ac_STnNK2H1GX0eNCx5ijiPS2SVlhY3R3gASi0f7YwwrVQ.SjJDcTFSGQYqYADD_TKPSYO89L2Jx2Kkl5dhxyysjNE&iss=https%3A%2F%2Fauth.datamancy.net&scope=openid+email+profile&state=SzN4WXJ4VW1iWXdTTldaSmVlbklaejRiV1lGaW10ckRTWmFZM2NRMDZBQk5FcXU4ZlM2OGZ3c1B6ZWxta3NuZ19pZGVudGlmaWVyPWRhdGFtYW5jeS5uZXQ%3D
   → Vault (Vaultwarden UI) REQUEST: GET https://app.vaultwarden.datamancy.net/sso-connector.html?code=K3xYrxUmbYwSNWZJeenIZz4bWYFimtrDSZaY3cQ06ABNEqu8fS68fwsPzelmksng_identifier%3Ddatamancy.net&state=K3xYrxUmbYwSNWZJeenIZz4bWYFimtrDSZaY3cQ06ABNEqu8fS68fwsPzelmksng_identifier%3Ddatamancy.net&scope=api+offline_access&iss=https%3A%2F%2Fapp.vaultwarden.datamancy.net
   ← Vault (Vaultwarden UI) RESPONSE: 200 https://app.vaultwarden.datamancy.net/sso-connector.html?code=K3xYrxUmbYwSNWZJeenIZz4bWYFimtrDSZaY3cQ06ABNEqu8fS68fwsPzelmksng_identifier%3Ddatamancy.net&state=K3xYrxUmbYwSNWZJeenIZz4bWYFimtrDSZaY3cQ06ABNEqu8fS68fwsPzelmksng_identifier%3Ddatamancy.net&scope=api+offline_access&iss=https%3A%2F%2Fapp.vaultwarden.datamancy.net
   → Vault (Vaultwarden UI) REQUEST: GET https://app.vaultwarden.datamancy.net/
   ← Vault (Vaultwarden UI) RESPONSE: 200 https://app.vaultwarden.datamancy.net/

   📊 Vault (Vaultwarden UI) Main Page Telemetry:
   ═══════════════════════════════════════════════════════════════════════════
   URL:   https://app.vaultwarden.datamancy.net/#/set-initial-password?identifier=datamancy.net
   Title: "Vaultwarden Web"
   ───────────────────────────────────────────────────────────────────────────
   Inputs (4):
     [0] type="password" name="" id="input-password-form_new-password"
         class="[&:is(input,textarea):disabled]:tw-bg-secondary-10..."
     [1] type="password" name="" id="input-password-form_new-password-confirm"
         class="[&:is(input,textarea):disabled]:tw-bg-secondary-10..."
     [2] type="text" name="" id="input-password-form_new-password-hint"
         class="[&:is(input,textarea):disabled]:tw-bg-secondary-10..."
     [3] type="checkbox" name="" id="input-password-form_check-for-breaches"
         class="!-tw-mb-1 !-tw-ms-1 !-tw-mt-1 !tw-p-1 [&:not(:inde..."
   Buttons (4):
     [0] type="button" text="Loading"
         aria-label="Toggle visibility"
     [1] type="button" text="Loading"
         aria-label="Toggle visibility"
     [2] type="submit" text="Create account"
     [3] type="button" text="Log out"
   Links (showing first 10 of 1):
     [0] "Vaultwarden" → #/
   Headings (2):
     <h1> Join organization
     <h1> Join organization
   ARIA Roles: progressbar(1), status(1)
   ═══════════════════════════════════════════════════════════════════════════

   📸 Screenshot saved: vault-vaultwarden-ui--authenticated.jpeg
   👀 REVIEW SCREENSHOT to verify correct page loaded
   ✅ Vault (Vaultwarden UI) accessed successfully

]]>
</system-out>
</testcase>
<testcase name="Forward Auth - Session Persistence › Session works across multiple forward-auth services" classname="forward-auth-services.spec.ts" time="18.113">
<system-out>
<![CDATA[
🧪 Testing session persistence across services

   Visiting JupyterHub...
   ✅ JupyterHub accessed without re-auth

   Visiting Prometheus...
   ✅ Prometheus accessed without re-auth

   Visiting Homepage...
   ✅ Homepage accessed without re-auth

   ✅ Session persisted across all services

]]>
</system-out>
</testcase>
</testsuite>
<testsuite name="oidc-services.spec.ts" timestamp="2026-03-12T02:51:39.865Z" hostname="chromium" tests="8" failures="0" skipped="0" time="201.327" errors="0">
<testcase name="OIDC Services - SSO Flow › Grafana - OIDC login flow" classname="oidc-services.spec.ts" time="2.36">
<system-out>
<![CDATA[   → Grafana (forward-auth) REQUEST: GET https://grafana.datamancy.net/
   ← Grafana (forward-auth) RESPONSE: 302 https://grafana.datamancy.net/
   → Grafana (forward-auth) REQUEST: GET https://auth.datamancy.net/?rd=https%3A%2F%2Fgrafana.datamancy.net%2F&rm=GET
   ← Grafana (forward-auth) RESPONSE: 200 https://auth.datamancy.net/?rd=https%3A%2F%2Fgrafana.datamancy.net%2F&rm=GET

🔐 Logging in with Authelia as: plmmmvg3sxi6s

   📊 Authelia Login Page Telemetry:
   ═══════════════════════════════════════════════════════════════════════════
   URL:   https://auth.datamancy.net/?rd=https%3A%2F%2Fgrafana.datamancy.net%2F&rm=GET
   Title: ""
   ───────────────────────────────────────────────────────────────────────────
   Inputs: (none)
   Buttons: (none)
   Links: (none)
   ═══════════════════════════════════════════════════════════════════════════

   ✓ Username entered
   ✓ Password entered
   ✓ Submit clicked and auth response received
   ✓ Redirected to: https://auth.datamancy.net/?rd=https%3A%2F%2Fgrafana.datamancy.net%2F&rm=GET

   → Grafana (forward-auth) REQUEST: GET https://grafana.datamancy.net/
   ← Grafana (forward-auth) RESPONSE: 200 https://grafana.datamancy.net/
]]>
</system-out>
</testcase>
<testcase name="OIDC Services - SSO Flow › Mastodon - OIDC login flow" classname="oidc-services.spec.ts" time="40.796">
<system-out>
<![CDATA[
🧪 Testing Mastodon OIDC login
   → Mastodon REQUEST: GET https://mastodon.datamancy.net/
   ← Mastodon RESPONSE: 200 https://mastodon.datamancy.net/

   📊 Mastodon Login Page Telemetry:
   ═══════════════════════════════════════════════════════════════════════════
   URL:   https://mastodon.datamancy.net/
   Title: "Mastodon"
   ───────────────────────────────────────────────────────────────────────────
   Inputs: (none)
   Buttons: (none)
   Links: (none)
   Headings (1):
     <h1> Trending
   ARIA Roles: img(3), presentation(1), region(1), feed(1), progressbar(2)
   ═══════════════════════════════════════════════════════════════════════════


🔗 Initiating OIDC login with: Authelia

   📊 Service Login Page (pre-OIDC) Telemetry:
   ═══════════════════════════════════════════════════════════════════════════
   URL:   https://mastodon.datamancy.net/explore
   Title: "Trending - Mastodon"
   ───────────────────────────────────────────────────────────────────────────
   Inputs (2):
     [0] type="text" name="" id=""
         placeholder="Search"
         aria-label="Search"
         class="search__input"
     [1] type="text" name="" id=""
         placeholder="Search"
         aria-label="Search"
         class="search__input"
   Buttons (4):
     [0] type="button" text=""
     [1] type="" text="Trending"
     [2] type="button" text=""
     [3] type="" text=""
         aria-label="Menu"
   Links (showing first 10 of 18):
     [1] "‌‌ ‌" → /@undefined
     [2] "About" → /about
     [3] "Profiles directory" → /directory
     [4] "Privacy policy" → /privacy-policy
     [5] "About" → https://joinmastodon.org
     [6] "Get the app" → https://joinmastodon.org/apps
     [7] "Keyboard shortcuts" → /keyboard-shortcuts
     [8] "View source code" → https://github.com/mastodon/mastodon
     [9] "Posts" → /explore
   Headings (1):
     <h1> Trending
   ARIA Roles: img(3), presentation(1), region(1)
   ═══════════════════════════════════════════════════════════════════════════

   → Mastodon REQUEST: POST https://mastodon.datamancy.net/auth/auth/openid_connect
   ← Mastodon RESPONSE: 302 https://mastodon.datamancy.net/auth/auth/openid_connect
   → Mastodon REQUEST: GET https://auth.datamancy.net/api/oidc/authorization?client_id=mastodon&nonce=cd24a7973f92a04744887661708ac66d&redirect_uri=https%3A%2F%2Fmastodon.datamancy.net%2Fauth%2Fauth%2Fopenid_connect%2Fcallback&response_type=code&scope=openid%20profile%20email&state=75f2330eb6d609acc6c84a0001316bbc
   ← Mastodon RESPONSE: 302 https://auth.datamancy.net/api/oidc/authorization?client_id=mastodon&nonce=cd24a7973f92a04744887661708ac66d&redirect_uri=https%3A%2F%2Fmastodon.datamancy.net%2Fauth%2Fauth%2Fopenid_connect%2Fcallback&response_type=code&scope=openid%20profile%20email&state=75f2330eb6d609acc6c84a0001316bbc
   → Mastodon REQUEST: GET https://auth.datamancy.net/?flow=openid_connect&flow_id=5ab0690c-a61c-45f7-b59c-d178e6d36f49
   ← Mastodon RESPONSE: 200 https://auth.datamancy.net/?flow=openid_connect&flow_id=5ab0690c-a61c-45f7-b59c-d178e6d36f49
   ✓ Clicked OIDC link by href match
   ✓ Redirected to Authelia: https://auth.datamancy.net/?flow=openid_connect&flow_id=5ab0690c-a61c-45f7-b59c-d178e6d36f49


🔐 Logging in with Authelia as: plmmmvg3sxi6s

   📊 Authelia Login Page Telemetry:
   ═══════════════════════════════════════════════════════════════════════════
   URL:   https://auth.datamancy.net/?flow=openid_connect&flow_id=5ab0690c-a61c-45f7-b59c-d178e6d36f49
   Title: ""
   ───────────────────────────────────────────────────────────────────────────
   Inputs: (none)
   Buttons: (none)
   Links: (none)
   ═══════════════════════════════════════════════════════════════════════════

   ✓ Username entered
   ✓ Password entered
   ✓ Submit clicked and auth response received
   ✓ Redirected to: https://auth.datamancy.net/?flow=openid_connect&flow_id=5ab0690c-a61c-45f7-b59c-d178e6d36f49

🔍 Checking for OIDC consent screen...
   → Mastodon REQUEST: GET https://auth.datamancy.net/api/oidc/authorization?client_id=mastodon&consent_id=5ab0690c-a61c-45f7-b59c-d178e6d36f49&nonce=cd24a7973f92a04744887661708ac66d&redirect_uri=https%3A%2F%2Fmastodon.datamancy.net%2Fauth%2Fauth%2Fopenid_connect%2Fcallback&response_type=code&scope=openid+profile+email&state=75f2330eb6d609acc6c84a0001316bbc
   ← Mastodon RESPONSE: 303 https://auth.datamancy.net/api/oidc/authorization?client_id=mastodon&consent_id=5ab0690c-a61c-45f7-b59c-d178e6d36f49&nonce=cd24a7973f92a04744887661708ac66d&redirect_uri=https%3A%2F%2Fmastodon.datamancy.net%2Fauth%2Fauth%2Fopenid_connect%2Fcallback&response_type=code&scope=openid+profile+email&state=75f2330eb6d609acc6c84a0001316bbc
   → Mastodon REQUEST: GET https://mastodon.datamancy.net/auth/auth/openid_connect/callback?code=authelia_ac_IuKfWJ19ZjjMfdfz9ArXANkm0t87r7Mm8-oBq-shxGI.6Nsp2ILnNObnSHQwZNinBWhu6jU7tTbujUaL5jnz0-Y&iss=https%3A%2F%2Fauth.datamancy.net&scope=openid+profile+email&state=75f2330eb6d609acc6c84a0001316bbc

   📊 Post-Login (No Consent) Telemetry:
   ═══════════════════════════════════════════════════════════════════════════
   ← Mastodon RESPONSE: 302 https://mastodon.datamancy.net/auth/auth/openid_connect/callback?code=authelia_ac_IuKfWJ19ZjjMfdfz9ArXANkm0t87r7Mm8-oBq-shxGI.6Nsp2ILnNObnSHQwZNinBWhu6jU7tTbujUaL5jnz0-Y&iss=https%3A%2F%2Fauth.datamancy.net&scope=openid+profile+email&state=75f2330eb6d609acc6c84a0001316bbc
   → Mastodon REQUEST: GET https://mastodon.datamancy.net/
   ← Mastodon RESPONSE: 200 https://mastodon.datamancy.net/
   ═══════════════════════════════════════════════════════════════════════════

   ℹ️  No consent screen (already granted or not required)


   📊 Mastodon Dashboard Telemetry:
   ═══════════════════════════════════════════════════════════════════════════
   URL:   https://mastodon.datamancy.net/start/follows
   Title: "Follow people to get started - Mastodon"
   ───────────────────────────────────────────────────────────────────────────
   Inputs (3):
     [0] type="text" name="" id=""
         placeholder="Search or paste URL"
         aria-label="Search or paste URL"
         class="search__input"
     [1] type="file" name="file-upload-input" id=""
     [2] type="search" name="" id=""
         placeholder="Search"
   Buttons (12):
     [0] type="button" text=""
     [1] type="button" text="Public, anyone can quote"
     [2] type="button" text="English"
     [3] type="button" text=""
         aria-label="Add images, a video or an audio file"
     [4] type="button" text=""
         aria-label="Add a poll"
     [5] type="button" text=""
         aria-label="Add content warning"
     [6] type="button" text=""
         aria-label="Insert emoji"
     [7] type="submit" text="Post"
     [8] type="" text=""
         aria-label="Back"
     [9] type="" text="Follow people to get started"
     [10] type="" text="More"
     [11] type="" text=""
         aria-label="Menu"
   Links (showing first 10 of 27):
     [0] "Test User plmmmvg3sxi6s @plmmmvg3sxi6s" → /@plmmmvg3sxi6s
     [1] "About" → /about
     [2] "Profiles directory" → /directory
     [3] "Privacy policy" → /privacy-policy
     [4] "About" → https://joinmastodon.org
     [5] "Get the app" → https://joinmastodon.org/apps
     [6] "Keyboard shortcuts" → /keyboard-shortcuts
     [7] "View source code" → https://github.com/mastodon/mastodon
     [8] "Done" → /home
     [9] "Mastodon" → /
   Headings (1):
     <h1> Follow people to get started
   ARIA Roles: img(2), region(1)
   ═══════════════════════════════════════════════════════════════════════════

   📸 Screenshot saved: mastodon-oidc-authenticated.jpg
   👀 REVIEW SCREENSHOT to verify correct page loaded
   ✅ Mastodon OIDC login successful

]]>
</system-out>
<system-err>
<![CDATA[   ⚠️  Telemetry extraction error: Error: page.title: Execution context was destroyed, most likely because of a navigation
]]>
</system-err>
</testcase>
<testcase name="OIDC Services - SSO Flow › Forgejo - OIDC login flow" classname="oidc-services.spec.ts" time="20.997">
<system-out>
<![CDATA[
🧪 Testing Forgejo OIDC login
   → Forgejo REQUEST: GET https://forgejo.datamancy.net/
   ← Forgejo RESPONSE: 200 https://forgejo.datamancy.net/

   📊 Forgejo Login Page Telemetry:
   ═══════════════════════════════════════════════════════════════════════════
   URL:   https://forgejo.datamancy.net/
   Title: "Forgejo: Beyond coding. We forge."
   ───────────────────────────────────────────────────────────────────────────
   Inputs: (none)
   Buttons (1):
     [0] type="" text=""
         id="navbar-expand-toggle"
         aria-label="Toggle menu"
   Links (showing first 10 of 43):
     [1] "Explore" → /explore/repos
     [2] "Help" → https://forgejo.org/docs/latest/
     [3] "Sign in" → /user/login?redirect_to=%2f
     [4] "run the binary" → https://forgejo.org/download/#installation-from-bi
     [5] "Docker" → https://forgejo.org/download/#container-image
     [6] "packaged" → https://forgejo.org/download
     [7] "Forgejo" → https://forgejo.org/download
     [8] "contributing" → https://codeberg.org/forgejo/forgejo
     [9] "Powered by Forgejo" → https://forgejo.org
   Headings (6):
     <h1> Forgejo: Beyond coding. We forge.
     <h2> A painless, self-hosted Git service
     <h1> Easy to install
     <h1> Cross-platform
     <h1> Lightweight
     <h1> Open Source
   ARIA Roles: main(1), group(2), contentinfo(1), menu(1), (1), menuitem(31)
   ═══════════════════════════════════════════════════════════════════════════


🔗 Initiating OIDC login with: Authelia

   📊 Service Login Page (pre-OIDC) Telemetry:
   ═══════════════════════════════════════════════════════════════════════════
   URL:   https://forgejo.datamancy.net/
   Title: "Forgejo: Beyond coding. We forge."
   ───────────────────────────────────────────────────────────────────────────
   Inputs: (none)
   Buttons (1):
     [0] type="" text=""
         id="navbar-expand-toggle"
         aria-label="Toggle menu"
   Links (showing first 10 of 43):
     [1] "Explore" → /explore/repos
     [2] "Help" → https://forgejo.org/docs/latest/
     [3] "Sign in" → /user/login?redirect_to=%2f
     [4] "run the binary" → https://forgejo.org/download/#installation-from-bi
     [5] "Docker" → https://forgejo.org/download/#container-image
     [6] "packaged" → https://forgejo.org/download
     [7] "Forgejo" → https://forgejo.org/download
     [8] "contributing" → https://codeberg.org/forgejo/forgejo
     [9] "Powered by Forgejo" → https://forgejo.org
   Headings (6):
     <h1> Forgejo: Beyond coding. We forge.
     <h2> A painless, self-hosted Git service
     <h1> Easy to install
     <h1> Cross-platform
     <h1> Lightweight
     <h1> Open Source
   ARIA Roles: main(1), group(2), contentinfo(1), menu(1), (1), menuitem(31)
   ═══════════════════════════════════════════════════════════════════════════


🔗 Initiating OIDC login with: OpenID

   📊 Service Login Page (pre-OIDC) Telemetry:
   ═══════════════════════════════════════════════════════════════════════════
   URL:   https://forgejo.datamancy.net/
   Title: "Forgejo: Beyond coding. We forge."
   ───────────────────────────────────────────────────────────────────────────
   Inputs: (none)
   Buttons (1):
     [0] type="" text=""
         id="navbar-expand-toggle"
         aria-label="Toggle menu"
   Links (showing first 10 of 43):
     [1] "Explore" → /explore/repos
     [2] "Help" → https://forgejo.org/docs/latest/
     [3] "Sign in" → /user/login?redirect_to=%2f
     [4] "run the binary" → https://forgejo.org/download/#installation-from-bi
     [5] "Docker" → https://forgejo.org/download/#container-image
     [6] "packaged" → https://forgejo.org/download
     [7] "Forgejo" → https://forgejo.org/download
     [8] "contributing" → https://codeberg.org/forgejo/forgejo
     [9] "Powered by Forgejo" → https://forgejo.org
   Headings (6):
     <h1> Forgejo: Beyond coding. We forge.
     <h2> A painless, self-hosted Git service
     <h1> Easy to install
     <h1> Cross-platform
     <h1> Lightweight
     <h1> Open Source
   ARIA Roles: main(1), group(2), contentinfo(1), menu(1), (1), menuitem(31)
   ═══════════════════════════════════════════════════════════════════════════


🔗 Initiating OIDC login with: OpenID Connect

   📊 Service Login Page (pre-OIDC) Telemetry:
   ═══════════════════════════════════════════════════════════════════════════
   URL:   https://forgejo.datamancy.net/
   Title: "Forgejo: Beyond coding. We forge."
   ───────────────────────────────────────────────────────────────────────────
   Inputs: (none)
   Buttons (1):
     [0] type="" text=""
         id="navbar-expand-toggle"
         aria-label="Toggle menu"
   Links (showing first 10 of 43):
     [1] "Explore" → /explore/repos
     [2] "Help" → https://forgejo.org/docs/latest/
     [3] "Sign in" → /user/login?redirect_to=%2f
     [4] "run the binary" → https://forgejo.org/download/#installation-from-bi
     [5] "Docker" → https://forgejo.org/download/#container-image
     [6] "packaged" → https://forgejo.org/download
     [7] "Forgejo" → https://forgejo.org/download
     [8] "contributing" → https://codeberg.org/forgejo/forgejo
     [9] "Powered by Forgejo" → https://forgejo.org
   Headings (6):
     <h1> Forgejo: Beyond coding. We forge.
     <h2> A painless, self-hosted Git service
     <h1> Easy to install
     <h1> Cross-platform
     <h1> Lightweight
     <h1> Open Source
   ARIA Roles: main(1), group(2), contentinfo(1), menu(1), (1), menuitem(31)
   ═══════════════════════════════════════════════════════════════════════════


🔗 Initiating OIDC login with: OIDC

   📊 Service Login Page (pre-OIDC) Telemetry:
   ═══════════════════════════════════════════════════════════════════════════
   URL:   https://forgejo.datamancy.net/
   Title: "Forgejo: Beyond coding. We forge."
   ───────────────────────────────────────────────────────────────────────────
   Inputs: (none)
   Buttons (1):
     [0] type="" text=""
         id="navbar-expand-toggle"
         aria-label="Toggle menu"
   Links (showing first 10 of 43):
     [1] "Explore" → /explore/repos
     [2] "Help" → https://forgejo.org/docs/latest/
     [3] "Sign in" → /user/login?redirect_to=%2f
     [4] "run the binary" → https://forgejo.org/download/#installation-from-bi
     [5] "Docker" → https://forgejo.org/download/#container-image
     [6] "packaged" → https://forgejo.org/download
     [7] "Forgejo" → https://forgejo.org/download
     [8] "contributing" → https://codeberg.org/forgejo/forgejo
     [9] "Powered by Forgejo" → https://forgejo.org
   Headings (6):
     <h1> Forgejo: Beyond coding. We forge.
     <h2> A painless, self-hosted Git service
     <h1> Easy to install
     <h1> Cross-platform
     <h1> Lightweight
     <h1> Open Source
   ARIA Roles: main(1), group(2), contentinfo(1), menu(1), (1), menuitem(31)
   ═══════════════════════════════════════════════════════════════════════════

   ℹ️  OIDC button not found - attempting to reach login screen...
   → Forgejo REQUEST: GET https://forgejo.datamancy.net/user/login?redirect_to=%2f
   ← Forgejo RESPONSE: 200 https://forgejo.datamancy.net/user/login?redirect_to=%2f

   📊 Forgejo Login Page (post-nav) Telemetry:
   ═══════════════════════════════════════════════════════════════════════════
   URL:   https://forgejo.datamancy.net/user/login?redirect_to=%2f
   Title: "Sign in - Forgejo: Beyond coding. We forge."
   ───────────────────────────────────────────────────────────────────────────
   Inputs (3):
     [0] type="text" name="user_name" id="user_name"
     [1] type="password" name="password" id="password"
     [2] type="checkbox" name="remember" id="_aria_auto_id_0"
   Buttons (2):
     [0] type="" text=""
         id="navbar-expand-toggle"
         aria-label="Toggle menu"
     [1] type="" text="Sign in"
   Links (showing first 10 of 41):
     [1] "Explore" → /explore/repos
     [2] "Help" → https://forgejo.org/docs/latest/
     [3] "Sign in" → /user/login
     [4] "Sign in with Authelia" → /user/oauth2/Authelia
     [5] "Proceed with OpenID" → /user/login/openid
     [6] "Forgot password?" → /user/forgot_password
     [7] "Powered by Forgejo" → https://forgejo.org
     [8] "Bahasa Indonesia" → 
     [9] "Dansk" → 
   ARIA Roles: main(1), group(2), contentinfo(1), menu(1), (1), menuitem(31)
   ═══════════════════════════════════════════════════════════════════════════


🔗 Initiating OIDC login with: Authelia

   📊 Service Login Page (pre-OIDC) Telemetry:
   ═══════════════════════════════════════════════════════════════════════════
   URL:   https://forgejo.datamancy.net/user/login?redirect_to=%2f
   Title: "Sign in - Forgejo: Beyond coding. We forge."
   ───────────────────────────────────────────────────────────────────────────
   Inputs (3):
     [0] type="text" name="user_name" id="user_name"
     [1] type="password" name="password" id="password"
     [2] type="checkbox" name="remember" id="_aria_auto_id_0"
   Buttons (2):
     [0] type="" text=""
         id="navbar-expand-toggle"
         aria-label="Toggle menu"
     [1] type="" text="Sign in"
   Links (showing first 10 of 41):
     [1] "Explore" → /explore/repos
     [2] "Help" → https://forgejo.org/docs/latest/
     [3] "Sign in" → /user/login
     [4] "Sign in with Authelia" → /user/oauth2/Authelia
     [5] "Proceed with OpenID" → /user/login/openid
     [6] "Forgot password?" → /user/forgot_password
     [7] "Powered by Forgejo" → https://forgejo.org
     [8] "Bahasa Indonesia" → 
     [9] "Dansk" → 
   ARIA Roles: main(1), group(2), contentinfo(1), menu(1), (1), menuitem(31)
   ═══════════════════════════════════════════════════════════════════════════

   → Forgejo REQUEST: GET https://forgejo.datamancy.net/user/oauth2/Authelia
   ← Forgejo RESPONSE: 307 https://forgejo.datamancy.net/user/oauth2/Authelia
   → Forgejo REQUEST: GET https://auth.datamancy.net/api/oidc/authorization?client_id=forgejo&redirect_uri=https%3A%2F%2Fforgejo.datamancy.net%2Fuser%2Foauth2%2FAuthelia%2Fcallback&response_type=code&scope=openid+profile+email+groups&state=f72cb3c9-15c6-4928-a753-d705b7b852cd&code_challenge=oepqS_bpLh7Pj0nWGj7Fg2WsrUWMG-YFvGxG_Q17gbI&code_challenge_method=S256
   ← Forgejo RESPONSE: 302 https://auth.datamancy.net/api/oidc/authorization?client_id=forgejo&redirect_uri=https%3A%2F%2Fforgejo.datamancy.net%2Fuser%2Foauth2%2FAuthelia%2Fcallback&response_type=code&scope=openid+profile+email+groups&state=f72cb3c9-15c6-4928-a753-d705b7b852cd&code_challenge=oepqS_bpLh7Pj0nWGj7Fg2WsrUWMG-YFvGxG_Q17gbI&code_challenge_method=S256
   → Forgejo REQUEST: GET https://auth.datamancy.net/?flow=openid_connect&flow_id=efcb88c3-a664-4492-9b82-b5e3557214f3
   ← Forgejo RESPONSE: 200 https://auth.datamancy.net/?flow=openid_connect&flow_id=efcb88c3-a664-4492-9b82-b5e3557214f3
   ✓ Clicked OIDC button: Authelia
   ✓ Redirected to Authelia: https://auth.datamancy.net/?flow=openid_connect&flow_id=efcb88c3-a664-4492-9b82-b5e3557214f3


🔐 Logging in with Authelia as: plmmmvg3sxi6s

   📊 Authelia Login Page Telemetry:
   ═══════════════════════════════════════════════════════════════════════════
   URL:   https://auth.datamancy.net/?flow=openid_connect&flow_id=efcb88c3-a664-4492-9b82-b5e3557214f3
   Title: ""
   ───────────────────────────────────────────────────────────────────────────
   Inputs: (none)
   Buttons: (none)
   Links: (none)
   ═══════════════════════════════════════════════════════════════════════════

   ✓ Username entered
   ✓ Password entered
   ✓ Submit clicked and auth response received
   ✓ Redirected to: https://auth.datamancy.net/?flow=openid_connect&flow_id=efcb88c3-a664-4492-9b82-b5e3557214f3

🔍 Checking for OIDC consent screen...
   → Forgejo REQUEST: GET https://auth.datamancy.net/api/oidc/authorization?client_id=forgejo&code_challenge=oepqS_bpLh7Pj0nWGj7Fg2WsrUWMG-YFvGxG_Q17gbI&code_challenge_method=S256&consent_id=efcb88c3-a664-4492-9b82-b5e3557214f3&redirect_uri=https%3A%2F%2Fforgejo.datamancy.net%2Fuser%2Foauth2%2FAuthelia%2Fcallback&response_type=code&scope=openid+profile+email+groups&state=f72cb3c9-15c6-4928-a753-d705b7b852cd
   ← Forgejo RESPONSE: 302 https://auth.datamancy.net/api/oidc/authorization?client_id=forgejo&code_challenge=oepqS_bpLh7Pj0nWGj7Fg2WsrUWMG-YFvGxG_Q17gbI&code_challenge_method=S256&consent_id=efcb88c3-a664-4492-9b82-b5e3557214f3&redirect_uri=https%3A%2F%2Fforgejo.datamancy.net%2Fuser%2Foauth2%2FAuthelia%2Fcallback&response_type=code&scope=openid+profile+email+groups&state=f72cb3c9-15c6-4928-a753-d705b7b852cd
   → Forgejo REQUEST: GET https://auth.datamancy.net/consent/openid/decision?flow=openid_connect&flow_id=efcb88c3-a664-4492-9b82-b5e3557214f3
   ← Forgejo RESPONSE: 200 https://auth.datamancy.net/consent/openid/decision?flow=openid_connect&flow_id=efcb88c3-a664-4492-9b82-b5e3557214f3
   ✓ Consent screen URL detected

   📊 Consent Screen Telemetry:
   ═══════════════════════════════════════════════════════════════════════════
   URL:   https://auth.datamancy.net/consent/openid/decision?flow=openid_connect&flow_id=efcb88c3-a664-4492-9b82-b5e3557214f3
   Title: "Login - Authelia"
   ───────────────────────────────────────────────────────────────────────────
   Inputs: (none)
   Buttons (5):
     [0] type="button" text="English"
         id="language-button"
         aria-label="Language"
     [1] type="button" text="Logout"
         id="logout-button"
         aria-label="Logout and clear any current flow"
     [2] type="button" text="Switch User"
         id="switch-user-button"
         aria-label="Logout and continue the current flow"
     [3] type="button" text="Accept"
         id="openid-consent-accept"
     [4] type="button" text="Deny"
         id="openid-consent-deny"
   Links (showing first 10 of 1):
     [0] "Powered by Authelia" → https://www.authelia.com
   ARIA Roles: tooltip(1)
   ═══════════════════════════════════════════════════════════════════════════

   ✓ Consent button found
   ✓ Consent granted

   → Forgejo REQUEST: GET https://auth.datamancy.net/api/oidc/authorization?client_id=forgejo&code_challenge=oepqS_bpLh7Pj0nWGj7Fg2WsrUWMG-YFvGxG_Q17gbI&code_challenge_method=S256&consent_id=efcb88c3-a664-4492-9b82-b5e3557214f3&redirect_uri=https%3A%2F%2Fforgejo.datamancy.net%2Fuser%2Foauth2%2FAuthelia%2Fcallback&response_type=code&scope=openid+profile+email+groups&state=f72cb3c9-15c6-4928-a753-d705b7b852cd
   ← Forgejo RESPONSE: 303 https://auth.datamancy.net/api/oidc/authorization?client_id=forgejo&code_challenge=oepqS_bpLh7Pj0nWGj7Fg2WsrUWMG-YFvGxG_Q17gbI&code_challenge_method=S256&consent_id=efcb88c3-a664-4492-9b82-b5e3557214f3&redirect_uri=https%3A%2F%2Fforgejo.datamancy.net%2Fuser%2Foauth2%2FAuthelia%2Fcallback&response_type=code&scope=openid+profile+email+groups&state=f72cb3c9-15c6-4928-a753-d705b7b852cd
   → Forgejo REQUEST: GET https://forgejo.datamancy.net/user/oauth2/Authelia/callback?code=authelia_ac_39RyMWOXicGdJfbbQh4xDkOR28f_KwZ9NweF0ClUl-w.olhMQYa3X5lGVcJ4bZHn9BUM1iJrlN2biDVc-TLBVTI&iss=https%3A%2F%2Fauth.datamancy.net&scope=openid+profile+email+groups&state=f72cb3c9-15c6-4928-a753-d705b7b852cd
   ← Forgejo RESPONSE: 303 https://forgejo.datamancy.net/user/oauth2/Authelia/callback?code=authelia_ac_39RyMWOXicGdJfbbQh4xDkOR28f_KwZ9NweF0ClUl-w.olhMQYa3X5lGVcJ4bZHn9BUM1iJrlN2biDVc-TLBVTI&iss=https%3A%2F%2Fauth.datamancy.net&scope=openid+profile+email+groups&state=f72cb3c9-15c6-4928-a753-d705b7b852cd
   → Forgejo REQUEST: GET https://forgejo.datamancy.net/
   ← Forgejo RESPONSE: 200 https://forgejo.datamancy.net/

   📊 Forgejo Dashboard Telemetry:
   ═══════════════════════════════════════════════════════════════════════════
   URL:   https://forgejo.datamancy.net/
   Title: "Test User plmmmvg3sxi6s - Dashboard - Forgejo: Beyond coding. We forge."
   ───────────────────────────────────────────────────────────────────────────
   Inputs (3):
     [0] type="search" name="" id=""
         placeholder="Search repos…"
     [1] type="checkbox" name="" id=""
         class="tw-pointer-events-none"
     [2] type="checkbox" name="" id=""
         class="tw-pointer-events-none"
   Buttons (2):
     [0] type="" text=""
         id="navbar-expand-toggle"
         aria-label="Toggle menu"
     [1] type="" text=""
         aria-label="More items"
   Links (showing first 10 of 63):
     [1] "0" → /notifications
     [2] "Issues" → /issues
     [3] "Pull requests" → /pulls
     [4] "Milestones" → /milestones
     [5] "Explore" → /explore/repos
     [6] "Active time tracker" → 
     [7] "0" → /notifications
     [8] "New repository" → /repo/create
     [9] "New migration" → /repo/migrate
   Headings (1):
     <h2> No activity
   ARIA Roles: main(1), menu(2), (2), combobox(1), listbox(1), option(2), navigation(1), group(2), contentinfo(1), menuitem(31)
   ═══════════════════════════════════════════════════════════════════════════

   📸 Screenshot saved: forgejo-oidc-authenticated.jpg
   👀 REVIEW SCREENSHOT to verify correct page loaded
   ✅ Forgejo OIDC login successful

]]>
</system-out>
</testcase>
<testcase name="OIDC Services - SSO Flow › BookStack - OIDC login flow" classname="oidc-services.spec.ts" time="20.094">
<system-out>
<![CDATA[
🧪 Testing BookStack OIDC login
   → BookStack REQUEST: GET https://bookstack.datamancy.net/
   ← BookStack RESPONSE: 302 https://bookstack.datamancy.net/
   → BookStack REQUEST: GET https://bookstack.datamancy.net/login
   ← BookStack RESPONSE: 200 https://bookstack.datamancy.net/login

   📊 BookStack Login Page Telemetry:
   ═══════════════════════════════════════════════════════════════════════════
   URL:   https://bookstack.datamancy.net/login
   Title: "BookStack"
   ───────────────────────────────────────────────────────────────────────────
   Inputs (1):
     [0] type="hidden" name="_token" id=""
   Buttons (2):
     [0] type="button" text=""
     [1] type="" text="Login with Authelia"
         id="oidc-login"
   Links (showing first 10 of 3):
     [0] "Skip to main content" → #main-content
     [1] "BookStack" → https://bookstack.datamancy.net
     [2] "Log in" → https://bookstack.datamancy.net/login
   Headings (1):
     <h1> Log In
   ARIA Roles: alert(3), presentation(10)
   ═══════════════════════════════════════════════════════════════════════════


🔗 Initiating OIDC login with: Authelia

   📊 Service Login Page (pre-OIDC) Telemetry:
   ═══════════════════════════════════════════════════════════════════════════
   URL:   https://bookstack.datamancy.net/login
   Title: "BookStack"
   ───────────────────────────────────────────────────────────────────────────
   Inputs (1):
     [0] type="hidden" name="_token" id=""
   Buttons (2):
     [0] type="button" text=""
     [1] type="" text="Login with Authelia"
         id="oidc-login"
   Links (showing first 10 of 3):
     [0] "Skip to main content" → #main-content
     [1] "BookStack" → https://bookstack.datamancy.net
     [2] "Log in" → https://bookstack.datamancy.net/login
   Headings (1):
     <h1> Log In
   ARIA Roles: alert(3), presentation(10)
   ═══════════════════════════════════════════════════════════════════════════

   → BookStack REQUEST: POST https://bookstack.datamancy.net/oidc/login
   ← BookStack RESPONSE: 302 https://bookstack.datamancy.net/oidc/login
   → BookStack REQUEST: GET https://auth.datamancy.net/api/oidc/authorization?state=9db4b72da6d5efb1e5c62111b39c7f10&scope=openid%20profile%20email&response_type=code&approval_prompt=auto&code_challenge=Nkr-yenOUY9Ix-DxgIcTb72N9_XF2ivz_OhsdeFOpOY&code_challenge_method=S256&redirect_uri=https%3A%2F%2Fbookstack.datamancy.net%2Foidc%2Fcallback&client_id=bookstack
   ← BookStack RESPONSE: 302 https://auth.datamancy.net/api/oidc/authorization?state=9db4b72da6d5efb1e5c62111b39c7f10&scope=openid%20profile%20email&response_type=code&approval_prompt=auto&code_challenge=Nkr-yenOUY9Ix-DxgIcTb72N9_XF2ivz_OhsdeFOpOY&code_challenge_method=S256&redirect_uri=https%3A%2F%2Fbookstack.datamancy.net%2Foidc%2Fcallback&client_id=bookstack
   → BookStack REQUEST: GET https://auth.datamancy.net/?flow=openid_connect&flow_id=bd9713ff-505b-4c44-a56e-0e53732a51e3
   ← BookStack RESPONSE: 200 https://auth.datamancy.net/?flow=openid_connect&flow_id=bd9713ff-505b-4c44-a56e-0e53732a51e3
   ✓ Clicked OIDC button: Authelia
   ✓ Redirected to Authelia: https://auth.datamancy.net/?flow=openid_connect&flow_id=bd9713ff-505b-4c44-a56e-0e53732a51e3


🔐 Logging in with Authelia as: plmmmvg3sxi6s

   📊 Authelia Login Page Telemetry:
   ═══════════════════════════════════════════════════════════════════════════
   URL:   https://auth.datamancy.net/?flow=openid_connect&flow_id=bd9713ff-505b-4c44-a56e-0e53732a51e3
   Title: ""
   ───────────────────────────────────────────────────────────────────────────
   Inputs: (none)
   Buttons: (none)
   Links: (none)
   ═══════════════════════════════════════════════════════════════════════════

   ✓ Username entered
   ✓ Password entered
   ✓ Submit clicked and auth response received
   ✓ Redirected to: https://auth.datamancy.net/?flow=openid_connect&flow_id=bd9713ff-505b-4c44-a56e-0e53732a51e3

🔍 Checking for OIDC consent screen...
[...]
   ← Element (Matrix Web) RESPONSE: 303 https://auth.datamancy.net/api/oidc/authorization?client_id=matrix&code_challenge=-qY4gbq7QFN2mltn15nf64c5jDibIvhgMUjjvQj_7IQ&code_challenge_method=S256&consent_id=a3e86269-8734-4d80-ad9a-85c310383b79&nonce=sRuqgBJxnY91a86lLqyEy7KQNxKNxTIg&redirect_uri=https%3A%2F%2Fmatrix.datamancy.net%2F_synapse%2Fclient%2Foidc%2Fcallback&response_type=code&scope=openid+profile+email+groups&state=MbTMA2Y1nok6N2AOsRsBCManTpWtUg
   → Element (Matrix Web) REQUEST: GET https://matrix.datamancy.net/_synapse/client/oidc/callback?code=authelia_ac_Z28V2_m0HgSQpGdhI4rJUCY0Un4dcb-ii2yzyrZrR0E.o1ZWJ4iRbI_5quzlp1sBlBcGzB-aK0puxOmZr7q6O88&iss=https%3A%2F%2Fauth.datamancy.net&scope=openid+profile+email+groups&state=MbTMA2Y1nok6N2AOsRsBCManTpWtUg

   📊 Post-Login (No Consent) Telemetry:
   ═══════════════════════════════════════════════════════════════════════════
   ← Element (Matrix Web) RESPONSE: 200 https://matrix.datamancy.net/_synapse/client/oidc/callback?code=authelia_ac_Z28V2_m0HgSQpGdhI4rJUCY0Un4dcb-ii2yzyrZrR0E.o1ZWJ4iRbI_5quzlp1sBlBcGzB-aK0puxOmZr7q6O88&iss=https%3A%2F%2Fauth.datamancy.net&scope=openid+profile+email+groups&state=MbTMA2Y1nok6N2AOsRsBCManTpWtUg
   ═══════════════════════════════════════════════════════════════════════════

   ℹ️  No consent screen (already granted or not required)

   → Element (Matrix Web) REQUEST: GET https://element.datamancy.net/?loginToken=syl_XbZQvpxGDsJYUEqDYkUR_3npccF
   ← Element (Matrix Web) RESPONSE: 200 https://element.datamancy.net/?loginToken=syl_XbZQvpxGDsJYUEqDYkUR_3npccF

   📊 Element (Matrix Web) Dashboard Telemetry:
   ═══════════════════════════════════════════════════════════════════════════
   URL:   https://element.datamancy.net/
   Title: "Element"
   ───────────────────────────────────────────────────────────────────────────
   Inputs: (none)
   Buttons: (none)
   Links (showing first 10 of 4):
     [0] "Blog" → https://element.io/blog
     [1] "Mastodon" → https://mastodon.matrix.org/@Element
     [2] "GitHub" → https://github.com/element-hq/element-web
     [3] "Powered by Matrix" → https://matrix.org
   Headings (1):
     <h1> Are you sure?
   ARIA Roles: button(2), contentinfo(1)
   ═══════════════════════════════════════════════════════════════════════════

   📸 Screenshot saved: element-matrix-web--oidc-authenticated.jpg
   👀 REVIEW SCREENSHOT to verify correct page loaded
   ✅ Element (Matrix Web) OIDC login successful

]]>
</system-out>
<system-err>
<![CDATA[   ⚠️  Telemetry extraction error: Error: page.title: Execution context was destroyed, most likely because of a navigation
]]>
</system-err>
</testcase>
<testcase name="OIDC Services - SSO Flow › Vaultwarden - OIDC login flow" classname="oidc-services.spec.ts" time="50.803">
<system-out>
<![CDATA[
🧪 Testing Vaultwarden OIDC login
   → Vaultwarden REQUEST: GET https://vaultwarden.datamancy.net/
   ← Vaultwarden RESPONSE: 302 https://vaultwarden.datamancy.net/
   → Vaultwarden REQUEST: GET https://app.vaultwarden.datamancy.net/
   ← Vaultwarden RESPONSE: 200 https://app.vaultwarden.datamancy.net/

   📊 Vaultwarden Login Page Telemetry:
   ═══════════════════════════════════════════════════════════════════════════
   URL:   https://app.vaultwarden.datamancy.net/#/sso?identifier=datamancy.net
   Title: "Vaultwarden Web"
   ───────────────────────────────────────────────────────────────────────────
   Inputs: (none)
   Buttons: (none)
   Links: (none)
   Headings (2):
   → Vaultwarden REQUEST: GET https://app.vaultwarden.datamancy.net/identity/connect/authorize?client_id=web&redirect_uri=https%3A%2F%2Fapp.vaultwarden.datamancy.net%2Fsso-connector.html&response_type=code&scope=api%20offline_access&state=lTvv4zIrKGtvTaJvpIqlZGpTkNQrwaZRzwIBu9Ml3EcHZEXEN4hUfwe0wKdWXqit_identifier=datamancy.net&code_challenge=R9RVelyjI1qGklmBZ4nj7SdukpiP2Xlke5Fmu2JbR3U&code_challenge_method=S256&response_mode=query&domain_hint=datamancy.net&ssoToken=eyJ0eXAiOiJKV1QiLCJhbGciOiJSUzI1NiJ9.eyJuYmYiOjE3NzMyODQxNzEsImV4cCI6MTc3MzI4NDI5MSwiaXNzIjoiaHR0cHM6Ly9hcHAudmF1bHR3YXJkZW4uZGF0YW1hbmN5Lm5ldHxzc28iLCJzdWIiOiJ2YXVsdHdhcmRlbiJ9.GAQuRrGZoYW_RDbuPt-dEoIZV2wrDquF1JIZVp2cXS0lXvwIbWcwhgXfe9maxrz6W8rKy9_DFl4daDCYzhOjHLidJKjg-kM4-DnYeS6OmIb3JpiKTBy-iaqxhsxYrWMnM4wQi0UyE5foAw5eebGMvV3uuzRmuEraxKoIxVc8_Djrm9td_poyeyAhpV2xBr5bnYEyF80cJS5M3KltA61p0KwGHd-XIhmsnlofhr3Xt6v1rVJs7ddqOSDeYSIjURhB8nahyLka8vYLvS64OSlzUMbl4TUxhqjKjXliPWMjbYdmU2dzAtM0xzNJkvAa4tagYlCY95fCP-LlB_rZW9Lpfw
   ← Vaultwarden RESPONSE: 307 https://app.vaultwarden.datamancy.net/identity/connect/authorize?client_id=web&redirect_uri=https%3A%2F%2Fapp.vaultwarden.datamancy.net%2Fsso-connector.html&response_type=code&scope=api%20offline_access&state=lTvv4zIrKGtvTaJvpIqlZGpTkNQrwaZRzwIBu9Ml3EcHZEXEN4hUfwe0wKdWXqit_identifier=datamancy.net&code_challenge=R9RVelyjI1qGklmBZ4nj7SdukpiP2Xlke5Fmu2JbR3U&code_challenge_method=S256&response_mode=query&domain_hint=datamancy.net&ssoToken=eyJ0eXAiOiJKV1QiLCJhbGciOiJSUzI1NiJ9.eyJuYmYiOjE3NzMyODQxNzEsImV4cCI6MTc3MzI4NDI5MSwiaXNzIjoiaHR0cHM6Ly9hcHAudmF1bHR3YXJkZW4uZGF0YW1hbmN5Lm5ldHxzc28iLCJzdWIiOiJ2YXVsdHdhcmRlbiJ9.GAQuRrGZoYW_RDbuPt-dEoIZV2wrDquF1JIZVp2cXS0lXvwIbWcwhgXfe9maxrz6W8rKy9_DFl4daDCYzhOjHLidJKjg-kM4-DnYeS6OmIb3JpiKTBy-iaqxhsxYrWMnM4wQi0UyE5foAw5eebGMvV3uuzRmuEraxKoIxVc8_Djrm9td_poyeyAhpV2xBr5bnYEyF80cJS5M3KltA61p0KwGHd-XIhmsnlofhr3Xt6v1rVJs7ddqOSDeYSIjURhB8nahyLka8vYLvS64OSlzUMbl4TUxhqjKjXliPWMjbYdmU2dzAtM0xzNJkvAa4tagYlCY95fCP-LlB_rZW9Lpfw
   → Vaultwarden REQUEST: GET https://auth.datamancy.net/api/oidc/authorization?response_type=code&client_id=vaultwarden&state=bFR2djR6SXJLR3R2VGFKdnBJcWxaR3BUa05RcndhWlJ6d0lCdTlNbDNFY0haRVhFTjRoVWZ3ZTB3S2RXWHFpdF9pZGVudGlmaWVyPWRhdGFtYW5jeS5uZXQ%3D&redirect_uri=https%3A%2F%2Fapp.vaultwarden.datamancy.net%2Fidentity%2Fconnect%2Foidc-signin&scope=openid+openid+email+profile&code_challenge=R9RVelyjI1qGklmBZ4nj7SdukpiP2Xlke5Fmu2JbR3U&code_challenge_method=S256&nonce=jswIjXkodvWuilBtuH8ttw
   ← Vaultwarden RESPONSE: 302 https://auth.datamancy.net/api/oidc/authorization?response_type=code&client_id=vaultwarden&state=bFR2djR6SXJLR3R2VGFKdnBJcWxaR3BUa05RcndhWlJ6d0lCdTlNbDNFY0haRVhFTjRoVWZ3ZTB3S2RXWHFpdF9pZGVudGlmaWVyPWRhdGFtYW5jeS5uZXQ%3D&redirect_uri=https%3A%2F%2Fapp.vaultwarden.datamancy.net%2Fidentity%2Fconnect%2Foidc-signin&scope=openid+openid+email+profile&code_challenge=R9RVelyjI1qGklmBZ4nj7SdukpiP2Xlke5Fmu2JbR3U&code_challenge_method=S256&nonce=jswIjXkodvWuilBtuH8ttw
   → Vaultwarden REQUEST: GET https://auth.datamancy.net/?flow=openid_connect&flow_id=1216a61d-c761-49cc-a53a-20d8f6ad40de
   ← Vaultwarden RESPONSE: 200 https://auth.datamancy.net/?flow=openid_connect&flow_id=1216a61d-c761-49cc-a53a-20d8f6ad40de
   ═══════════════════════════════════════════════════════════════════════════


🔗 Initiating OIDC login with: Authelia

   📊 Service Login Page (pre-OIDC) Telemetry:
   ═══════════════════════════════════════════════════════════════════════════
   URL:   https://auth.datamancy.net/?flow=openid_connect&flow_id=1216a61d-c761-49cc-a53a-20d8f6ad40de
   Title: "Login - Authelia"
   ───────────────────────────────────────────────────────────────────────────
   Inputs (3):
     [0] type="text" name="" id="username-textfield"
         class="MuiInputBase-input MuiOutlinedInput-input mui-c3zi..."
     [1] type="password" name="" id="password-textfield"
         class="MuiInputBase-input MuiOutlinedInput-input MuiInput..."
     [2] type="checkbox" name="" id="remember-checkbox"
         class="PrivateSwitchBase-input mui-j8yymo"
   Buttons (4):
     [0] type="button" text="English"
         id="language-button"
         aria-label="Language"
     [1] type="button" text=""
         aria-label="toggle password visibility"
     [2] type="button" text="Sign in"
         id="sign-in-button"
     [3] type="" text="Reset password?"
         id="reset-password-button"
   Links (showing first 10 of 1):
     [0] "Powered by Authelia" → https://www.authelia.com
   ═══════════════════════════════════════════════════════════════════════════

   ✓ Clicked OIDC button: Authelia
   ✓ Redirected to Authelia: https://auth.datamancy.net/?flow=openid_connect&flow_id=1216a61d-c761-49cc-a53a-20d8f6ad40de


🔐 Logging in with Authelia as: plmmmvg3sxi6s

   📊 Authelia Login Page Telemetry:
   ═══════════════════════════════════════════════════════════════════════════
   URL:   https://auth.datamancy.net/?flow=openid_connect&flow_id=1216a61d-c761-49cc-a53a-20d8f6ad40de
   Title: "Login - Authelia"
   ───────────────────────────────────────────────────────────────────────────
   Inputs (3):
     [0] type="text" name="" id="username-textfield"
         class="MuiInputBase-input MuiOutlinedInput-input mui-c3zi..."
     [1] type="password" name="" id="password-textfield"
         class="MuiInputBase-input MuiOutlinedInput-input MuiInput..."
     [2] type="checkbox" name="" id="remember-checkbox"
         class="PrivateSwitchBase-input mui-j8yymo"
   Buttons (4):
     [0] type="button" text="English"
         id="language-button"
         aria-label="Language"
     [1] type="button" text=""
         aria-label="toggle password visibility"
     [2] type="button" text="Sign in"
         id="sign-in-button"
     [3] type="" text="Reset password?"
         id="reset-password-button"
   Links (showing first 10 of 1):
     [0] "Powered by Authelia" → https://www.authelia.com
   ═══════════════════════════════════════════════════════════════════════════

   ✓ Username entered
   ✓ Password entered
   ✓ Submit clicked and auth response received
   ✓ Redirected to: https://auth.datamancy.net/?flow=openid_connect&flow_id=1216a61d-c761-49cc-a53a-20d8f6ad40de

🔍 Checking for OIDC consent screen...
   → Vaultwarden REQUEST: GET https://auth.datamancy.net/api/oidc/authorization?client_id=vaultwarden&code_challenge=R9RVelyjI1qGklmBZ4nj7SdukpiP2Xlke5Fmu2JbR3U&code_challenge_method=S256&consent_id=1216a61d-c761-49cc-a53a-20d8f6ad40de&nonce=jswIjXkodvWuilBtuH8ttw&redirect_uri=https%3A%2F%2Fapp.vaultwarden.datamancy.net%2Fidentity%2Fconnect%2Foidc-signin&response_type=code&scope=openid+openid+email+profile&state=bFR2djR6SXJLR3R2VGFKdnBJcWxaR3BUa05RcndhWlJ6d0lCdTlNbDNFY0haRVhFTjRoVWZ3ZTB3S2RXWHFpdF9pZGVudGlmaWVyPWRhdGFtYW5jeS5uZXQ%3D

   📊 Post-Login (No Consent) Telemetry:
   ═══════════════════════════════════════════════════════════════════════════
   ← Vaultwarden RESPONSE: 303 https://auth.datamancy.net/api/oidc/authorization?client_id=vaultwarden&code_challenge=R9RVelyjI1qGklmBZ4nj7SdukpiP2Xlke5Fmu2JbR3U&code_challenge_method=S256&consent_id=1216a61d-c761-49cc-a53a-20d8f6ad40de&nonce=jswIjXkodvWuilBtuH8ttw&redirect_uri=https%3A%2F%2Fapp.vaultwarden.datamancy.net%2Fidentity%2Fconnect%2Foidc-signin&response_type=code&scope=openid+openid+email+profile&state=bFR2djR6SXJLR3R2VGFKdnBJcWxaR3BUa05RcndhWlJ6d0lCdTlNbDNFY0haRVhFTjRoVWZ3ZTB3S2RXWHFpdF9pZGVudGlmaWVyPWRhdGFtYW5jeS5uZXQ%3D
   → Vaultwarden REQUEST: GET https://app.vaultwarden.datamancy.net/identity/connect/oidc-signin?code=authelia_ac_u26ircDQ3NSkH_9jhSJ4Pq79dhM9PRfEYQcMmarggno.TiJ0lhI6KvBkVXe_PCicNZw-PePOSYOLFrw22o88aQE&iss=https%3A%2F%2Fauth.datamancy.net&scope=openid+email+profile&state=bFR2djR6SXJLR3R2VGFKdnBJcWxaR3BUa05RcndhWlJ6d0lCdTlNbDNFY0haRVhFTjRoVWZ3ZTB3S2RXWHFpdF9pZGVudGlmaWVyPWRhdGFtYW5jeS5uZXQ%3D
   ← Vaultwarden RESPONSE: 307 https://app.vaultwarden.datamancy.net/identity/connect/oidc-signin?code=authelia_ac_u26ircDQ3NSkH_9jhSJ4Pq79dhM9PRfEYQcMmarggno.TiJ0lhI6KvBkVXe_PCicNZw-PePOSYOLFrw22o88aQE&iss=https%3A%2F%2Fauth.datamancy.net&scope=openid+email+profile&state=bFR2djR6SXJLR3R2VGFKdnBJcWxaR3BUa05RcndhWlJ6d0lCdTlNbDNFY0haRVhFTjRoVWZ3ZTB3S2RXWHFpdF9pZGVudGlmaWVyPWRhdGFtYW5jeS5uZXQ%3D
   → Vaultwarden REQUEST: GET https://app.vaultwarden.datamancy.net/sso-connector.html?code=lTvv4zIrKGtvTaJvpIqlZGpTkNQrwaZRzwIBu9Ml3EcHZEXEN4hUfwe0wKdWXqit_identifier%3Ddatamancy.net&state=lTvv4zIrKGtvTaJvpIqlZGpTkNQrwaZRzwIBu9Ml3EcHZEXEN4hUfwe0wKdWXqit_identifier%3Ddatamancy.net&scope=api+offline_access&iss=https%3A%2F%2Fapp.vaultwarden.datamancy.net
   ← Vaultwarden RESPONSE: 200 https://app.vaultwarden.datamancy.net/sso-connector.html?code=lTvv4zIrKGtvTaJvpIqlZGpTkNQrwaZRzwIBu9Ml3EcHZEXEN4hUfwe0wKdWXqit_identifier%3Ddatamancy.net&state=lTvv4zIrKGtvTaJvpIqlZGpTkNQrwaZRzwIBu9Ml3EcHZEXEN4hUfwe0wKdWXqit_identifier%3Ddatamancy.net&scope=api+offline_access&iss=https%3A%2F%2Fapp.vaultwarden.datamancy.net
   ═══════════════════════════════════════════════════════════════════════════

   ℹ️  No consent screen (already granted or not required)

   → Vaultwarden REQUEST: GET https://app.vaultwarden.datamancy.net/
   ← Vaultwarden RESPONSE: 200 https://app.vaultwarden.datamancy.net/

   📊 Vaultwarden Dashboard Telemetry:
   ═══════════════════════════════════════════════════════════════════════════
   URL:   https://app.vaultwarden.datamancy.net/#/set-initial-password?identifier=datamancy.net
   Title: "Vaultwarden Web"
   ───────────────────────────────────────────────────────────────────────────
   Inputs (4):
     [0] type="password" name="" id="input-password-form_new-password"
         class="[&:is(input,textarea):disabled]:tw-bg-secondary-10..."
     [1] type="password" name="" id="input-password-form_new-password-confirm"
         class="[&:is(input,textarea):disabled]:tw-bg-secondary-10..."
     [2] type="text" name="" id="input-password-form_new-password-hint"
         class="[&:is(input,textarea):disabled]:tw-bg-secondary-10..."
     [3] type="checkbox" name="" id="input-password-form_check-for-breaches"
         class="!-tw-mb-1 !-tw-ms-1 !-tw-mt-1 !tw-p-1 [&:not(:inde..."
   Buttons (4):
     [0] type="button" text="Loading"
         aria-label="Toggle visibility"
     [1] type="button" text="Loading"
         aria-label="Toggle visibility"
     [2] type="submit" text="Create account"
     [3] type="button" text="Log out Loading"
   Links (showing first 10 of 1):
     [0] "Vaultwarden" → #/
   Headings (2):
     <h1> Join organization
     <h1> Join organization
   ARIA Roles: progressbar(1), status(1)
   ═══════════════════════════════════════════════════════════════════════════

   📸 Screenshot saved: vaultwarden-oidc-authenticated.jpg
   👀 REVIEW SCREENSHOT to verify correct page loaded
   ✅ Vaultwarden OIDC login successful

]]>
</system-out>
<system-err>
<![CDATA[   ⚠️  Telemetry extraction error: Error: page.title: Execution context was destroyed, most likely because of a navigation
]]>
</system-err>
</testcase>
<testcase name="OIDC - Cross-service Session › OIDC session works across multiple services" classname="oidc-services.spec.ts" time="22.637">
<system-out>
<![CDATA[
🧪 Testing OIDC session persistence

   Logging into Grafana (first OIDC service)...

🔗 Initiating OIDC login with: Authelia

   📊 Service Login Page (pre-OIDC) Telemetry:
   ═══════════════════════════════════════════════════════════════════════════
   URL:   https://auth.datamancy.net/?rd=https%3A%2F%2Fgrafana.datamancy.net%2F&rm=GET
   Title: ""
   ───────────────────────────────────────────────────────────────────────────
   Inputs: (none)
   Buttons: (none)
   Links: (none)
   ═══════════════════════════════════════════════════════════════════════════


🔐 Logging in with Authelia as: plmmmvg3sxi6s

   📊 Authelia Login Page Telemetry:
   ═══════════════════════════════════════════════════════════════════════════
   URL:   https://auth.datamancy.net/?rd=https%3A%2F%2Fgrafana.datamancy.net%2F&rm=GET
   Title: ""
   ───────────────────────────────────────────────────────────────────────────
   Inputs: (none)
   Buttons: (none)
   Links: (none)
   ═══════════════════════════════════════════════════════════════════════════

   ✓ Username entered
   ✓ Password entered
   ✓ Submit clicked and auth response received
   ✓ Redirected to: https://auth.datamancy.net/?rd=https%3A%2F%2Fgrafana.datamancy.net%2F&rm=GET

🔍 Checking for OIDC consent screen...

   📊 Post-Login (No Consent) Telemetry:
   ═══════════════════════════════════════════════════════════════════════════
   ═══════════════════════════════════════════════════════════════════════════

   ℹ️  No consent screen (already granted or not required)

   ✅ Grafana login complete

   Accessing BookStack (second OIDC service)...

🔗 Initiating OIDC login with: Authelia

   📊 Service Login Page (pre-OIDC) Telemetry:
   ═══════════════════════════════════════════════════════════════════════════
   URL:   https://bookstack.datamancy.net/login
   Title: "BookStack"
   ───────────────────────────────────────────────────────────────────────────
   Inputs (1):
     [0] type="hidden" name="_token" id=""
   Buttons (2):
     [0] type="button" text=""
     [1] type="" text="Login with Authelia"
         id="oidc-login"
   Links (showing first 10 of 3):
     [0] "Skip to main content" → #main-content
     [1] "BookStack" → https://bookstack.datamancy.net
     [2] "Log in" → https://bookstack.datamancy.net/login
   Headings (1):
     <h1> Log In
   ARIA Roles: alert(3), presentation(10)
   ═══════════════════════════════════════════════════════════════════════════

   ✓ Clicked OIDC button: Authelia
   ⚠️  No auth redirect detected yet (continuing)
   ✅ No re-authentication needed - session shared!
🔍 Checking for OIDC consent screen...

   📊 Post-Login (No Consent) Telemetry:
   ═══════════════════════════════════════════════════════════════════════════
   URL:   https://bookstack.datamancy.net/
   Title: "BookStack"
   ───────────────────────────────────────────────────────────────────────────
   Inputs (8):
     [0] type="text" name="term" id="header-search-box-input"
         placeholder="Search"
         aria-label="Search"
     [1] type="hidden" name="_token" id=""
     [2] type="hidden" name="_method" id=""
     [3] type="hidden" name="_return" id=""
     [4] type="hidden" name="_token" id=""
     [5] type="hidden" name="_token" id=""
     [6] type="hidden" name="_method" id=""
     [7] type="hidden" name="_return" id=""
   Buttons (7):
     [0] type="button" text=""
     [1] type="submit" text=""
         id="header-search-box-button"
         aria-label="Search"
     [2] type="submit" text="View All"
     [3] type="" text="Dark Mode"
     [4] type="" text="Logout"
     [5] type="button" text="Toggle Details"
     [6] type="" text="Dark Mode"
   Links (showing first 10 of 39):
     [0] "Skip to main content" → #main-content
     [1] "BookStack" → https://bookstack.datamancy.net
     [2] "Search" → https://bookstack.datamancy.net/search
     [3] "Shelves" → https://bookstack.datamancy.net/shelves
     [4] "Books" → https://bookstack.datamancy.net/books
     [5] "My Favourites" → https://bookstack.datamancy.net/favourites
     [6] "View Profile" → https://bookstack.datamancy.net/user/test-user-plm
     [7] "My Account" → https://bookstack.datamancy.net/my-account
     [8] "Federal Aviation Administration
        " → https://bookstack.datamancy.net/books/wikipedia-ar
     [9] "Feminism
            

    
    
    wit" → https://bookstack.datamancy.net/books/wikipedia-ar
   Headings (3):
     <h3> My Recently Viewed
     <h3> Recently Updated Pages
     <h3> Recent Activity
   ARIA Roles: alert(3), presentation(50), search(1), menu(1)
   ═══════════════════════════════════════════════════════════════════════════

   ℹ️  No consent screen (already granted or not required)


   ✅ OIDC session test complete

]]>
</system-out>
<system-err>
<![CDATA[   ⚠️  Telemetry extraction error: Error: page.title: Execution context was destroyed, most likely because of a navigation
]]>
</system-err>
</testcase>
</testsuite>
</testsuites>