<testsuites id="" name="" tests="22" failures="5" skipped="4" errors="0" time="39.051915">
<testsuite name="forward-auth-services.spec.ts" timestamp="2026-03-03T00:54:14.375Z" hostname="chromium" tests="15" failures="1" skipped="3" time="61.486" errors="0">
<testcase name="Forward Auth Services - SSO Flow › JupyterHub - Access with forward auth" classname="forward-auth-services.spec.ts" time="32.952">
<failure message="forward-auth-services.spec.ts:191:7 JupyterHub - Access with forward auth" type="FAILURE">
<![CDATA[  [chromium] › forward-auth-services.spec.ts:191:7 › Forward Auth Services - SSO Flow › JupyterHub - Access with forward auth 

    Error: Expected authenticated JupyterHub page but found disallowed state. URL matched disallowed pattern: /\/spawn-pending\//i

      142 |           ? `URL matched disallowed pattern: ${disallowedUrl}`
      143 |           : `Page content matched disallowed pattern: ${disallowedMatch}`;
    > 144 |         throw new Error(`Expected authenticated ${serviceName} page but found disallowed state. ${reason}`);
          |               ^
      145 |       }
      146 |
      147 |       if (matchesPattern) {
        at testForwardAuthService (/app/playwright-tests/tests/forward-auth-services.spec.ts:144:15)
        at /app/playwright-tests/tests/forward-auth-services.spec.ts:192:5

    attachment #1: screenshot (image/png) ──────────────────────────────────────────────────────────
    ../test-results/forward-auth-services-Forw-5e7a5----Access-with-forward-auth-chromium/test-failed-1.png
    ────────────────────────────────────────────────────────────────────────────────────────────────

    attachment #2: video (video/webm) ──────────────────────────────────────────────────────────────
    ../test-results/forward-auth-services-Forw-5e7a5----Access-with-forward-auth-chromium/video.webm
    ────────────────────────────────────────────────────────────────────────────────────────────────

    Error Context: ../test-results/forward-auth-services-Forw-5e7a5----Access-with-forward-auth-chromium/error-context.md
]]>
</failure>
<system-out>
<![CDATA[
🧪 Testing JupyterHub forward auth
   → JupyterHub REQUEST: GET https://jupyterhub.datamancy.net/
   ← JupyterHub RESPONSE: 302 https://jupyterhub.datamancy.net/
   → JupyterHub REQUEST: GET https://jupyterhub.datamancy.net/hub/
   ← JupyterHub RESPONSE: 302 https://jupyterhub.datamancy.net/hub/
   → JupyterHub REQUEST: GET https://jupyterhub.datamancy.net/hub/login?next=%2Fhub%2F
   ← JupyterHub RESPONSE: 302 https://jupyterhub.datamancy.net/hub/login?next=%2Fhub%2F
   → JupyterHub REQUEST: GET https://jupyterhub.datamancy.net/hub/
   ← JupyterHub RESPONSE: 302 https://jupyterhub.datamancy.net/hub/
   → JupyterHub REQUEST: GET https://jupyterhub.datamancy.net/hub/spawn
   ← JupyterHub RESPONSE: 302 https://jupyterhub.datamancy.net/hub/spawn
   → JupyterHub REQUEST: GET https://jupyterhub.datamancy.net/hub/spawn-pending/plmm9wag53i8v
   ← JupyterHub RESPONSE: 200 https://jupyterhub.datamancy.net/hub/spawn-pending/plmm9wag53i8v

   📊 JupyterHub Main Page Telemetry:
   ═══════════════════════════════════════════════════════════════════════════
   URL:   https://jupyterhub.datamancy.net/hub/spawn-pending/plmm9wag53i8v
   Title: "JupyterHub"
   ───────────────────────────────────────────────────────────────────────────
   Inputs: (none)
   Buttons (4):
     [0] type="button" text=""
         aria-label="Toggle navigation"
     [1] type="" text=""
         id="dark-theme-toggle"
         aria-label="Toggle dark mode"
     [2] type="button" text=""
         aria-label="Close"
     [3] type="button" text="OK"
   Links (showing first 10 of 4):
     [1] "Home" → /hub/home
     [2] "Token" → /hub/token
     [3] "Logout" → /hub/logout
   Headings (1):
     <h2> Error
   ARIA Roles: button(1), progressbar(1), dialog(1)
   ═══════════════════════════════════════════════════════════════════════════

   ⏳ Detected disallowed state for JupyterHub, waiting for redirect... (1/10)
   ⏳ Detected disallowed state for JupyterHub, waiting for redirect... (2/10)
   ⏳ Detected disallowed state for JupyterHub, waiting for redirect... (3/10)
   ⏳ Detected disallowed state for JupyterHub, waiting for redirect... (4/10)
   ⏳ Detected disallowed state for JupyterHub, waiting for redirect... (5/10)
   ⏳ Detected disallowed state for JupyterHub, waiting for redirect... (6/10)
   ⏳ Detected disallowed state for JupyterHub, waiting for redirect... (7/10)
   ⏳ Detected disallowed state for JupyterHub, waiting for redirect... (8/10)
   ⏳ Detected disallowed state for JupyterHub, waiting for redirect... (9/10)

[[ATTACHMENT|forward-auth-services-Forw-5e7a5----Access-with-forward-auth-chromium/test-failed-1.png]]

[[ATTACHMENT|forward-auth-services-Forw-5e7a5----Access-with-forward-auth-chromium/video.webm]]

[[ATTACHMENT|forward-auth-services-Forw-5e7a5----Access-with-forward-auth-chromium/error-context.md]]
]]>
</system-out>
</testcase>
<testcase name="Forward Auth Services - SSO Flow › Open-WebUI - Access with forward auth" classname="forward-auth-services.spec.ts" time="2.442">
<system-out>
<![CDATA[
🧪 Testing Open-WebUI forward auth
   → Open-WebUI REQUEST: GET https://open-webui.datamancy.net/
   ← Open-WebUI RESPONSE: 200 https://open-webui.datamancy.net/

   📊 Open-WebUI Main Page Telemetry:
   ═══════════════════════════════════════════════════════════════════════════
   URL:   https://open-webui.datamancy.net/
   Title: "Open WebUI"
   ───────────────────────────────────────────────────────────────────────────
   Inputs: (none)
   Buttons: (none)
   Links: (none)
   ═══════════════════════════════════════════════════════════════════════════

   ⏳ Waiting for Open-WebUI UI to render... (1/5)
   📸 Screenshot saved: open-webui-authenticated.jpg
   👀 REVIEW SCREENSHOT to verify correct page loaded
   ✅ Open-WebUI accessed successfully

]]>
</system-out>
</testcase>
<testcase name="Forward Auth Services - SSO Flow › Prometheus - Access with forward auth" classname="forward-auth-services.spec.ts" time="1.427">
<system-out>
<![CDATA[
🧪 Testing Prometheus forward auth
   → Prometheus REQUEST: GET https://prometheus.datamancy.net/
   ← Prometheus RESPONSE: 302 https://prometheus.datamancy.net/
   → Prometheus REQUEST: GET https://prometheus.datamancy.net/query
   ← Prometheus RESPONSE: 200 https://prometheus.datamancy.net/query

   📊 Prometheus Main Page Telemetry:
   ═══════════════════════════════════════════════════════════════════════════
   URL:   https://prometheus.datamancy.net/query
   Title: "Prometheus Time Series Collection and Processing Server"
   ───────────────────────────────────────────────────────────────────────────
   Inputs (1):
     [0] type="hidden" name="" id=""
   Buttons (16):
     [0] type="button" text="Status"
         id="mantine-yt5hwtnkz-target"
     [1] type="button" text=""
         aria-label="Switch to light theme"
     [2] type="button" text=""
         id="mantine-3cwjizilh-target"
         aria-label="Settings"
     [3] type="button" text=""
     [4] type="button" text="Status"
         id="mantine-97jzkfv86-target"
     [5] type="button" text=""
         aria-label="Switch to light theme"
     [6] type="button" text=""
         id="mantine-q3fooqw72-target"
         aria-label="Settings"
     [7] type="button" text=""
         id="mantine-e2eccvccu-target"
         aria-label="Show query options"
     [8] type="button" text="Execute"
     [9] type="button" text="Table"
         id="mantine-rxri4phtw-tab-table"
     [10] type="button" text="Graph"
         id="mantine-rxri4phtw-tab-graph"
     [11] type="button" text="Explain"
         id="mantine-rxri4phtw-tab-explain"
     [12] type="button" text=""
         aria-label="Decrease time"
     [13] type="button" text="Evaluation time"
         id="mantine-bfum8l801"
         aria-label="Evaluation time"
     [14] type="button" text=""
         aria-label="Increase time"
     ... and 1 more
   Links (showing first 10 of 7):
     [0] "PrometheusPrometheus" → /
     [1] "Query" → /query
     [2] "Alerts" → /alerts
     [4] "Query" → /query
     [5] "Alerts" → /alerts
   ARIA Roles: textbox(1), tablist(1), tab(3), tabpanel(3), alert(1)
   ═══════════════════════════════════════════════════════════════════════════

   📸 Screenshot saved: prometheus-authenticated.jpg
   👀 REVIEW SCREENSHOT to verify correct page loaded
   ✅ Prometheus accessed successfully

]]>
</system-out>
</testcase>
<testcase name="Forward Auth Services - SSO Flow › Vaultwarden - Access with forward auth" classname="forward-auth-services.spec.ts" time="0.243">
<properties>
<property name="skip" value="Vaultwarden requires OIDC (SSO_ONLY=true) - see oidc-services.spec.ts">
</property>
</properties>
<skipped>
</skipped>
</testcase>
<testcase name="Forward Auth Services - SSO Flow › Homepage - Access with forward auth" classname="forward-auth-services.spec.ts" time="1.345">
<system-out>
<![CDATA[
🧪 Testing Homepage forward auth
   → Homepage REQUEST: GET https://homepage.datamancy.net/
   ← Homepage RESPONSE: 200 https://homepage.datamancy.net/

   📊 Homepage Main Page Telemetry:
   ═══════════════════════════════════════════════════════════════════════════
   URL:   https://homepage.datamancy.net/
   Title: "Homepage"
   ───────────────────────────────────────────────────────────────────────────
   Inputs (2):
     [0] type="text" name="" id=""
         placeholder="Search"
         class="rounded-md w-full p-4 m-0 border-0 border-b border..."
     [1] type="text" name="" id="headlessui-combobox-input-:r6:"
         placeholder="Search…"
         class=" overflow-hidden w-full h-full rounded-md text-xs ..."
   Buttons (8):
     [0] type="button" text="search.search"
         id="headlessui-listbox-button-:r9:"
     [1] type="button" text="AI & Development"
         id="headlessui-disclosure-button-:ra:"
     [2] type="button" text="Collaboration"
         id="headlessui-disclosure-button-:rc:"
     [3] type="button" text="Productivity"
         id="headlessui-disclosure-button-:re:"
     [4] type="button" text="Social & Media"
         id="headlessui-disclosure-button-:rg:"
     [5] type="button" text="System"
         id="headlessui-disclosure-button-:ri:"
     [6] type="button" text="Data & Analytics"
         id="headlessui-disclosure-button-:rk:"
     [7] type="button" text="Change color"
         id="headlessui-popover-button-:r2:"
   Links (showing first 10 of 30):
     [1] "Open WebUIAI Chat Interface" → https://open-webui.datamancy.net
     [3] "JupyterHubData Science Notebooks" → https://jupyterhub.datamancy.net
     [5] "ForgejoGit Repository" → https://forgejo.datamancy.net
     [7] "BookStackDocumentation Wiki" → https://bookstack.datamancy.net
     [9] "PlankaProject Management" → https://planka.datamancy.net
   Headings (6):
     <h2> AI & Development
     <h2> Collaboration
     <h2> Productivity
     <h2> Social & Media
     <h2> System
     <h2> Data & Analytics
   ARIA Roles: dialog(1), combobox(1), img(1), alert(1)
   ═══════════════════════════════════════════════════════════════════════════

   📸 Screenshot saved: homepage-authenticated.jpg
   👀 REVIEW SCREENSHOT to verify correct page loaded
   ✅ Homepage accessed successfully

]]>
</system-out>
</testcase>
<testcase name="Forward Auth Services - SSO Flow › Ntfy - Access with forward auth" classname="forward-auth-services.spec.ts" time="1.464">
<system-out>
<![CDATA[
🧪 Testing Ntfy forward auth
   → Ntfy REQUEST: GET https://ntfy.datamancy.net/
   ← Ntfy RESPONSE: 200 https://ntfy.datamancy.net/

   📊 Ntfy Main Page Telemetry:
   ═══════════════════════════════════════════════════════════════════════════
   URL:   https://ntfy.datamancy.net/
   Title: "ntfy"
   ───────────────────────────────────────────────────────────────────────────
   Inputs: (none)
   Buttons (2):
     [0] type="button" text=""
         aria-label="Show menu"
     [1] type="button" text="Sign in"
         aria-label="Sign in"
   Links (showing first 10 of 2):
     [0] "website" → https://ntfy.sh
     [1] "documentation" → https://ntfy.sh/docs
   ARIA Roles: navigation(1), menubar(2), alert(2), button(10)
   ═══════════════════════════════════════════════════════════════════════════

   📸 Screenshot saved: ntfy-authenticated.jpg
   👀 REVIEW SCREENSHOT to verify correct page loaded
   ✅ Ntfy accessed successfully

]]>
</system-out>
</testcase>
<testcase name="Forward Auth Services - SSO Flow › qBittorrent - Access with forward auth" classname="forward-auth-services.spec.ts" time="1.902">
<system-out>
<![CDATA[
🧪 Testing qBittorrent forward auth
   → qBittorrent REQUEST: GET https://qbittorrent.datamancy.net/
   ← qBittorrent RESPONSE: 200 https://qbittorrent.datamancy.net/

   📊 qBittorrent Main Page Telemetry:
   ═══════════════════════════════════════════════════════════════════════════
   URL:   https://qbittorrent.datamancy.net/
   Title: "qBittorrent WebUI"
   ───────────────────────────────────────────────────────────────────────────
   Inputs (10):
     [0] type="search" name="" id="torrentsFilterInput"
         placeholder="Filter torrent list..."
         aria-label="Filter torrent list..."
     [1] type="checkbox" name="" id="torrentsFilterRegexBox"
     [2] type="search" name="" id="torrentFilesFilterInput"
         placeholder="Filter files..."
         aria-label="Filter files..."
     [3] type="checkbox" name="" id="tristate_cb"
     [4] type="search" name="" id="searchPattern"
         placeholder="Search"
         aria-label="Search"
         class="searchInputField"
     [5] type="search" name="" id="searchInNameFilter"
         placeholder="Filter"
         aria-label="Filter"
     [6] type="number" name="" id="searchMinSeedsFilter"
     [7] type="number" name="" id="searchMaxSeedsFilter"
     [8] type="number" name="" id="searchMinSizeFilter"
     [9] type="number" name="" id="searchMaxSizeFilter"
   Buttons (8):
     [0] type="button" text=""
         aria-label="Collapse/expand category"
     [1] type="button" text=""
         aria-label="Collapse/expand category"
     [2] type="button" text="Search"
         id="startSearchButton"
     [3] type="button" text="Search plugins..."
         id="manageSearchPlugins"
     [4] type="button" text="New subscription"
         id="newSubscriptionButton"
     [5] type="button" text="Mark items read"
         id="markReadButton"
     [6] type="button" text="Update all"
         id="updateAllButton"
     [7] type="button" text="RSS Downloader..."
         id="rssDownloaderButton"
   Links (showing first 10 of 217):
     [0] "File" → 
     [1] "Add Torrent File..." → 
     [2] "Add Torrent Link..." → 
     [3] "Logout" → 
     [4] "Exit qBittorrent" → 
     [5] "Edit" → 
     [6] "Start" → 
     [7] "Stop" → 
     [8] "Start All" → 
     [9] "Stop All" → 
   Headings (4):
     <h2> Panel
     <h2> Panel
     <h2> Search
     <h2> Rss
   ═══════════════════════════════════════════════════════════════════════════

   📸 Screenshot saved: qbittorrent-authenticated.jpg
   👀 REVIEW SCREENSHOT to verify correct page loaded
   ✅ qBittorrent accessed successfully

]]>
</system-out>
</testcase>
<testcase name="Forward Auth Services - SSO Flow › Roundcube - Access with forward auth" classname="forward-auth-services.spec.ts" time="1.819">
<system-out>
<![CDATA[
🧪 Testing Roundcube forward auth
   → Roundcube REQUEST: GET https://roundcube.datamancy.net/
   ← Roundcube RESPONSE: 200 https://roundcube.datamancy.net/

   📊 Roundcube Main Page Telemetry:
   ═══════════════════════════════════════════════════════════════════════════
   URL:   https://roundcube.datamancy.net/
   Title: "Roundcube Webmail :: Welcome to Roundcube Webmail"
   ───────────────────────────────────────────────────────────────────────────
   Inputs (7):
     [0] type="hidden" name="_token" id=""
         class="form-control"
     [1] type="hidden" name="_task" id=""
         class="form-control"
     [2] type="hidden" name="_action" id=""
         class="form-control"
     [3] type="hidden" name="_timezone" id="rcmlogintz"
         class="form-control"
     [4] type="hidden" name="_url" id="rcmloginurl"
         class="form-control"
     [5] type="text" name="_user" id="rcmloginuser"
         placeholder="Username"
         class="form-control"
     [6] type="password" name="_pass" id="rcmloginpwd"
         placeholder="Password"
         class="form-control"
   Buttons (1):
     [0] type="submit" text="Login"
         id="rcmloginsubmit"
   Links: (none)
   Headings (1):
     <h1> Roundcube Webmail Login
   ARIA Roles: main(1), contentinfo(1)
   ═══════════════════════════════════════════════════════════════════════════

   📸 Screenshot saved: roundcube-authenticated.jpg
   👀 REVIEW SCREENSHOT to verify correct page loaded
   ✅ Roundcube accessed successfully

]]>
</system-out>
</testcase>
<testcase name="Forward Auth Services - SSO Flow › Home Assistant - Access with forward auth" classname="forward-auth-services.spec.ts" time="0.631">
<system-out>
<![CDATA[
🧪 Testing Home Assistant forward auth
   → Home Assistant REQUEST: GET https://homeassistant.datamancy.net/
   ← Home Assistant RESPONSE: 400 https://homeassistant.datamancy.net/

   📊 Home Assistant Main Page Telemetry:
   ═══════════════════════════════════════════════════════════════════════════
   URL:   https://homeassistant.datamancy.net/
   Title: ""
   ───────────────────────────────────────────────────────────────────────────
   Inputs: (none)
   Buttons: (none)
   Links: (none)
   ═══════════════════════════════════════════════════════════════════════════

   ⚠️  Home Assistant returned 400 error - skipping UI check

]]>
</system-out>
</testcase>
<testcase name="Forward Auth Services - SSO Flow › Kopia - Access with forward auth" classname="forward-auth-services.spec.ts" time="1.253">
<system-out>
<![CDATA[
🧪 Testing Kopia forward auth
   → Kopia REQUEST: GET https://kopia.datamancy.net/
   ← Kopia RESPONSE: 200 https://kopia.datamancy.net/

   📊 Kopia Main Page Telemetry:
   ═══════════════════════════════════════════════════════════════════════════
   URL:   https://kopia.datamancy.net/snapshots
   Title: "KopiaUI v0.22.3"
   ───────────────────────────────────────────────────────────────────────────
   Inputs: (none)
   Buttons (5):
     [0] type="button" text=""
         aria-label="Toggle navigation"
     [1] type="button" text="Local Snapshots"
         id="dropdown-basic"
     [2] type="button" text=""
     [3] type="button" text="Page Size: 10"
         id="react-aria4053940222-«r2»"
     [4] type="button" text=""
   Links (showing first 10 of 8):
     [1] "Snapshots" → /snapshots
     [2] "Policies" → /policies
     [3] "Tasks" → /tasks
     [4] "Repository" → /repo
     [5] "Preferences" → /preferences
     [6] "Repository in Filesystem: /app/repositor" → /repo
     [7] "New Snapshot" → /snapshots/new
   ARIA Roles: img(3), button(1)
   ═══════════════════════════════════════════════════════════════════════════

   📸 Screenshot saved: kopia-authenticated.jpg
   👀 REVIEW SCREENSHOT to verify correct page loaded
   ✅ Kopia accessed successfully

]]>
</system-out>
</testcase>
<testcase name="Forward Auth Services - SSO Flow › LDAP Account Manager - Access with forward auth" classname="forward-auth-services.spec.ts" time="1.157">
<system-out>
<![CDATA[
🧪 Testing LDAP Account Manager forward auth
   → LDAP Account Manager REQUEST: GET https://lam.datamancy.net/lam/
   ← LDAP Account Manager RESPONSE: 200 https://lam.datamancy.net/lam/
   → LDAP Account Manager REQUEST: GET https://lam.datamancy.net/lam/templates/login.php
   ← LDAP Account Manager RESPONSE: 200 https://lam.datamancy.net/lam/templates/login.php

   📊 LDAP Account Manager Main Page Telemetry:
   ═══════════════════════════════════════════════════════════════════════════
   URL:   https://lam.datamancy.net/lam/templates/login.php
   Title: "LDAP Account Manager"
   ───────────────────────────────────────────────────────────────────────────
   Inputs (1):
     [0] type="password" name="passwd" id="passwd"
   Buttons (1):
     [0] type="submit" text="Login"
         id="btn_checklogin"
   Links (showing first 10 of 4):
     [0] "LDAP Account Manager - 9.4" → https://www.ldap-account-manager.org/
     [1] "Want more features? Get LAM Pro!" → http://www.ldap-account-manager.org/lamcms/lamPro
     [3] "LAM configuration" → config/index.php
   ═══════════════════════════════════════════════════════════════════════════

   📸 Screenshot saved: ldap-account-manager-authenticated.jpg
   👀 REVIEW SCREENSHOT to verify correct page loaded
   ✅ LDAP Account Manager accessed successfully

]]>
</system-out>
</testcase>
<testcase name="Forward Auth Services - SSO Flow › LiteLLM - Access with forward auth" classname="forward-auth-services.spec.ts" time="9.063">
<system-out>
<![CDATA[
🧪 Testing LiteLLM forward auth
   → LiteLLM REQUEST: GET https://litellm.datamancy.net/
   ← LiteLLM RESPONSE: 200 https://litellm.datamancy.net/

   📊 LiteLLM Main Page Telemetry:
   ═══════════════════════════════════════════════════════════════════════════
   URL:   https://litellm.datamancy.net/
   Title: "LiteLLM API - Swagger UI"
   ───────────────────────────────────────────────────────────────────────────
   Inputs: (none)
   Buttons (2402):
     [0] type="" text="Authorize"
     [1] type="" text=""
     [2] type="" text="GET/modelsModel List"
     [3] type="" text=""
         aria-label="authorization button unlocked"
     [4] type="" text=""
         aria-label="get ​/models"
     [5] type="" text="GET/v1/modelsModel List"
     [6] type="" text=""
         aria-label="authorization button unlocked"
     [7] type="" text=""
         aria-label="get ​/v1​/models"
     [8] type="" text="GET/models/{model_id}Model Info"
     [9] type="" text=""
         aria-label="authorization button unlocked"
     [10] type="" text=""
         aria-label="get ​/models​/{model_id}"
     [11] type="" text="GET/v1/models/{model_id}Model Info"
     [12] type="" text=""
         aria-label="authorization button unlocked"
     [13] type="" text=""
         aria-label="get ​/v1​/models​/{model_id}"
     [14] type="" text="GET/v1/model/infoModel Info V1"
     ... and 2387 more
   Links (showing first 10 of 673):
     [0] "/openapi.json" → /openapi.json
     [1] "Customize Swagger Docs" → https://docs.litellm.ai/docs/proxy/enterprise#swag
     [2] "LiteLLM Admin Panel on /ui" → /ui
     [3] "Fallback Login" → /fallback/login
     [4] "LiteLLM Model Cost Map" → https://models.litellm.ai/
     [5] "LiteLLM Model Hub" → /ui/model_hub_table
     [6] "Docs" → https://docs.litellm.ai/docs/proxy/model_hub
     [7] "model management" → #/model%20management
     [8] "/models" → #/model%20management/model_list_models_get
     [9] "/v1/models" → #/model%20management/model_list_v1_models_get
   Headings (77):
     <h2> LiteLLM API 1.80.8 OAS 3.1
     <h3> model management
     <h3> chat/completions
     <h3> completions
     <h3> embeddings
     <h3> moderations
     <h3> audio
     <h3> assistants
     <h3> llm utils
     <h3> default
     <h3> responses
     <h3> batch
     <h3> public
     <h3> [beta] Agents
     <h3> [beta] MCP
     <h3> providers
     <h3> rerank
     <h3> ocr
     <h3> rag
     <h3> videos
     <h3> containers
     <h3> search
     <h3> images
     <h3> fine-tuning
     <h3> vector store management
     <h3> vector_store_files
     <h3> credential management
     <h3> Google AI Studio Pass-through
     <h3> pass-through
     <h3> Cohere Pass-through
     <h3> VLLM Pass-through
     <h3> Mistral Pass-through
     <h3> Milvus Pass-through
     <h3> Anthropic Pass-through
     <h3> Bedrock Pass-through
     <h3> AssemblyAI EU Pass-through
     <h3> AssemblyAI Pass-through
     <h3> Azure Pass-through
     <h3> Azure AI Pass-through
     <h3> Vertex AI Pass-through
     <h3> OpenAI Pass-through
     <h3> mcp
     <h3> [beta] Anthropic `/v1/messages`
     <h3> [beta] Anthropic Messages Token Counting
     <h3> [beta] Anthropic Skills API
     <h3> google genai endpoints
     <h3> Langfuse Pass-through
     <h3> health
     <h3> key management
     <h3> Internal User management
     <h3> Budget & Spend Tracking
     <h3> team management
     <h3> ✨ SCIM v2 (Enterprise Only)
     <h3> organization management
     <h3> Customer Management
     <h3> CloudZero
     <h3> caching
     <h3> Guardrails
     <h3> Search Tools
     <h3> Prompt Management
     <h3> prompts
     <h3> utils
     <h3> Logging Callbacks
     <h3> SSO Settings
     <h3> UI Theme Settings
     <h3> files
     <h3> budget management
     <h3> tag management
     <h3> Cost Tracking
     <h3> Router Settings
     <h3> Cache Settings
     <h3> user agent analytics
     <h3> email management
     <h3> Audit Logging
     <h3> [beta] A2A Agents
     <h3> Agents
     <h3> WebSocket
   ═══════════════════════════════════════════════════════════════════════════

   📸 Screenshot saved: litellm-authenticated.jpg
   👀 REVIEW SCREENSHOT to verify correct page loaded
   ✅ LiteLLM accessed successfully

]]>
</system-out>
</testcase>
<testcase name="Forward Auth Services - SSO Flow › Radicale - Access with forward auth" classname="forward-auth-services.spec.ts" time="0.248">
<properties>
<property name="skip" value="Radicale has Cloudflare SSL handshake issue - needs SSL config fix">
</property>
</properties>
<skipped>
</skipped>
</testcase>
<testcase name="Forward Auth Services - SSO Flow › Vault - Access with forward auth" classname="forward-auth-services.spec.ts" time="0.492">
<properties>
<property name="skip" value="Vaultwarden uses OIDC flow; covered in oidc-services.spec.ts">
</property>
</properties>
<skipped>
</skipped>
</testcase>
<testcase name="Forward Auth - Session Persistence › Session works across multiple forward-auth services" classname="forward-auth-services.spec.ts" time="5.048">
<system-out>
<![CDATA[
🧪 Testing session persistence across services

   Visiting JupyterHub...
   ✅ JupyterHub accessed without re-auth

   Visiting Prometheus...
   ✅ Prometheus accessed without re-auth

   Visiting Homepage...
   ✅ Homepage accessed without re-auth

   ✅ Session persisted across all services

]]>
</system-out>
</testcase>
</testsuite>
<testsuite name="oidc-services.spec.ts" timestamp="2026-03-03T00:54:14.375Z" hostname="chromium" tests="7" failures="4" skipped="1" time="109.389" errors="0">
<testcase name="OIDC Services - SSO Flow › Grafana - OIDC login flow" classname="oidc-services.spec.ts" time="0.217">
<properties>
<property name="skip" value="Grafana uses Auth Proxy (forward auth), not OIDC">
</property>
</properties>
<skipped>
</skipped>
</testcase>
<testcase name="OIDC Services - SSO Flow › Mastodon - OIDC login flow" classname="oidc-services.spec.ts" time="16.365">
<failure message="oidc-services.spec.ts:253:7 Mastodon - OIDC login flow" type="FAILURE">
<![CDATA[  [chromium] › oidc-services.spec.ts:253:7 › OIDC Services - SSO Flow › Mastodon - OIDC login flow ─

    Error: Expected authenticated Mastodon page but found disallowed state. Page content matched disallowed pattern: /Create account|Log in/i

      206 |         ? `URL matched disallowed pattern: ${disallowedUrl}`
      207 |         : `Page content matched disallowed pattern: ${disallowedMatch}`;
    > 208 |       throw new Error(`Expected authenticated ${serviceName} page but found disallowed state. ${reason}`);
          |             ^
      209 |     }
      210 |
      211 |     if (matchesPattern) {
        at testOIDCService (/app/playwright-tests/tests/oidc-services.spec.ts:208:13)
        at /app/playwright-tests/tests/oidc-services.spec.ts:254:5

    attachment #1: screenshot (image/png) ──────────────────────────────────────────────────────────
    ../test-results/oidc-services-OIDC-Service-05851--Mastodon---OIDC-login-flow-chromium/test-failed-1.png
    ────────────────────────────────────────────────────────────────────────────────────────────────

    attachment #2: video (video/webm) ──────────────────────────────────────────────────────────────
    ../test-results/oidc-services-OIDC-Service-05851--Mastodon---OIDC-login-flow-chromium/video.webm
    ────────────────────────────────────────────────────────────────────────────────────────────────

    Error Context: ../test-results/oidc-services-OIDC-Service-05851--Mastodon---OIDC-login-flow-chromium/error-context.md
]]>
</failure>
<system-out>
<![CDATA[
🧪 Testing Mastodon OIDC login
   → Mastodon REQUEST: GET https://mastodon.datamancy.net/
   ← Mastodon RESPONSE: 200 https://mastodon.datamancy.net/

   📊 Mastodon Login Page Telemetry:
   ═══════════════════════════════════════════════════════════════════════════
   URL:   https://mastodon.datamancy.net/
   Title: "Mastodon"
   ───────────────────────────────────────────────────────────────────────────
   Inputs: (none)
   Buttons: (none)
   Links: (none)
   ═══════════════════════════════════════════════════════════════════════════


🔗 Initiating OIDC login with: Authelia

   📊 Service Login Page (pre-OIDC) Telemetry:
   ═══════════════════════════════════════════════════════════════════════════
   URL:   https://mastodon.datamancy.net/
   Title: "Mastodon"
   ───────────────────────────────────────────────────────────────────────────
   Inputs: (none)
   Buttons (4):
     [0] type="button" text=""
     [1] type="" text="Create account"
     [2] type="" text="Create account"
     [3] type="" text=""
         aria-label="Menu"
   Links (showing first 10 of 15):
     [1] "‌‌ ‌" → /@undefined
     [2] "About" → /about
     [3] "Profiles directory" → /directory
     [4] "Privacy policy" → /privacy-policy
     [5] "About" → https://joinmastodon.org
     [6] "Get the app" → https://joinmastodon.org/apps
     [7] "Keyboard shortcuts" → /keyboard-shortcuts
     [8] "View source code" → https://github.com/mastodon/mastodon
     [9] "Mastodon" → /
   Headings (1):
   ARIA Roles: img(2), presentation(1), region(1)
   ═══════════════════════════════════════════════════════════════════════════


🔗 Initiating OIDC login with: SSO

   📊 Service Login Page (pre-OIDC) Telemetry:
   ═══════════════════════════════════════════════════════════════════════════
   URL:   https://mastodon.datamancy.net/explore
   Title: "Mastodon"
   ───────────────────────────────────────────────────────────────────────────
   Inputs (1):
     [0] type="text" name="" id=""
         placeholder="Search"
         aria-label="Search"
         class="search__input"
   Buttons (4):
     [0] type="button" text=""
     [1] type="" text="Create account"
     [2] type="" text="Create account"
     [3] type="" text=""
         aria-label="Menu"
   Links (showing first 10 of 15):
     [1] "‌‌ ‌" → /@undefined
     [2] "About" → /about
     [3] "Profiles directory" → /directory
     [4] "Privacy policy" → /privacy-policy
     [5] "About" → https://joinmastodon.org
     [6] "Get the app" → https://joinmastodon.org/apps
     [7] "Keyboard shortcuts" → /keyboard-shortcuts
     [8] "View source code" → https://github.com/mastodon/mastodon
     [9] "Mastodon" → /
   Headings (1):
   ARIA Roles: img(2), presentation(1), region(1)
   ═══════════════════════════════════════════════════════════════════════════


🔗 Initiating OIDC login with: OpenID

   📊 Service Login Page (pre-OIDC) Telemetry:
   ═══════════════════════════════════════════════════════════════════════════
   URL:   https://mastodon.datamancy.net/explore
   Title: "Mastodon"
   ───────────────────────────────────────────────────────────────────────────
   Inputs (1):
     [0] type="text" name="" id=""
         placeholder="Search"
         aria-label="Search"
         class="search__input"
   Buttons (6):
     [0] type="button" text=""
     [1] type="" text="Trending"
     [2] type="button" text=""
     [3] type="" text="Create account"
     [4] type="" text="Create account"
     [5] type="" text=""
         aria-label="Menu"
   Links (showing first 10 of 18):
     [1] "‌‌ ‌" → /@undefined
     [2] "About" → /about
     [3] "Profiles directory" → /directory
     [4] "Privacy policy" → /privacy-policy
     [5] "About" → https://joinmastodon.org
     [6] "Get the app" → https://joinmastodon.org/apps
     [7] "Keyboard shortcuts" → /keyboard-shortcuts
     [8] "View source code" → https://github.com/mastodon/mastodon
     [9] "Posts" → /explore
   Headings (1):
     <h1> Trending
   ARIA Roles: img(3), presentation(1), region(1)
   ═══════════════════════════════════════════════════════════════════════════


🔗 Initiating OIDC login with: OpenID Connect

   📊 Service Login Page (pre-OIDC) Telemetry:
   ═══════════════════════════════════════════════════════════════════════════
   URL:   https://mastodon.datamancy.net/explore
   Title: "Trending - Mastodon"
   ───────────────────────────────────────────────────────────────────────────
   Inputs (2):
     [0] type="text" name="" id=""
         placeholder="Search"
         aria-label="Search"
         class="search__input"
     [1] type="text" name="" id=""
         placeholder="Search"
         aria-label="Search"
         class="search__input"
   Buttons (6):
     [0] type="button" text=""
     [1] type="" text="Trending"
     [2] type="button" text=""
     [3] type="" text="Create account"
     [4] type="" text="Create account"
     [5] type="" text=""
         aria-label="Menu"
   Links (showing first 10 of 18):
     [1] "‌‌ ‌" → /@undefined
     [2] "About" → /about
     [3] "Profiles directory" → /directory
     [4] "Privacy policy" → /privacy-policy
     [5] "About" → https://joinmastodon.org
     [6] "Get the app" → https://joinmastodon.org/apps
     [7] "Keyboard shortcuts" → /keyboard-shortcuts
     [8] "View source code" → https://github.com/mastodon/mastodon
     [9] "Posts" → /explore
   Headings (1):
     <h1> Trending
   ARIA Roles: img(3), presentation(1), region(1)
   ═══════════════════════════════════════════════════════════════════════════

   ℹ️  OIDC button not found - attempting to reach login screen...
   → Mastodon REQUEST: GET https://mastodon.datamancy.net/auth/sign_in
   ← Mastodon RESPONSE: 200 https://mastodon.datamancy.net/auth/sign_in

   📊 Mastodon Login Page (post-nav) Telemetry:
   ═══════════════════════════════════════════════════════════════════════════
   URL:   https://mastodon.datamancy.net/auth/sign_in
   Title: "Log in - Mastodon"
   ───────────────────────────────────────────────────────────────────────────
   Inputs: (none)
   Buttons: (none)
   Links (showing first 10 of 5):
     [1] "Authelia" → /auth/auth/openid_connect
     [2] "Sign up" → https://joinmastodon.org/#getting-started
     [3] "Forgot your password?" → /auth/password/new
     [4] "Didn't receive a confirmation link?" → /auth/confirmation/new
   Headings (1):
   ═══════════════════════════════════════════════════════════════════════════


🔗 Initiating OIDC login with: Authelia

   📊 Service Login Page (pre-OIDC) Telemetry:
   ═══════════════════════════════════════════════════════════════════════════
   URL:   https://mastodon.datamancy.net/auth/sign_in
   Title: "Log in - Mastodon"
   ───────────────────────────────────────────────────────────────────────────
   Inputs: (none)
   Buttons: (none)
   Links (showing first 10 of 5):
     [1] "Authelia" → /auth/auth/openid_connect
     [2] "Sign up" → https://joinmastodon.org/#getting-started
     [3] "Forgot your password?" → /auth/password/new
     [4] "Didn't receive a confirmation link?" → /auth/confirmation/new
   Headings (1):
   ═══════════════════════════════════════════════════════════════════════════

   → Mastodon REQUEST: POST https://mastodon.datamancy.net/auth/auth/openid_connect
   ← Mastodon RESPONSE: 302 https://mastodon.datamancy.net/auth/auth/openid_connect
   → Mastodon REQUEST: GET https://auth.datamancy.net/api/oidc/authorization?client_id=mastodon&nonce=e270a27de3de6f1714ccc3585970962f&redirect_uri=https%3A%2F%2Fmastodon.datamancy.net%2Fauth%2Fauth%2Fopenid_connect%2Fcallback&response_type=code&scope=openid%20profile%20email&state=a913dc09d83833482f8315a4db7436bb
   ← Mastodon RESPONSE: 302 https://auth.datamancy.net/api/oidc/authorization?client_id=mastodon&nonce=e270a27de3de6f1714ccc3585970962f&redirect_uri=https%3A%2F%2Fmastodon.datamancy.net%2Fauth%2Fauth%2Fopenid_connect%2Fcallback&response_type=code&scope=openid%20profile%20email&state=a913dc09d83833482f8315a4db7436bb
   → Mastodon REQUEST: GET https://auth.datamancy.net/?flow=openid_connect&flow_id=0483437c-f6e8-4587-b7a7-52ec48b2f42e
   ← Mastodon RESPONSE: 200 https://auth.datamancy.net/?flow=openid_connect&flow_id=0483437c-f6e8-4587-b7a7-52ec48b2f42e
   ✓ Clicked OIDC button: Authelia
   ✓ Redirected to Authelia: https://auth.datamancy.net/?flow=openid_connect&flow_id=0483437c-f6e8-4587-b7a7-52ec48b2f42e


🔐 Logging in with Authelia as: plmm9wag53i8v

   📊 Authelia Login Page Telemetry:
   ═══════════════════════════════════════════════════════════════════════════
   URL:   https://auth.datamancy.net/?flow=openid_connect&flow_id=0483437c-f6e8-4587-b7a7-52ec48b2f42e
   Title: ""
   ───────────────────────────────────────────────────────────────────────────
   Inputs: (none)
   Buttons: (none)
   Links: (none)
   ═══════════════════════════════════════════════════════════════════════════

   ✓ Username entered
   ✓ Password entered
   ✓ Submit clicked and auth response received
   ✓ Redirected to: https://auth.datamancy.net/?flow=openid_connect&flow_id=0483437c-f6e8-4587-b7a7-52ec48b2f42e

🔍 Checking for OIDC consent screen...
   → Mastodon REQUEST: GET https://auth.datamancy.net/api/oidc/authorization?client_id=mastodon&consent_id=0483437c-f6e8-4587-b7a7-52ec48b2f42e&nonce=e270a27de3de6f1714ccc3585970962f&redirect_uri=https%3A%2F%2Fmastodon.datamancy.net%2Fauth%2Fauth%2Fopenid_connect%2Fcallback&response_type=code&scope=openid+profile+email&state=a913dc09d83833482f8315a4db7436bb
   ← Mastodon RESPONSE: 302 https://auth.datamancy.net/api/oidc/authorization?client_id=mastodon&consent_id=0483437c-f6e8-4587-b7a7-52ec48b2f42e&nonce=e270a27de3de6f1714ccc3585970962f&redirect_uri=https%3A%2F%2Fmastodon.datamancy.net%2Fauth%2Fauth%2Fopenid_connect%2Fcallback&response_type=code&scope=openid+profile+email&state=a913dc09d83833482f8315a4db7436bb
   → Mastodon REQUEST: GET https://auth.datamancy.net/consent/openid/decision?flow=openid_connect&flow_id=0483437c-f6e8-4587-b7a7-52ec48b2f42e
   ← Mastodon RESPONSE: 200 https://auth.datamancy.net/consent/openid/decision?flow=openid_connect&flow_id=0483437c-f6e8-4587-b7a7-52ec48b2f42e
   ✓ Consent screen URL detected

   📊 Consent Screen Telemetry:
   ═══════════════════════════════════════════════════════════════════════════
   URL:   https://auth.datamancy.net/consent/openid/decision?flow=openid_connect&flow_id=0483437c-f6e8-4587-b7a7-52ec48b2f42e
   Title: "Login - Authelia"
   ───────────────────────────────────────────────────────────────────────────
   Inputs: (none)
   Buttons (5):
     [0] type="button" text="English"
         id="language-button"
         aria-label="Language"
     [1] type="button" text="Logout"
         id="logout-button"
         aria-label="Logout and clear any current flow"
     [2] type="button" text="Switch User"
         id="switch-user-button"
         aria-label="Logout and continue the current flow"
     [3] type="button" text="Accept"
         id="openid-consent-accept"
     [4] type="button" text="Deny"
         id="openid-consent-deny"
   Links (showing first 10 of 1):
     [0] "Powered by Authelia" → https://www.authelia.com
   ARIA Roles: tooltip(1)
   ═══════════════════════════════════════════════════════════════════════════

   ✓ Consent button found
   ✓ Consent granted

   → Mastodon REQUEST: GET https://auth.datamancy.net/api/oidc/authorization?client_id=mastodon&consent_id=0483437c-f6e8-4587-b7a7-52ec48b2f42e&nonce=e270a27de3de6f1714ccc3585970962f&redirect_uri=https%3A%2F%2Fmastodon.datamancy.net%2Fauth%2Fauth%2Fopenid_connect%2Fcallback&response_type=code&scope=openid+profile+email&state=a913dc09d83833482f8315a4db7436bb
   ← Mastodon RESPONSE: 303 https://auth.datamancy.net/api/oidc/authorization?client_id=mastodon&consent_id=0483437c-f6e8-4587-b7a7-52ec48b2f42e&nonce=e270a27de3de6f1714ccc3585970962f&redirect_uri=https%3A%2F%2Fmastodon.datamancy.net%2Fauth%2Fauth%2Fopenid_connect%2Fcallback&response_type=code&scope=openid+profile+email&state=a913dc09d83833482f8315a4db7436bb
   → Mastodon REQUEST: GET https://mastodon.datamancy.net/auth/auth/openid_connect/callback?code=authelia_ac_NcZg9sjTqX5OAfHKyohemYaA9MfsBwX-d8y-LbOZyKY.ijHdtMOWgkDHzfmUASYs3NwSq9429mwsPceODGvcDiI&iss=https%3A%2F%2Fauth.datamancy.net&scope=openid+profile+email&state=a913dc09d83833482f8315a4db7436bb
   ← Mastodon RESPONSE: 302 https://mastodon.datamancy.net/auth/auth/openid_connect/callback?code=authelia_ac_NcZg9sjTqX5OAfHKyohemYaA9MfsBwX-d8y-LbOZyKY.ijHdtMOWgkDHzfmUASYs3NwSq9429mwsPceODGvcDiI&iss=https%3A%2F%2Fauth.datamancy.net&scope=openid+profile+email&state=a913dc09d83833482f8315a4db7436bb
   → Mastodon REQUEST: GET https://mastodon.datamancy.net/auth/sign_in
   ← Mastodon RESPONSE: 200 https://mastodon.datamancy.net/auth/sign_in

   📊 Mastodon Dashboard Telemetry:
   ═══════════════════════════════════════════════════════════════════════════
   URL:   https://mastodon.datamancy.net/auth/sign_in
   Title: "Log in - Mastodon"
   ───────────────────────────────────────────────────────────────────────────
   Inputs: (none)
   Buttons: (none)
   Links (showing first 10 of 5):
     [1] "Authelia" → /auth/auth/openid_connect
     [2] "Sign up" → https://joinmastodon.org/#getting-started
     [3] "Forgot your password?" → /auth/password/new
     [4] "Didn't receive a confirmation link?" → /auth/confirmation/new
   Headings (1):
   ═══════════════════════════════════════════════════════════════════════════

   ⏳ Detected disallowed state for Mastodon, waiting for redirect... (1/5)
   ⏳ Detected disallowed state for Mastodon, waiting for redirect... (2/5)
   ⏳ Detected disallowed state for Mastodon, waiting for redirect... (3/5)
   ⏳ Detected disallowed state for Mastodon, waiting for redirect... (4/5)

[[ATTACHMENT|oidc-services-OIDC-Service-05851--Mastodon---OIDC-login-flow-chromium/test-failed-1.png]]

[[ATTACHMENT|oidc-services-OIDC-Service-05851--Mastodon---OIDC-login-flow-chromium/video.webm]]

[[ATTACHMENT|oidc-services-OIDC-Service-05851--Mastodon---OIDC-login-flow-chromium/error-context.md]]
]]>
</system-out>
</testcase>
<testcase name="OIDC Services - SSO Flow › Forgejo - OIDC login flow" classname="oidc-services.spec.ts" time="33.8">
<failure message="oidc-services.spec.ts:269:7 Forgejo - OIDC login flow" type="FAILURE">
<![CDATA[  [chromium] › oidc-services.spec.ts:269:7 › OIDC Services - SSO Flow › Forgejo - OIDC login flow ──

    Error: expect(page).not.toHaveURL(expected) failed

    Expected pattern: not /auth\.|authelia/
    Received string: "https://forgejo.datamancy.net/user/oauth2/Authelia/callback?code=authelia_ac_CUEHhCldEF6c3Jco6kG9bfNv7Avn7kYBq8JRU3oZz5I.yb_06vVQBCGCkN_LdDawASZCUmKZ13R8WFDiAjYNyrc&iss=https%3A%2F%2Fauth.datamancy.net&scope=openid+profile+email+groups&state=75e7ece1-aeae-4fc4-9a3d-0395e422e6b7"
    Timeout: 5000ms

    Call log:
      - Expect "not toHaveURL" with timeout 5000ms
        9 × unexpected value "https://forgejo.datamancy.net/user/oauth2/Authelia/callback?code=authelia_ac_CUEHhCldEF6c3Jco6kG9bfNv7Avn7kYBq8JRU3oZz5I.yb_06vVQBCGCkN_LdDawASZCUmKZ13R8WFDiAjYNyrc&iss=https%3A%2F%2Fauth.datamancy.net&scope=openid+profile+email+groups&state=75e7ece1-aeae-4fc4-9a3d-0395e422e6b7"


      166 |
      167 |   // CRITICAL ASSERTION: Must NOT be on auth page
    > 168 |   await expect(page).not.toHaveURL(/auth\.|authelia/);
          |                          ^
      169 |
      170 |   await logPageTelemetry(page, `${serviceName} Dashboard`);
      171 |
        at testOIDCService (/app/playwright-tests/tests/oidc-services.spec.ts:168:26)
        at /app/playwright-tests/tests/oidc-services.spec.ts:270:5

    attachment #1: screenshot (image/png) ──────────────────────────────────────────────────────────
    ../test-results/oidc-services-OIDC-Service-7cc3d-w-Forgejo---OIDC-login-flow-chromium/test-failed-1.png
    ────────────────────────────────────────────────────────────────────────────────────────────────

    attachment #2: video (video/webm) ──────────────────────────────────────────────────────────────
    ../test-results/oidc-services-OIDC-Service-7cc3d-w-Forgejo---OIDC-login-flow-chromium/video.webm
    ────────────────────────────────────────────────────────────────────────────────────────────────

    Error Context: ../test-results/oidc-services-OIDC-Service-7cc3d-w-Forgejo---OIDC-login-flow-chromium/error-context.md
]]>
</failure>
<system-out>
<![CDATA[
🧪 Testing Forgejo OIDC login
   → Forgejo REQUEST: GET https://forgejo.datamancy.net/
   ← Forgejo RESPONSE: 200 https://forgejo.datamancy.net/

   📊 Forgejo Login Page Telemetry:
   ═══════════════════════════════════════════════════════════════════════════
   URL:   https://forgejo.datamancy.net/
   Title: "Forgejo: Beyond coding. We forge."
   ───────────────────────────────────────────────────────────────────────────
   Inputs: (none)
   Buttons (1):
     [0] type="" text=""
         id="navbar-expand-toggle"
         aria-label="Toggle menu"
   Links (showing first 10 of 41):
     [1] "Explore" → /explore/repos
     [2] "Help" → https://forgejo.org/docs/latest/
     [3] "Sign in" → /user/login?redirect_to=%2f
     [4] "run the binary" → https://forgejo.org/download/#installation-from-bi
     [5] "Docker" → https://forgejo.org/download/#container-image
     [6] "packaged" → https://forgejo.org/download
     [7] "Forgejo" → https://forgejo.org/download
     [8] "contributing" → https://codeberg.org/forgejo/forgejo
     [9] "Powered by Forgejo" → https://forgejo.org
   Headings (6):
     <h1> Forgejo: Beyond coding. We forge.
     <h2> A painless, self-hosted Git service
     <h1> Easy to install
     <h1> Cross-platform
     <h1> Lightweight
     <h1> Open Source
   ARIA Roles: main(1), group(2), contentinfo(1), menu(1), (1), menuitem(29)
   ═══════════════════════════════════════════════════════════════════════════


🔗 Initiating OIDC login with: Authelia

   📊 Service Login Page (pre-OIDC) Telemetry:
   ═══════════════════════════════════════════════════════════════════════════
   URL:   https://forgejo.datamancy.net/
   Title: "Forgejo: Beyond coding. We forge."
   ───────────────────────────────────────────────────────────────────────────
   Inputs: (none)
   Buttons (1):
     [0] type="" text=""
         id="navbar-expand-toggle"
         aria-label="Toggle menu"
   Links (showing first 10 of 41):
     [1] "Explore" → /explore/repos
     [2] "Help" → https://forgejo.org/docs/latest/
     [3] "Sign in" → /user/login?redirect_to=%2f
     [4] "run the binary" → https://forgejo.org/download/#installation-from-bi
     [5] "Docker" → https://forgejo.org/download/#container-image
     [6] "packaged" → https://forgejo.org/download
     [7] "Forgejo" → https://forgejo.org/download
     [8] "contributing" → https://codeberg.org/forgejo/forgejo
     [9] "Powered by Forgejo" → https://forgejo.org
   Headings (6):
     <h1> Forgejo: Beyond coding. We forge.
     <h2> A painless, self-hosted Git service
     <h1> Easy to install
     <h1> Cross-platform
     <h1> Lightweight
     <h1> Open Source
   ARIA Roles: main(1), group(2), contentinfo(1), menu(1), (1), menuitem(29)
   ═══════════════════════════════════════════════════════════════════════════


🔗 Initiating OIDC login with: OpenID

   📊 Service Login Page (pre-OIDC) Telemetry:
   ═══════════════════════════════════════════════════════════════════════════
   URL:   https://forgejo.datamancy.net/
   Title: "Forgejo: Beyond coding. We forge."
   ───────────────────────────────────────────────────────────────────────────
   Inputs: (none)
   Buttons (1):
     [0] type="" text=""
         id="navbar-expand-toggle"
         aria-label="Toggle menu"
   Links (showing first 10 of 41):
     [1] "Explore" → /explore/repos
     [2] "Help" → https://forgejo.org/docs/latest/
     [3] "Sign in" → /user/login?redirect_to=%2f
     [4] "run the binary" → https://forgejo.org/download/#installation-from-bi
     [5] "Docker" → https://forgejo.org/download/#container-image
     [6] "packaged" → https://forgejo.org/download
     [7] "Forgejo" → https://forgejo.org/download
     [8] "contributing" → https://codeberg.org/forgejo/forgejo
     [9] "Powered by Forgejo" → https://forgejo.org
   Headings (6):
     <h1> Forgejo: Beyond coding. We forge.
     <h2> A painless, self-hosted Git service
     <h1> Easy to install
     <h1> Cross-platform
     <h1> Lightweight
     <h1> Open Source
   ARIA Roles: main(1), group(2), contentinfo(1), menu(1), (1), menuitem(29)
   ═══════════════════════════════════════════════════════════════════════════


🔗 Initiating OIDC login with: OpenID Connect

   📊 Service Login Page (pre-OIDC) Telemetry:
   ═══════════════════════════════════════════════════════════════════════════
   URL:   https://forgejo.datamancy.net/
   Title: "Forgejo: Beyond coding. We forge."
   ───────────────────────────────────────────────────────────────────────────
   Inputs: (none)
   Buttons (1):
     [0] type="" text=""
         id="navbar-expand-toggle"
         aria-label="Toggle menu"
   Links (showing first 10 of 41):
     [1] "Explore" → /explore/repos
     [2] "Help" → https://forgejo.org/docs/latest/
     [3] "Sign in" → /user/login?redirect_to=%2f
     [4] "run the binary" → https://forgejo.org/download/#installation-from-bi
     [5] "Docker" → https://forgejo.org/download/#container-image
     [6] "packaged" → https://forgejo.org/download
     [7] "Forgejo" → https://forgejo.org/download
     [8] "contributing" → https://codeberg.org/forgejo/forgejo
     [9] "Powered by Forgejo" → https://forgejo.org
   Headings (6):
     <h1> Forgejo: Beyond coding. We forge.
     <h2> A painless, self-hosted Git service
     <h1> Easy to install
     <h1> Cross-platform
     <h1> Lightweight
     <h1> Open Source
   ARIA Roles: main(1), group(2), contentinfo(1), menu(1), (1), menuitem(29)
   ═══════════════════════════════════════════════════════════════════════════


🔗 Initiating OIDC login with: OIDC

   📊 Service Login Page (pre-OIDC) Telemetry:
   ═══════════════════════════════════════════════════════════════════════════
   URL:   https://forgejo.datamancy.net/
   Title: "Forgejo: Beyond coding. We forge."
   ───────────────────────────────────────────────────────────────────────────
   Inputs: (none)
   Buttons (1):
     [0] type="" text=""
         id="navbar-expand-toggle"
         aria-label="Toggle menu"
   Links (showing first 10 of 41):
     [1] "Explore" → /explore/repos
     [2] "Help" → https://forgejo.org/docs/latest/
     [3] "Sign in" → /user/login?redirect_to=%2f
     [4] "run the binary" → https://forgejo.org/download/#installation-from-bi
     [5] "Docker" → https://forgejo.org/download/#container-image
     [6] "packaged" → https://forgejo.org/download
     [7] "Forgejo" → https://forgejo.org/download
     [8] "contributing" → https://codeberg.org/forgejo/forgejo
     [9] "Powered by Forgejo" → https://forgejo.org
   Headings (6):
     <h1> Forgejo: Beyond coding. We forge.
     <h2> A painless, self-hosted Git service
     <h1> Easy to install
     <h1> Cross-platform
     <h1> Lightweight
     <h1> Open Source
   ARIA Roles: main(1), group(2), contentinfo(1), menu(1), (1), menuitem(29)
   ═══════════════════════════════════════════════════════════════════════════

   ℹ️  OIDC button not found - attempting to reach login screen...
   → Forgejo REQUEST: GET https://forgejo.datamancy.net/user/login?redirect_to=%2f
   ← Forgejo RESPONSE: 200 https://forgejo.datamancy.net/user/login?redirect_to=%2f

   📊 Forgejo Login Page (post-nav) Telemetry:
   ═══════════════════════════════════════════════════════════════════════════
   URL:   https://forgejo.datamancy.net/user/login?redirect_to=%2f
   Title: "Sign in - Forgejo: Beyond coding. We forge."
   ───────────────────────────────────────────────────────────────────────────
   Inputs (4):
     [0] type="hidden" name="_csrf" id=""
     [1] type="text" name="user_name" id="user_name"
     [2] type="password" name="password" id="password"
     [3] type="checkbox" name="remember" id="_aria_auto_id_0"
   Buttons (2):
     [0] type="" text=""
         id="navbar-expand-toggle"
         aria-label="Toggle menu"
     [1] type="" text="Sign in"
   Links (showing first 10 of 39):
     [1] "Explore" → /explore/repos
     [2] "Help" → https://forgejo.org/docs/latest/
     [3] "Sign in" → /user/login
     [4] "Sign in with Authelia" → /user/oauth2/Authelia
     [5] "Proceed with OpenID" → /user/login/openid
     [6] "Forgot password?" → /user/forgot_password
     [7] "Powered by Forgejo" → https://forgejo.org
     [8] "Bahasa Indonesia" → 
     [9] "Deutsch" → 
   ARIA Roles: main(1), group(2), contentinfo(1), menu(1), (1), menuitem(29)
   ═══════════════════════════════════════════════════════════════════════════


🔗 Initiating OIDC login with: Authelia

   📊 Service Login Page (pre-OIDC) Telemetry:
   ═══════════════════════════════════════════════════════════════════════════
   URL:   https://forgejo.datamancy.net/user/login?redirect_to=%2f
   Title: "Sign in - Forgejo: Beyond coding. We forge."
   ───────────────────────────────────────────────────────────────────────────
   Inputs (4):
     [0] type="hidden" name="_csrf" id=""
     [1] type="text" name="user_name" id="user_name"
     [2] type="password" name="password" id="password"
     [3] type="checkbox" name="remember" id="_aria_auto_id_0"
   Buttons (2):
     [0] type="" text=""
         id="navbar-expand-toggle"
         aria-label="Toggle menu"
     [1] type="" text="Sign in"
   Links (showing first 10 of 39):
     [1] "Explore" → /explore/repos
     [2] "Help" → https://forgejo.org/docs/latest/
     [3] "Sign in" → /user/login
     [4] "Sign in with Authelia" → /user/oauth2/Authelia
     [5] "Proceed with OpenID" → /user/login/openid
     [6] "Forgot password?" → /user/forgot_password
     [7] "Powered by Forgejo" → https://forgejo.org
     [8] "Bahasa Indonesia" → 
     [9] "Deutsch" → 
   ARIA Roles: main(1), group(2), contentinfo(1), menu(1), (1), menuitem(29)
   ═══════════════════════════════════════════════════════════════════════════

   → Forgejo REQUEST: GET https://forgejo.datamancy.net/user/oauth2/Authelia
   ← Forgejo RESPONSE: 307 https://forgejo.datamancy.net/user/oauth2/Authelia
   → Forgejo REQUEST: GET https://auth.datamancy.net/api/oidc/authorization?client_id=forgejo&redirect_uri=https%3A%2F%2Fforgejo.datamancy.net%2Fuser%2Foauth2%2FAuthelia%2Fcallback&response_type=code&scope=openid+profile+email+groups+openid&state=75e7ece1-aeae-4fc4-9a3d-0395e422e6b7
   ← Forgejo RESPONSE: 302 https://auth.datamancy.net/api/oidc/authorization?client_id=forgejo&redirect_uri=https%3A%2F%2Fforgejo.datamancy.net%2Fuser%2Foauth2%2FAuthelia%2Fcallback&response_type=code&scope=openid+profile+email+groups+openid&state=75e7ece1-aeae-4fc4-9a3d-0395e422e6b7
   → Forgejo REQUEST: GET https://auth.datamancy.net/?flow=openid_connect&flow_id=40b48052-a1b9-4b0d-b805-57a5570bc343
   ← Forgejo RESPONSE: 200 https://auth.datamancy.net/?flow=openid_connect&flow_id=40b48052-a1b9-4b0d-b805-57a5570bc343
   ✓ Clicked OIDC button: Authelia
   ✓ Redirected to Authelia: https://auth.datamancy.net/?flow=openid_connect&flow_id=40b48052-a1b9-4b0d-b805-57a5570bc343


🔐 Logging in with Authelia as: plmm9wag53i8v

   📊 Authelia Login Page Telemetry:
   ═══════════════════════════════════════════════════════════════════════════
   URL:   https://auth.datamancy.net/?flow=openid_connect&flow_id=40b48052-a1b9-4b0d-b805-57a5570bc343
   Title: ""
   ───────────────────────────────────────────────────────────────────────────
   Inputs: (none)
   Buttons: (none)
   Links: (none)
   ═══════════════════════════════════════════════════════════════════════════

   ✓ Username entered
   ✓ Password entered
   ✓ Submit clicked and auth response received
   ✓ Redirected to: https://auth.datamancy.net/?flow=openid_connect&flow_id=40b48052-a1b9-4b0d-b805-57a5570bc343

🔍 Checking for OIDC consent screen...
   → Forgejo REQUEST: GET https://auth.datamancy.net/api/oidc/authorization?client_id=forgejo&consent_id=40b48052-a1b9-4b0d-b805-57a5570bc343&redirect_uri=https%3A%2F%2Fforgejo.datamancy.net%2Fuser%2Foauth2%2FAuthelia%2Fcallback&response_type=code&scope=openid+profile+email+groups+openid&state=75e7ece1-aeae-4fc4-9a3d-0395e422e6b7
   ← Forgejo RESPONSE: 302 https://auth.datamancy.net/api/oidc/authorization?client_id=forgejo&consent_id=40b48052-a1b9-4b0d-b805-57a5570bc343&redirect_uri=https%3A%2F%2Fforgejo.datamancy.net%2Fuser%2Foauth2%2FAuthelia%2Fcallback&response_type=code&scope=openid+profile+email+groups+openid&state=75e7ece1-aeae-4fc4-9a3d-0395e422e6b7
   → Forgejo REQUEST: GET https://auth.datamancy.net/consent/openid/decision?flow=openid_connect&flow_id=40b48052-a1b9-4b0d-b805-57a5570bc343
   ← Forgejo RESPONSE: 200 https://auth.datamancy.net/consent/openid/decision?flow=openid_connect&flow_id=40b48052-a1b9-4b0d-b805-57a5570bc343
   ✓ Consent screen URL detected

   📊 Consent Screen Telemetry:
   ═══════════════════════════════════════════════════════════════════════════
   URL:   https://auth.datamancy.net/consent/openid/decision?flow=openid_connect&flow_id=40b48052-a1b9-4b0d-b805-57a5570bc343
   Title: "Login - Authelia"
   ───────────────────────────────────────────────────────────────────────────
   Inputs: (none)
   Buttons (5):
     [0] type="button" text="English"
         id="language-button"
         aria-label="Language"
     [1] type="button" text="Logout"
         id="logout-button"
         aria-label="Logout and clear any current flow"
     [2] type="button" text="Switch User"
         id="switch-user-button"
         aria-label="Logout and continue the current flow"
     [3] type="button" text="Accept"
         id="openid-consent-accept"
     [4] type="button" text="Deny"
         id="openid-consent-deny"
   Links (showing first 10 of 1):
     [0] "Powered by Authelia" → https://www.authelia.com
   ARIA Roles: tooltip(1)
   ═══════════════════════════════════════════════════════════════════════════

   ✓ Consent button found
   ✓ Consent granted

   → Forgejo REQUEST: GET https://auth.datamancy.net/api/oidc/authorization?client_id=forgejo&consent_id=40b48052-a1b9-4b0d-b805-57a5570bc343&redirect_uri=https%3A%2F%2Fforgejo.datamancy.net%2Fuser%2Foauth2%2FAuthelia%2Fcallback&response_type=code&scope=openid+profile+email+groups+openid&state=75e7ece1-aeae-4fc4-9a3d-0395e422e6b7
   ← Forgejo RESPONSE: 303 https://auth.datamancy.net/api/oidc/authorization?client_id=forgejo&consent_id=40b48052-a1b9-4b0d-b805-57a5570bc343&redirect_uri=https%3A%2F%2Fforgejo.datamancy.net%2Fuser%2Foauth2%2FAuthelia%2Fcallback&response_type=code&scope=openid+profile+email+groups+openid&state=75e7ece1-aeae-4fc4-9a3d-0395e422e6b7
   → Forgejo REQUEST: GET https://forgejo.datamancy.net/user/oauth2/Authelia/callback?code=authelia_ac_CUEHhCldEF6c3Jco6kG9bfNv7Avn7kYBq8JRU3oZz5I.yb_06vVQBCGCkN_LdDawASZCUmKZ13R8WFDiAjYNyrc&iss=https%3A%2F%2Fauth.datamancy.net&scope=openid+profile+email+groups&state=75e7ece1-aeae-4fc4-9a3d-0395e422e6b7
   ← Forgejo RESPONSE: 500 https://forgejo.datamancy.net/user/oauth2/Authelia/callback?code=authelia_ac_CUEHhCldEF6c3Jco6kG9bfNv7Avn7kYBq8JRU3oZz5I.yb_06vVQBCGCkN_LdDawASZCUmKZ13R8WFDiAjYNyrc&iss=https%3A%2F%2Fauth.datamancy.net&scope=openid+profile+email+groups&state=75e7ece1-aeae-4fc4-9a3d-0395e422e6b7

[[ATTACHMENT|oidc-services-OIDC-Service-7cc3d-w-Forgejo---OIDC-login-flow-chromium/test-failed-1.png]]

[[ATTACHMENT|oidc-services-OIDC-Service-7cc3d-w-Forgejo---OIDC-login-flow-chromium/video.webm]]

[[ATTACHMENT|oidc-services-OIDC-Service-7cc3d-w-Forgejo---OIDC-login-flow-chromium/error-context.md]]
]]>
</system-out>
</testcase>
<testcase name="OIDC Services - SSO Flow › BookStack - OIDC login flow" classname="oidc-services.spec.ts" time="7.294">
<system-out>
<![CDATA[
🧪 Testing BookStack OIDC login
   → BookStack REQUEST: GET https://bookstack.datamancy.net/
   ← BookStack RESPONSE: 302 https://bookstack.datamancy.net/
   → BookStack REQUEST: GET https://bookstack.datamancy.net/login
   ← BookStack RESPONSE: 200 https://bookstack.datamancy.net/login

   📊 BookStack Login Page Telemetry:
   ═══════════════════════════════════════════════════════════════════════════
   URL:   https://bookstack.datamancy.net/login
   Title: "BookStack"
   ───────────────────────────────────────────────────────────────────────────
   Inputs (1):
     [0] type="hidden" name="_token" id=""
   Buttons (2):
     [0] type="button" text=""
     [1] type="" text="Login with Authelia"
         id="oidc-login"
   Links (showing first 10 of 3):
     [0] "Skip to main content" → #main-content
     [1] "BookStack" → https://bookstack.datamancy.net
     [2] "Log in" → https://bookstack.datamancy.net/login
   Headings (1):
     <h1> Log In
   ARIA Roles: alert(3), presentation(10)
   ═══════════════════════════════════════════════════════════════════════════


🔗 Initiating OIDC login with: Authelia

   📊 Service Login Page (pre-OIDC) Telemetry:
   ═══════════════════════════════════════════════════════════════════════════
   URL:   https://bookstack.datamancy.net/login
   Title: "BookStack"
   ───────────────────────────────────────────────────────────────────────────
   Inputs (1):
     [0] type="hidden" name="_token" id=""
   Buttons (2):
     [0] type="button" text=""
     [1] type="" text="Login with Authelia"
         id="oidc-login"
   Links (showing first 10 of 3):
     [0] "Skip to main content" → #main-content
     [1] "BookStack" → https://bookstack.datamancy.net
     [2] "Log in" → https://bookstack.datamancy.net/login
   Headings (1):
     <h1> Log In
   ARIA Roles: alert(3), presentation(10)
   ═══════════════════════════════════════════════════════════════════════════

   → BookStack REQUEST: POST https://bookstack.datamancy.net/oidc/login
   ← BookStack RESPONSE: 302 https://bookstack.datamancy.net/oidc/login
   → BookStack REQUEST: GET https://auth.datamancy.net/api/oidc/authorization?state=122cf5347e16c727eb4ce3099d87f04d&scope=openid%20profile%20email&response_type=code&approval_prompt=auto&code_challenge=2pegnJix7cCpLgPbmR_ovGi12CdhTEJx8A1Fcd1xGvk&code_challenge_method=S256&redirect_uri=https%3A%2F%2Fbookstack.datamancy.net%2Foidc%2Fcallback&client_id=bookstack
   ← BookStack RESPONSE: 302 https://auth.datamancy.net/api/oidc/authorization?state=122cf5347e16c727eb4ce3099d87f04d&scope=openid%20profile%20email&response_type=code&approval_prompt=auto&code_challenge=2pegnJix7cCpLgPbmR_ovGi12CdhTEJx8A1Fcd1xGvk&code_challenge_method=S256&redirect_uri=https%3A%2F%2Fbookstack.datamancy.net%2Foidc%2Fcallback&client_id=bookstack
   → BookStack REQUEST: GET https://auth.datamancy.net/?flow=openid_connect&flow_id=ff6dc09f-bf89-48ef-b001-5609537a99ab
   ← BookStack RESPONSE: 200 https://auth.datamancy.net/?flow=openid_connect&flow_id=ff6dc09f-bf89-48ef-b001-5609537a99ab
   ✓ Clicked OIDC button: Authelia
   ✓ Redirected to Authelia: https://auth.datamancy.net/?flow=openid_connect&flow_id=ff6dc09f-bf89-48ef-b001-5609537a99ab


🔐 Logging in with Authelia as: plmm9wag53i8v

   📊 Authelia Login Page Telemetry:
   ═══════════════════════════════════════════════════════════════════════════
   URL:   https://auth.datamancy.net/?flow=openid_connect&flow_id=ff6dc09f-bf89-48ef-b001-5609537a99ab
   Title: ""
   ───────────────────────────────────────────────────────────────────────────
   Inputs: (none)
   Buttons: (none)
   Links: (none)
   ═══════════════════════════════════════════════════════════════════════════

   ✓ Username entered
   ✓ Password entered
   ✓ Submit clicked and auth response received
   ✓ Redirected to: https://auth.datamancy.net/?flow=openid_connect&flow_id=ff6dc09f-bf89-48ef-b001-5609537a99ab

🔍 Checking for OIDC consent screen...
   → BookStack REQUEST: GET https://auth.datamancy.net/api/oidc/authorization?approval_prompt=auto&client_id=bookstack&code_challenge=2pegnJix7cCpLgPbmR_ovGi12CdhTEJx8A1Fcd1xGvk&code_challenge_method=S256&consent_id=ff6dc09f-bf89-48ef-b001-5609537a99ab&redirect_uri=https%3A%2F%2Fbookstack.datamancy.net%2Foidc%2Fcallback&response_type=code&scope=openid+profile+email&state=122cf5347e16c727eb4ce3099d87f04d

   📊 Post-Login (No Consent) Telemetry:
   ═══════════════════════════════════════════════════════════════════════════
   ← BookStack RESPONSE: 303 https://auth.datamancy.net/api/oidc/authorization?approval_prompt=auto&client_id=bookstack&code_challenge=2pegnJix7cCpLgPbmR_ovGi12CdhTEJx8A1Fcd1xGvk&code_challenge_method=S256&consent_id=ff6dc09f-bf89-48ef-b001-5609537a99ab&redirect_uri=https%3A%2F%2Fbookstack.datamancy.net%2Foidc%2Fcallback&response_type=code&scope=openid+profile+email&state=122cf5347e16c727eb4ce3099d87f04d
   → BookStack REQUEST: GET https://bookstack.datamancy.net/oidc/callback?code=authelia_ac_CUQfYjbyzzcHC0Z1iRypuabXwUp6BoXffKLgx8GRNJM.Se_USKpvLC5ZqqV4DpUBtBCaIF5GO8qrGTU_MoaBPcU&iss=https%3A%2F%2Fauth.datamancy.net&scope=openid+profile+email&state=122cf5347e16c727eb4ce3099d87f04d
   ← BookStack RESPONSE: 302 https://bookstack.datamancy.net/oidc/callback?code=authelia_ac_CUQfYjbyzzcHC0Z1iRypuabXwUp6BoXffKLgx8GRNJM.Se_USKpvLC5ZqqV4DpUBtBCaIF5GO8qrGTU_MoaBPcU&iss=https%3A%2F%2Fauth.datamancy.net&scope=openid+profile+email&state=122cf5347e16c727eb4ce3099d87f04d
   → BookStack REQUEST: GET https://bookstack.datamancy.net/
   ← BookStack RESPONSE: 200 https://bookstack.datamancy.net/
   ═══════════════════════════════════════════════════════════════════════════

   ℹ️  No consent screen (already granted or not required)


   📊 BookStack Dashboard Telemetry:
   ═══════════════════════════════════════════════════════════════════════════
   URL:   https://bookstack.datamancy.net/
   Title: "BookStack"
   ───────────────────────────────────────────────────────────────────────────
   Inputs (8):
     [0] type="text" name="term" id="header-search-box-input"
         placeholder="Search"
         aria-label="Search"
     [1] type="hidden" name="_token" id=""
     [2] type="hidden" name="_method" id=""
     [3] type="hidden" name="_return" id=""
     [4] type="hidden" name="_token" id=""
     [5] type="hidden" name="_token" id=""
     [6] type="hidden" name="_method" id=""
     [7] type="hidden" name="_return" id=""
   Buttons (7):
     [0] type="button" text=""
     [1] type="submit" text=""
         id="header-search-box-button"
         aria-label="Search"
     [2] type="submit" text="View All"
     [3] type="" text="Dark Mode"
     [4] type="" text="Logout"
     [5] type="button" text="Toggle Details"
     [6] type="" text="Dark Mode"
   Links (showing first 10 of 39):
     [0] "Skip to main content" → #main-content
     [1] "BookStack" → https://bookstack.datamancy.net
     [2] "Search" → https://bookstack.datamancy.net/search
     [3] "Shelves" → https://bookstack.datamancy.net/shelves
     [4] "Books" → https://bookstack.datamancy.net/books
     [5] "My Favourites" → https://bookstack.datamancy.net/favourites
     [6] "View Profile" → https://bookstack.datamancy.net/user/test-user-plm
     [7] "My Account" → https://bookstack.datamancy.net/my-account
     [8] "Brass
            

    
    
    brass " → https://bookstack.datamancy.net/books/wikipedia-ar
     [9] "Antioxidant
            

    
    
    " → https://bookstack.datamancy.net/books/wikipedia-ar
   Headings (3):
     <h3> My Recently Viewed
     <h3> Recently Updated Pages
     <h3> Recent Activity
   ARIA Roles: alert(3), presentation(50), search(1), menu(1)
   ═══════════════════════════════════════════════════════════════════════════

   📸 Screenshot saved: bookstack-oidc-authenticated.jpg
   👀 REVIEW SCREENSHOT to verify correct page loaded
   ✅ BookStack OIDC login successful

]]>
</system-out>
<system-err>
<![CDATA[   ⚠️  Telemetry extraction error: Error: page.title: Execution context was destroyed, most likely because of a navigation
]]>
</system-err>
</testcase>
<testcase name="OIDC Services - SSO Flow › Planka - OIDC login flow" classname="oidc-services.spec.ts" time="14.221">
<failure message="oidc-services.spec.ts:295:7 Planka - OIDC login flow" type="FAILURE">
<![CDATA[  [chromium] › oidc-services.spec.ts:295:7 › OIDC Services - SSO Flow › Planka - OIDC login flow ───

    Error: Expected Planka page but UI pattern not found. Pattern: /Boards|Projects|Add board|Create board|New board/i, Title: "Planka"

      224 |     console.log(`   Pattern: ${uiPattern}`);
      225 |     console.log(`   Body length: ${bodyHTML.length} chars`);
    > 226 |     throw new Error(`Expected ${serviceName} page but UI pattern not found. Pattern: ${uiPattern}, Title: "${pageTitle}"`);
          |           ^
      227 |   }
      228 |
      229 |   // Capture screenshot for manual validation (compressed to prevent 5MB+ files)
        at testOIDCService (/app/playwright-tests/tests/oidc-services.spec.ts:226:11)
        at /app/playwright-tests/tests/oidc-services.spec.ts:296:5

    attachment #1: screenshot (image/png) ──────────────────────────────────────────────────────────
    ../test-results/oidc-services-OIDC-Service-79590-ow-Planka---OIDC-login-flow-chromium/test-failed-1.png
    ────────────────────────────────────────────────────────────────────────────────────────────────

    attachment #2: video (video/webm) ──────────────────────────────────────────────────────────────
    ../test-results/oidc-services-OIDC-Service-79590-ow-Planka---OIDC-login-flow-chromium/video.webm
    ────────────────────────────────────────────────────────────────────────────────────────────────

    Error Context: ../test-results/oidc-services-OIDC-Service-79590-ow-Planka---OIDC-login-flow-chromium/error-context.md
]]>
</failure>
<system-out>
<![CDATA[
🧪 Testing Planka OIDC login
   → Planka REQUEST: GET https://planka.datamancy.net/
   ← Planka RESPONSE: 200 https://planka.datamancy.net/

   📊 Planka Login Page Telemetry:
   ═══════════════════════════════════════════════════════════════════════════
   URL:   https://planka.datamancy.net/
   Title: "Planka"
   ───────────────────────────────────────────────────────────────────────────
   Inputs (2):
     [0] type="text" name="emailOrUsername" id=""
     [1] type="password" name="password" id=""
   Buttons (2):
     [0] type="" text="Log in"
     [1] type="button" text="Log in with SSO"
   Links: (none)
   Headings (3):
     <h1> Log in to Planka
     <h1> Planka
     <h2> Project management
   ═══════════════════════════════════════════════════════════════════════════


🔗 Initiating OIDC login with: Authelia

   📊 Service Login Page (pre-OIDC) Telemetry:
   ═══════════════════════════════════════════════════════════════════════════
   URL:   https://planka.datamancy.net/login
   Title: "Planka"
   ───────────────────────────────────────────────────────────────────────────
   Inputs (2):
     [0] type="text" name="emailOrUsername" id=""
     [1] type="password" name="password" id=""
   Buttons (2):
     [0] type="" text="Log in"
     [1] type="button" text="Log in with SSO"
   Links: (none)
   Headings (3):
     <h1> Log in to Planka
     <h1> Planka
     <h2> Project management
   ═══════════════════════════════════════════════════════════════════════════


🔗 Initiating OIDC login with: SSO

   📊 Service Login Page (pre-OIDC) Telemetry:
   ═══════════════════════════════════════════════════════════════════════════
   URL:   https://planka.datamancy.net/login
   Title: "Planka"
   ───────────────────────────────────────────────────────────────────────────
   Inputs (2):
     [0] type="text" name="emailOrUsername" id=""
     [1] type="password" name="password" id=""
   Buttons (2):
     [0] type="" text="Log in"
     [1] type="button" text="Log in with SSO"
   Links: (none)
   Headings (3):
     <h1> Log in to Planka
     <h1> Planka
     <h2> Project management
   ═══════════════════════════════════════════════════════════════════════════

   → Planka REQUEST: GET https://auth.datamancy.net/api/oidc/authorization?client_id=planka&scope=openid%20profile%20email%20groups&response_type=code&redirect_uri=https%3A%2F%2Fplanka.datamancy.net%2Foidc-callback&response_mode=fragment&state=HxVIm40vCUjMDcsBMkOVW&nonce=vvkR8AO_dTJeRSjUoKgwp
   ← Planka RESPONSE: 302 https://auth.datamancy.net/api/oidc/authorization?client_id=planka&scope=openid%20profile%20email%20groups&response_type=code&redirect_uri=https%3A%2F%2Fplanka.datamancy.net%2Foidc-callback&response_mode=fragment&state=HxVIm40vCUjMDcsBMkOVW&nonce=vvkR8AO_dTJeRSjUoKgwp
   → Planka REQUEST: GET https://auth.datamancy.net/?flow=openid_connect&flow_id=fd7b3ccc-2476-431c-a71e-6034b5bc149e
   ← Planka RESPONSE: 200 https://auth.datamancy.net/?flow=openid_connect&flow_id=fd7b3ccc-2476-431c-a71e-6034b5bc149e
   ✓ Clicked OIDC button: SSO
   ✓ Redirected to Authelia: https://auth.datamancy.net/?flow=openid_connect&flow_id=fd7b3ccc-2476-431c-a71e-6034b5bc149e


🔐 Logging in with Authelia as: plmm9wag53i8v

   📊 Authelia Login Page Telemetry:
   ═══════════════════════════════════════════════════════════════════════════
   URL:   https://auth.datamancy.net/?flow=openid_connect&flow_id=fd7b3ccc-2476-431c-a71e-6034b5bc149e
   Title: ""
   ───────────────────────────────────────────────────────────────────────────
   Inputs: (none)
   Buttons: (none)
   Links: (none)
   ═══════════════════════════════════════════════════════════════════════════

   ✓ Username entered
   ✓ Password entered
   ✓ Submit clicked and auth response received
   ✓ Redirected to: https://auth.datamancy.net/?flow=openid_connect&flow_id=fd7b3ccc-2476-431c-a71e-6034b5bc149e

🔍 Checking for OIDC consent screen...
   → Planka REQUEST: GET https://auth.datamancy.net/api/oidc/authorization?client_id=planka&consent_id=fd7b3ccc-2476-431c-a71e-6034b5bc149e&nonce=vvkR8AO_dTJeRSjUoKgwp&redirect_uri=https%3A%2F%2Fplanka.datamancy.net%2Foidc-callback&response_mode=fragment&response_type=code&scope=openid+profile+email+groups&state=HxVIm40vCUjMDcsBMkOVW
   ← Planka RESPONSE: 302 https://auth.datamancy.net/api/oidc/authorization?client_id=planka&consent_id=fd7b3ccc-2476-431c-a71e-6034b5bc149e&nonce=vvkR8AO_dTJeRSjUoKgwp&redirect_uri=https%3A%2F%2Fplanka.datamancy.net%2Foidc-callback&response_mode=fragment&response_type=code&scope=openid+profile+email+groups&state=HxVIm40vCUjMDcsBMkOVW
   → Planka REQUEST: GET https://auth.datamancy.net/consent/openid/decision?flow=openid_connect&flow_id=fd7b3ccc-2476-431c-a71e-6034b5bc149e
   ← Planka RESPONSE: 200 https://auth.datamancy.net/consent/openid/decision?flow=openid_connect&flow_id=fd7b3ccc-2476-431c-a71e-6034b5bc149e
   ✓ Consent screen URL detected

   📊 Consent Screen Telemetry:
   ═══════════════════════════════════════════════════════════════════════════
   URL:   https://auth.datamancy.net/consent/openid/decision?flow=openid_connect&flow_id=fd7b3ccc-2476-431c-a71e-6034b5bc149e
   Title: "Login - Authelia"
   ───────────────────────────────────────────────────────────────────────────
   Inputs: (none)
   Buttons (5):
     [0] type="button" text="English"
         id="language-button"
         aria-label="Language"
     [1] type="button" text="Logout"
         id="logout-button"
         aria-label="Logout and clear any current flow"
     [2] type="button" text="Switch User"
         id="switch-user-button"
         aria-label="Logout and continue the current flow"
     [3] type="button" text="Accept"
         id="openid-consent-accept"
     [4] type="button" text="Deny"
         id="openid-consent-deny"
   Links (showing first 10 of 1):
     [0] "Powered by Authelia" → https://www.authelia.com
   ARIA Roles: tooltip(1)
   ═══════════════════════════════════════════════════════════════════════════

   ✓ Consent button found
   ✓ Consent granted

   → Planka REQUEST: GET https://auth.datamancy.net/api/oidc/authorization?client_id=planka&consent_id=fd7b3ccc-2476-431c-a71e-6034b5bc149e&nonce=vvkR8AO_dTJeRSjUoKgwp&redirect_uri=https%3A%2F%2Fplanka.datamancy.net%2Foidc-callback&response_mode=fragment&response_type=code&scope=openid+profile+email+groups&state=HxVIm40vCUjMDcsBMkOVW
   ← Planka RESPONSE: 303 https://auth.datamancy.net/api/oidc/authorization?client_id=planka&consent_id=fd7b3ccc-2476-431c-a71e-6034b5bc149e&nonce=vvkR8AO_dTJeRSjUoKgwp&redirect_uri=https%3A%2F%2Fplanka.datamancy.net%2Foidc-callback&response_mode=fragment&response_type=code&scope=openid+profile+email+groups&state=HxVIm40vCUjMDcsBMkOVW
   → Planka REQUEST: GET https://planka.datamancy.net/oidc-callback
   ← Planka RESPONSE: 200 https://planka.datamancy.net/oidc-callback

   📊 Planka Dashboard Telemetry:
   ═══════════════════════════════════════════════════════════════════════════
   URL:   https://planka.datamancy.net/login
   Title: "Planka"
   ───────────────────────────────────────────────────────────────────────────
   Inputs (2):
     [0] type="text" name="emailOrUsername" id=""
     [1] type="password" name="password" id=""
   Buttons (2):
     [0] type="" text="Log in"
     [1] type="button" text="Log in with SSO"
   Links: (none)
   Headings (3):
     <h1> Log in to Planka
     <h1> Planka
     <h2> Project management
   ═══════════════════════════════════════════════════════════════════════════

   ⏳ Detected disallowed state for Planka, waiting for redirect... (1/5)
   ⏳ Waiting for Planka UI to render... (2/5)
   ⏳ Waiting for Planka UI to render... (3/5)
   ⏳ Waiting for Planka UI to render... (4/5)
   ⚠️  Pattern match failed for Planka
   Title: "Planka"
   Pattern: /Boards|Projects|Add board|Create board|New board/i
   Body length: 912 chars

[[ATTACHMENT|oidc-services-OIDC-Service-79590-ow-Planka---OIDC-login-flow-chromium/test-failed-1.png]]

[[ATTACHMENT|oidc-services-OIDC-Service-79590-ow-Planka---OIDC-login-flow-chromium/video.webm]]

[[ATTACHMENT|oidc-services-OIDC-Service-79590-ow-Planka---OIDC-login-flow-chromium/error-context.md]]
]]>
</system-out>
</testcase>
<testcase name="OIDC Services - SSO Flow › Vaultwarden - OIDC login flow" classname="oidc-services.spec.ts" time="14.705">
<failure message="oidc-services.spec.ts:311:7 Vaultwarden - OIDC login flow" type="FAILURE">
<![CDATA[  [chromium] › oidc-services.spec.ts:311:7 › OIDC Services - SSO Flow › Vaultwarden - OIDC login flow 

    Error: Expected authenticated Vaultwarden page but found disallowed state. Page content matched disallowed pattern: /Single sign-on|SSO identifier|Loading/i

      206 |         ? `URL matched disallowed pattern: ${disallowedUrl}`
      207 |         : `Page content matched disallowed pattern: ${disallowedMatch}`;
    > 208 |       throw new Error(`Expected authenticated ${serviceName} page but found disallowed state. ${reason}`);
          |             ^
      209 |     }
      210 |
      211 |     if (matchesPattern) {
        at testOIDCService (/app/playwright-tests/tests/oidc-services.spec.ts:208:13)
        at /app/playwright-tests/tests/oidc-services.spec.ts:313:5

    attachment #1: screenshot (image/png) ──────────────────────────────────────────────────────────
    ../test-results/oidc-services-OIDC-Service-eb64f-ultwarden---OIDC-login-flow-chromium/test-failed-1.png
    ────────────────────────────────────────────────────────────────────────────────────────────────

    attachment #2: screenshot (image/png) ──────────────────────────────────────────────────────────
    ../test-results/oidc-services-OIDC-Service-eb64f-ultwarden---OIDC-login-flow-chromium/test-failed-2.png
    ────────────────────────────────────────────────────────────────────────────────────────────────

    attachment #3: video (video/webm) ──────────────────────────────────────────────────────────────
    ../test-results/oidc-services-OIDC-Service-eb64f-ultwarden---OIDC-login-flow-chromium/video.webm
    ────────────────────────────────────────────────────────────────────────────────────────────────

    attachment #4: video (video/webm) ──────────────────────────────────────────────────────────────
    ../test-results/oidc-services-OIDC-Service-eb64f-ultwarden---OIDC-login-flow-chromium/video-1.webm
    ────────────────────────────────────────────────────────────────────────────────────────────────

    Error Context: ../test-results/oidc-services-OIDC-Service-eb64f-ultwarden---OIDC-login-flow-chromium/error-context.md
]]>
</failure>
<system-out>
<![CDATA[
🧪 Testing Vaultwarden OIDC login
   → Vaultwarden REQUEST: GET https://vaultwarden.datamancy.net/
   ← Vaultwarden RESPONSE: 302 https://vaultwarden.datamancy.net/
   → Vaultwarden REQUEST: GET https://app.vaultwarden.datamancy.net/
   ← Vaultwarden RESPONSE: 200 https://app.vaultwarden.datamancy.net/

   📊 Vaultwarden Login Page Telemetry:
   ═══════════════════════════════════════════════════════════════════════════
   URL:   https://app.vaultwarden.datamancy.net/#/sso?identifier=datamancy.net
   Title: "Vaultwarden Web"
   ───────────────────────────────────────────────────────────────────────────
   Inputs: (none)
   Buttons: (none)
   Links: (none)
   ═══════════════════════════════════════════════════════════════════════════


🔗 Initiating OIDC login with: Authelia

   📊 Service Login Page (pre-OIDC) Telemetry:
   ═══════════════════════════════════════════════════════════════════════════
   URL:   https://app.vaultwarden.datamancy.net/#/sso?identifier=datamancy.net
   Title: "Vaultwarden Web"
   ───────────────────────────────────────────────────────────────────────────
   Inputs: (none)
   Buttons: (none)
   Links (showing first 10 of 1):
   → Vaultwarden REQUEST: GET https://app.vaultwarden.datamancy.net/identity/connect/authorize?client_id=web&redirect_uri=https%3A%2F%2Fapp.vaultwarden.datamancy.net%2Fsso-connector.html&response_type=code&scope=api%20offline_access&state=q1zJo6SXGFqCrMrj0oXQfqoOcp29rf26kgDBCmNLj7YAgo0npLAzIqK28x7XnhFG_identifier=datamancy.net&code_challenge=HHSsBnQ8M-mOmushtO1YXjUeTSh2xopYKPaPUun-qbo&code_challenge_method=S256&response_mode=query&domain_hint=datamancy.net&ssoToken=eyJ0eXAiOiJKV1QiLCJhbGciOiJSUzI1NiJ9.eyJuYmYiOjE3NzI0OTkyNTgsImV4cCI6MTc3MjQ5OTM3OCwiaXNzIjoiaHR0cHM6Ly9hcHAudmF1bHR3YXJkZW4uZGF0YW1hbmN5Lm5ldHxzc28iLCJzdWIiOiJ2YXVsdHdhcmRlbiJ9.A5LgU3WvgcFGsIYkbqiiSpXVppwtXNnUMd7CVgZdBVCgFejFYWH4Mm3wGw7bYOV3Qxkfb5QKgFU8Kx8yaxBsXMu_OBbaXtMj0ICB04sndSrx-LWuF_DTNSE3vuFFH_yUCsOqaQvHsPkaoC3fQF0paARh6YF3UNWgRoFjdKfargVMA_rndw_74RZObMZWwzHGIgr970rBcmiBXiX46xZUS7QWbL0kka_24W9A6C8XG6fmxXcOCH-ahxwiokqCF7xpFDWGsEQ_gLTdrnp9eDN4rF4Pnp7OXroeEvkLoZtN4ZPsbUD_s1ucEx1EiIIt8By7rCQNu3C3m4DI1w_ZPnVNDA
   ← Vaultwarden RESPONSE: 307 https://app.vaultwarden.datamancy.net/identity/connect/authorize?client_id=web&redirect_uri=https%3A%2F%2Fapp.vaultwarden.datamancy.net%2Fsso-connector.html&response_type=code&scope=api%20offline_access&state=q1zJo6SXGFqCrMrj0oXQfqoOcp29rf26kgDBCmNLj7YAgo0npLAzIqK28x7XnhFG_identifier=datamancy.net&code_challenge=HHSsBnQ8M-mOmushtO1YXjUeTSh2xopYKPaPUun-qbo&code_challenge_method=S256&response_mode=query&domain_hint=datamancy.net&ssoToken=eyJ0eXAiOiJKV1QiLCJhbGciOiJSUzI1NiJ9.eyJuYmYiOjE3NzI0OTkyNTgsImV4cCI6MTc3MjQ5OTM3OCwiaXNzIjoiaHR0cHM6Ly9hcHAudmF1bHR3YXJkZW4uZGF0YW1hbmN5Lm5ldHxzc28iLCJzdWIiOiJ2YXVsdHdhcmRlbiJ9.A5LgU3WvgcFGsIYkbqiiSpXVppwtXNnUMd7CVgZdBVCgFejFYWH4Mm3wGw7bYOV3Qxkfb5QKgFU8Kx8yaxBsXMu_OBbaXtMj0ICB04sndSrx-LWuF_DTNSE3vuFFH_yUCsOqaQvHsPkaoC3fQF0paARh6YF3UNWgRoFjdKfargVMA_rndw_74RZObMZWwzHGIgr970rBcmiBXiX46xZUS7QWbL0kka_24W9A6C8XG6fmxXcOCH-ahxwiokqCF7xpFDWGsEQ_gLTdrnp9eDN4rF4Pnp7OXroeEvkLoZtN4ZPsbUD_s1ucEx1EiIIt8By7rCQNu3C3m4DI1w_ZPnVNDA
   → Vaultwarden REQUEST: GET https://auth.datamancy.net/api/oidc/authorization?response_type=code&client_id=vaultwarden&state=cTF6Sm82U1hHRnFDck1yajBvWFFmcW9PY3AyOXJmMjZrZ0RCQ21OTGo3WUFnbzBucExBeklxSzI4eDdYbmhGR19pZGVudGlmaWVyPWRhdGFtYW5jeS5uZXQ%3D&redirect_uri=https%3A%2F%2Fapp.vaultwarden.datamancy.net%2Fidentity%2Fconnect%2Foidc-signin&scope=openid+openid+email+profile&code_challenge=HHSsBnQ8M-mOmushtO1YXjUeTSh2xopYKPaPUun-qbo&code_challenge_method=S256&nonce=vi0kLoi9O-PG9WggGY0mHA
   ← Vaultwarden RESPONSE: 302 https://auth.datamancy.net/api/oidc/authorization?response_type=code&client_id=vaultwarden&state=cTF6Sm82U1hHRnFDck1yajBvWFFmcW9PY3AyOXJmMjZrZ0RCQ21OTGo3WUFnbzBucExBeklxSzI4eDdYbmhGR19pZGVudGlmaWVyPWRhdGFtYW5jeS5uZXQ%3D&redirect_uri=https%3A%2F%2Fapp.vaultwarden.datamancy.net%2Fidentity%2Fconnect%2Foidc-signin&scope=openid+openid+email+profile&code_challenge=HHSsBnQ8M-mOmushtO1YXjUeTSh2xopYKPaPUun-qbo&code_challenge_method=S256&nonce=vi0kLoi9O-PG9WggGY0mHA
   → Vaultwarden REQUEST: GET https://auth.datamancy.net/?flow=openid_connect&flow_id=c3bebf0c-967e-4094-a87d-150ac58e9993
   ← Vaultwarden RESPONSE: 200 https://auth.datamancy.net/?flow=openid_connect&flow_id=c3bebf0c-967e-4094-a87d-150ac58e9993
     [0] "Powered by Authelia" → #/
   ═══════════════════════════════════════════════════════════════════════════

   ✓ Clicked OIDC button: Authelia
   ✓ Redirected to Authelia: https://auth.datamancy.net/?flow=openid_connect&flow_id=c3bebf0c-967e-4094-a87d-150ac58e9993


🔐 Logging in with Authelia as: plmm9wag53i8v

   📊 Authelia Login Page Telemetry:
   ═══════════════════════════════════════════════════════════════════════════
   URL:   https://auth.datamancy.net/?flow=openid_connect&flow_id=c3bebf0c-967e-4094-a87d-150ac58e9993
   Title: "Login - Authelia"
   ───────────────────────────────────────────────────────────────────────────
   Inputs (3):
     [0] type="text" name="" id="username-textfield"
         class="MuiInputBase-input MuiOutlinedInput-input mui-c3zi..."
     [1] type="password" name="" id="password-textfield"
         class="MuiInputBase-input MuiOutlinedInput-input MuiInput..."
     [2] type="checkbox" name="" id="remember-checkbox"
         class="PrivateSwitchBase-input mui-j8yymo"
   Buttons (4):
     [0] type="button" text="English"
         id="language-button"
         aria-label="Language"
     [1] type="button" text=""
         aria-label="toggle password visibility"
     [2] type="button" text="Sign in"
         id="sign-in-button"
     [3] type="" text="Reset password?"
         id="reset-password-button"
   Links (showing first 10 of 1):
     [0] "Powered by Authelia" → https://www.authelia.com
   ═══════════════════════════════════════════════════════════════════════════

   ✓ Username entered
   ✓ Password entered
   ✓ Submit clicked and auth response received
   ✓ Redirected to: https://auth.datamancy.net/?flow=openid_connect&flow_id=c3bebf0c-967e-4094-a87d-150ac58e9993

🔍 Checking for OIDC consent screen...
   → Vaultwarden REQUEST: GET https://auth.datamancy.net/api/oidc/authorization?client_id=vaultwarden&code_challenge=HHSsBnQ8M-mOmushtO1YXjUeTSh2xopYKPaPUun-qbo&code_challenge_method=S256&consent_id=c3bebf0c-967e-4094-a87d-150ac58e9993&nonce=vi0kLoi9O-PG9WggGY0mHA&redirect_uri=https%3A%2F%2Fapp.vaultwarden.datamancy.net%2Fidentity%2Fconnect%2Foidc-signin&response_type=code&scope=openid+openid+email+profile&state=cTF6Sm82U1hHRnFDck1yajBvWFFmcW9PY3AyOXJmMjZrZ0RCQ21OTGo3WUFnbzBucExBeklxSzI4eDdYbmhGR19pZGVudGlmaWVyPWRhdGFtYW5jeS5uZXQ%3D
   ← Vaultwarden RESPONSE: 302 https://auth.datamancy.net/api/oidc/authorization?client_id=vaultwarden&code_challenge=HHSsBnQ8M-mOmushtO1YXjUeTSh2xopYKPaPUun-qbo&code_challenge_method=S256&consent_id=c3bebf0c-967e-4094-a87d-150ac58e9993&nonce=vi0kLoi9O-PG9WggGY0mHA&redirect_uri=https%3A%2F%2Fapp.vaultwarden.datamancy.net%2Fidentity%2Fconnect%2Foidc-signin&response_type=code&scope=openid+openid+email+profile&state=cTF6Sm82U1hHRnFDck1yajBvWFFmcW9PY3AyOXJmMjZrZ0RCQ21OTGo3WUFnbzBucExBeklxSzI4eDdYbmhGR19pZGVudGlmaWVyPWRhdGFtYW5jeS5uZXQ%3D
   → Vaultwarden REQUEST: GET https://auth.datamancy.net/consent/openid/decision?flow=openid_connect&flow_id=c3bebf0c-967e-4094-a87d-150ac58e9993
   ← Vaultwarden RESPONSE: 200 https://auth.datamancy.net/consent/openid/decision?flow=openid_connect&flow_id=c3bebf0c-967e-4094-a87d-150ac58e9993
   ✓ Consent screen URL detected

   📊 Consent Screen Telemetry:
   ═══════════════════════════════════════════════════════════════════════════
   URL:   https://auth.datamancy.net/consent/openid/decision?flow=openid_connect&flow_id=c3bebf0c-967e-4094-a87d-150ac58e9993
   Title: "Login - Authelia"
   ───────────────────────────────────────────────────────────────────────────
   Inputs: (none)
   Buttons (5):
     [0] type="button" text="English"
         id="language-button"
         aria-label="Language"
     [1] type="button" text="Logout"
         id="logout-button"
         aria-label="Logout and clear any current flow"
     [2] type="button" text="Switch User"
         id="switch-user-button"
         aria-label="Logout and continue the current flow"
     [3] type="button" text="Accept"
         id="openid-consent-accept"
     [4] type="button" text="Deny"
         id="openid-consent-deny"
   Links (showing first 10 of 1):
     [0] "Powered by Authelia" → https://www.authelia.com
   ARIA Roles: tooltip(1)
   ═══════════════════════════════════════════════════════════════════════════

   ✓ Consent button found
   ✓ Consent granted

   → Vaultwarden REQUEST: GET https://auth.datamancy.net/api/oidc/authorization?client_id=vaultwarden&code_challenge=HHSsBnQ8M-mOmushtO1YXjUeTSh2xopYKPaPUun-qbo&code_challenge_method=S256&consent_id=c3bebf0c-967e-4094-a87d-150ac58e9993&nonce=vi0kLoi9O-PG9WggGY0mHA&redirect_uri=https%3A%2F%2Fapp.vaultwarden.datamancy.net%2Fidentity%2Fconnect%2Foidc-signin&response_type=code&scope=openid+openid+email+profile&state=cTF6Sm82U1hHRnFDck1yajBvWFFmcW9PY3AyOXJmMjZrZ0RCQ21OTGo3WUFnbzBucExBeklxSzI4eDdYbmhGR19pZGVudGlmaWVyPWRhdGFtYW5jeS5uZXQ%3D
   ← Vaultwarden RESPONSE: 303 https://auth.datamancy.net/api/oidc/authorization?client_id=vaultwarden&code_challenge=HHSsBnQ8M-mOmushtO1YXjUeTSh2xopYKPaPUun-qbo&code_challenge_method=S256&consent_id=c3bebf0c-967e-4094-a87d-150ac58e9993&nonce=vi0kLoi9O-PG9WggGY0mHA&redirect_uri=https%3A%2F%2Fapp.vaultwarden.datamancy.net%2Fidentity%2Fconnect%2Foidc-signin&response_type=code&scope=openid+openid+email+profile&state=cTF6Sm82U1hHRnFDck1yajBvWFFmcW9PY3AyOXJmMjZrZ0RCQ21OTGo3WUFnbzBucExBeklxSzI4eDdYbmhGR19pZGVudGlmaWVyPWRhdGFtYW5jeS5uZXQ%3D
   → Vaultwarden REQUEST: GET https://app.vaultwarden.datamancy.net/identity/connect/oidc-signin?code=authelia_ac_2_QyzVU3eEqB6E5RB6Hb44NdznO1_9aB3ugiIe24qFE.cy93K4ahXkPRQ4Tt0Tjo3M4YctHFHoQVXdlpmuAEdE8&iss=https%3A%2F%2Fauth.datamancy.net&scope=openid+email+profile&state=cTF6Sm82U1hHRnFDck1yajBvWFFmcW9PY3AyOXJmMjZrZ0RCQ21OTGo3WUFnbzBucExBeklxSzI4eDdYbmhGR19pZGVudGlmaWVyPWRhdGFtYW5jeS5uZXQ%3D
   ← Vaultwarden RESPONSE: 307 https://app.vaultwarden.datamancy.net/identity/connect/oidc-signin?code=authelia_ac_2_QyzVU3eEqB6E5RB6Hb44NdznO1_9aB3ugiIe24qFE.cy93K4ahXkPRQ4Tt0Tjo3M4YctHFHoQVXdlpmuAEdE8&iss=https%3A%2F%2Fauth.datamancy.net&scope=openid+email+profile&state=cTF6Sm82U1hHRnFDck1yajBvWFFmcW9PY3AyOXJmMjZrZ0RCQ21OTGo3WUFnbzBucExBeklxSzI4eDdYbmhGR19pZGVudGlmaWVyPWRhdGFtYW5jeS5uZXQ%3D
   → Vaultwarden REQUEST: GET https://app.vaultwarden.datamancy.net/sso-connector.html?code=q1zJo6SXGFqCrMrj0oXQfqoOcp29rf26kgDBCmNLj7YAgo0npLAzIqK28x7XnhFG_identifier%3Ddatamancy.net&state=q1zJo6SXGFqCrMrj0oXQfqoOcp29rf26kgDBCmNLj7YAgo0npLAzIqK28x7XnhFG_identifier%3Ddatamancy.net&scope=api+offline_access&iss=https%3A%2F%2Fapp.vaultwarden.datamancy.net
   ← Vaultwarden RESPONSE: 200 https://app.vaultwarden.datamancy.net/sso-connector.html?code=q1zJo6SXGFqCrMrj0oXQfqoOcp29rf26kgDBCmNLj7YAgo0npLAzIqK28x7XnhFG_identifier%3Ddatamancy.net&state=q1zJo6SXGFqCrMrj0oXQfqoOcp29rf26kgDBCmNLj7YAgo0npLAzIqK28x7XnhFG_identifier%3Ddatamancy.net&scope=api+offline_access&iss=https%3A%2F%2Fapp.vaultwarden.datamancy.net
   → Vaultwarden REQUEST: GET https://app.vaultwarden.datamancy.net/
   ← Vaultwarden RESPONSE: 200 https://app.vaultwarden.datamancy.net/

   📊 Vaultwarden Dashboard Telemetry:
   ═══════════════════════════════════════════════════════════════════════════
   URL:   https://app.vaultwarden.datamancy.net/#/sso?code=q1zJo6SXGFqCrMrj0oXQfqoOcp29rf26kgDBCmNLj7YAgo0npLAzIqK28x7XnhFG_identifier%3Ddatamancy.net&state=q1zJo6SXGFqCrMrj0oXQfqoOcp29rf26kgDBCmNLj7YAgo0npLAzIqK28x7XnhFG_identifier%3Ddatamancy.net
   Title: "Vaultwarden Web"
   ───────────────────────────────────────────────────────────────────────────
   Inputs: (none)
   Buttons: (none)
   Links (showing first 10 of 1):
     [0] "Vaultwarden" → #/
   Headings (2):
     <h1> Single sign-on
     <h1> Single sign-on
   ARIA Roles: status(1)
   ═══════════════════════════════════════════════════════════════════════════

   ⏳ Detected disallowed state for Vaultwarden, waiting for redirect... (1/5)
   ⏳ Detected disallowed state for Vaultwarden, waiting for redirect... (2/5)
   ⏳ Detected disallowed state for Vaultwarden, waiting for redirect... (3/5)
   ⏳ Detected disallowed state for Vaultwarden, waiting for redirect... (4/5)

[[ATTACHMENT|oidc-services-OIDC-Service-eb64f-ultwarden---OIDC-login-flow-chromium/test-failed-1.png]]

[[ATTACHMENT|oidc-services-OIDC-Service-eb64f-ultwarden---OIDC-login-flow-chromium/test-failed-2.png]]

[[ATTACHMENT|oidc-services-OIDC-Service-eb64f-ultwarden---OIDC-login-flow-chromium/video.webm]]

[[ATTACHMENT|oidc-services-OIDC-Service-eb64f-ultwarden---OIDC-login-flow-chromium/video-1.webm]]

[[ATTACHMENT|oidc-services-OIDC-Service-eb64f-ultwarden---OIDC-login-flow-chromium/error-context.md]]
]]>
</system-out>
</testcase>
<testcase name="OIDC - Cross-service Session › OIDC session works across multiple services" classname="oidc-services.spec.ts" time="22.787">
<system-out>
<![CDATA[
🧪 Testing OIDC session persistence

   Logging into Grafana (first OIDC service)...

🔗 Initiating OIDC login with: Authelia

   📊 Service Login Page (pre-OIDC) Telemetry:
   ═══════════════════════════════════════════════════════════════════════════
   URL:   https://auth.datamancy.net/?rd=https%3A%2F%2Fgrafana.datamancy.net%2F&rm=GET
   Title: ""
   ───────────────────────────────────────────────────────────────────────────
   Inputs: (none)
   Buttons: (none)
   Links: (none)
   ═══════════════════════════════════════════════════════════════════════════


🔐 Logging in with Authelia as: plmm9wag53i8v

   📊 Authelia Login Page Telemetry:
   ═══════════════════════════════════════════════════════════════════════════
   URL:   https://auth.datamancy.net/?rd=https%3A%2F%2Fgrafana.datamancy.net%2F&rm=GET
   Title: ""
   ───────────────────────────────────────────────────────────────────────────
   Inputs: (none)
   Buttons: (none)
   Links: (none)
   ═══════════════════════════════════════════════════════════════════════════

   ✓ Username entered
   ✓ Password entered
   ✓ Submit clicked and auth response received
   ✓ Redirected to: https://auth.datamancy.net/?rd=https%3A%2F%2Fgrafana.datamancy.net%2F&rm=GET

🔍 Checking for OIDC consent screen...

   📊 Post-Login (No Consent) Telemetry:
   ═══════════════════════════════════════════════════════════════════════════
   ═══════════════════════════════════════════════════════════════════════════

   ℹ️  No consent screen (already granted or not required)

   ✅ Grafana login complete

   Accessing BookStack (second OIDC service)...

🔗 Initiating OIDC login with: Authelia

   📊 Service Login Page (pre-OIDC) Telemetry:
   ═══════════════════════════════════════════════════════════════════════════
   URL:   https://bookstack.datamancy.net/login
   Title: "BookStack"
   ───────────────────────────────────────────────────────────────────────────
   Inputs (1):
     [0] type="hidden" name="_token" id=""
   Buttons (2):
     [0] type="button" text=""
     [1] type="" text="Login with Authelia"
         id="oidc-login"
   Links (showing first 10 of 3):
     [0] "Skip to main content" → #main-content
     [1] "BookStack" → https://bookstack.datamancy.net
     [2] "Log in" → https://bookstack.datamancy.net/login
   Headings (1):
     <h1> Log In
   ARIA Roles: alert(3), presentation(10)
   ═══════════════════════════════════════════════════════════════════════════

   ✓ Clicked OIDC button: Authelia
   ⚠️  No auth redirect detected yet (continuing)
   ✅ No re-authentication needed - session shared!
🔍 Checking for OIDC consent screen...

   📊 Post-Login (No Consent) Telemetry:
   ═══════════════════════════════════════════════════════════════════════════
   URL:   https://bookstack.datamancy.net/
   Title: "BookStack"
   ───────────────────────────────────────────────────────────────────────────
   Inputs (8):
     [0] type="text" name="term" id="header-search-box-input"
         placeholder="Search"
         aria-label="Search"
     [1] type="hidden" name="_token" id=""
     [2] type="hidden" name="_method" id=""
     [3] type="hidden" name="_return" id=""
     [4] type="hidden" name="_token" id=""
     [5] type="hidden" name="_token" id=""
     [6] type="hidden" name="_method" id=""
     [7] type="hidden" name="_return" id=""
   Buttons (7):
     [0] type="button" text=""
     [1] type="submit" text=""
         id="header-search-box-button"
         aria-label="Search"
     [2] type="submit" text="View All"
     [3] type="" text="Dark Mode"
     [4] type="" text="Logout"
     [5] type="button" text="Toggle Details"
     [6] type="" text="Dark Mode"
   Links (showing first 10 of 39):
     [0] "Skip to main content" → #main-content
     [1] "BookStack" → https://bookstack.datamancy.net
     [2] "Search" → https://bookstack.datamancy.net/search
     [3] "Shelves" → https://bookstack.datamancy.net/shelves
     [4] "Books" → https://bookstack.datamancy.net/books
     [5] "My Favourites" → https://bookstack.datamancy.net/favourites
     [6] "View Profile" → https://bookstack.datamancy.net/user/test-user-plm
     [7] "My Account" → https://bookstack.datamancy.net/my-account
     [8] "Brass
            

    
    
    brass " → https://bookstack.datamancy.net/books/wikipedia-ar
     [9] "Antioxidant
            

    
    
    " → https://bookstack.datamancy.net/books/wikipedia-ar
   Headings (3):
     <h3> My Recently Viewed
     <h3> Recently Updated Pages
     <h3> Recent Activity
   ARIA Roles: alert(3), presentation(50), search(1), menu(1)
   ═══════════════════════════════════════════════════════════════════════════

   ℹ️  No consent screen (already granted or not required)


   ✅ OIDC session test complete

]]>
</system-out>
<system-err>
<![CDATA[   ⚠️  Telemetry extraction error: Error: page.title: Execution context was destroyed, most likely because of a navigation
]]>
</system-err>
</testcase>
</testsuite>
</testsuites>